CRITICAL - 2024-09-23 00:22:46 --> ErrorException: Undefined variable $idPelicula
[Method: GET, Route: precioEntrada/edit/2]
in APPPATH\Controllers\PrecioEntrada.php on line 71.
 1 APPPATH\Controllers\PrecioEntrada.php(71): CodeIgniter\Debug\Exceptions->errorHandler(2, 'Undefined variable $idPelicula', 'C:\\xampp\\htdocs\\TrabajoCine\\app\\Controllers\\PrecioEntrada.php', 71)
 2 SYSTEMPATH\CodeIgniter.php(933): App\Controllers\PrecioEntrada->edit('2')
 3 SYSTEMPATH\CodeIgniter.php(509): CodeIgniter\CodeIgniter->runController(Object(App\Controllers\PrecioEntrada))
 4 SYSTEMPATH\CodeIgniter.php(355): CodeIgniter\CodeIgniter->handleRequest(null, Object(Config\Cache), false)
 5 SYSTEMPATH\Boot.php(325): CodeIgniter\CodeIgniter->run()
 6 SYSTEMPATH\Boot.php(67): CodeIgniter\Boot::runCodeIgniter(Object(CodeIgniter\CodeIgniter))
 7 FCPATH\index.php(56): CodeIgniter\Boot::bootWeb(Object(Config\Paths))
 8 SYSTEMPATH\rewrite.php(44): require_once('C:\\xampp\\htdocs\\TrabajoCine\\public\\index.php')
INFO - 2024-09-23 00:29:09 --> Session: Class initialized using 'CodeIgniter\Session\Handlers\FileHandler' driver.
CRITICAL - 2024-09-23 00:29:25 --> ErrorException: Undefined array key "idPelicula"
[Method: POST, Route: precioEntrada/update]
in APPPATH\Controllers\PrecioEntrada.php on line 83.
 1 APPPATH\Controllers\PrecioEntrada.php(83): CodeIgniter\Debug\Exceptions->errorHandler(2, 'Undefined array key "idPelicula"', 'C:\\xampp\\htdocs\\TrabajoCine\\app\\Controllers\\PrecioEntrada.php', 83)
 2 SYSTEMPATH\CodeIgniter.php(933): App\Controllers\PrecioEntrada->update()
 3 SYSTEMPATH\CodeIgniter.php(509): CodeIgniter\CodeIgniter->runController(Object(App\Controllers\PrecioEntrada))
 4 SYSTEMPATH\CodeIgniter.php(355): CodeIgniter\CodeIgniter->handleRequest(null, Object(Config\Cache), false)
 5 SYSTEMPATH\Boot.php(325): CodeIgniter\CodeIgniter->run()
 6 SYSTEMPATH\Boot.php(67): CodeIgniter\Boot::runCodeIgniter(Object(CodeIgniter\CodeIgniter))
 7 FCPATH\index.php(56): CodeIgniter\Boot::bootWeb(Object(Config\Paths))
 8 SYSTEMPATH\rewrite.php(44): require_once('C:\\xampp\\htdocs\\TrabajoCine\\public\\index.php')
INFO - 2024-09-23 00:31:37 --> Session: Class initialized using 'CodeIgniter\Session\Handlers\FileHandler' driver.
INFO - 2024-09-23 00:31:46 --> Session: Class initialized using 'CodeIgniter\Session\Handlers\FileHandler' driver.
INFO - 2024-09-23 01:03:08 --> Session: Class initialized using 'CodeIgniter\Session\Handlers\FileHandler' driver.
INFO - 2024-09-23 02:30:55 --> Session: Class initialized using 'CodeIgniter\Session\Handlers\FileHandler' driver.
CRITICAL - 2024-09-23 02:30:55 --> ErrorException: Undefined variable $precioED
[Method: GET, Route: ventas/add/]
in APPPATH\Views\ventas\add.php on line 54.
 1 APPPATH\Views\ventas\add.php(54): CodeIgniter\Debug\Exceptions->errorHandler(2, 'Undefined variable $precioED', 'C:\\xampp\\htdocs\\TrabajoCine\\app\\Views\\ventas\\add.php', 54)
 2 SYSTEMPATH\View\View.php(234): include('C:\\xampp\\htdocs\\TrabajoCine\\app\\Views\\ventas\\add.php')
 3 SYSTEMPATH\View\View.php(237): CodeIgniter\View\View->CodeIgniter\View\{closure}()
 4 SYSTEMPATH\Common.php(1171): CodeIgniter\View\View->render('ventas/add', [], true)
 5 APPPATH\Controllers\Ventas.php(42): view('ventas/add', [...])
 6 SYSTEMPATH\CodeIgniter.php(933): App\Controllers\Ventas->add()
 7 SYSTEMPATH\CodeIgniter.php(509): CodeIgniter\CodeIgniter->runController(Object(App\Controllers\Ventas))
 8 SYSTEMPATH\CodeIgniter.php(355): CodeIgniter\CodeIgniter->handleRequest(null, Object(Config\Cache), false)
 9 SYSTEMPATH\Boot.php(325): CodeIgniter\CodeIgniter->run()
10 SYSTEMPATH\Boot.php(67): CodeIgniter\Boot::runCodeIgniter(Object(CodeIgniter\CodeIgniter))
11 FCPATH\index.php(56): CodeIgniter\Boot::bootWeb(Object(Config\Paths))
12 SYSTEMPATH\rewrite.php(44): require_once('C:\\xampp\\htdocs\\TrabajoCine\\public\\index.php')
INFO - 2024-09-23 02:31:02 --> Session: Class initialized using 'CodeIgniter\Session\Handlers\FileHandler' driver.
CRITICAL - 2024-09-23 02:31:02 --> ErrorException: Undefined variable $precioED
[Method: GET, Route: ventas/add/]
in APPPATH\Views\ventas\add.php on line 54.
 1 APPPATH\Views\ventas\add.php(54): CodeIgniter\Debug\Exceptions->errorHandler(2, 'Undefined variable $precioED', 'C:\\xampp\\htdocs\\TrabajoCine\\app\\Views\\ventas\\add.php', 54)
 2 SYSTEMPATH\View\View.php(234): include('C:\\xampp\\htdocs\\TrabajoCine\\app\\Views\\ventas\\add.php')
 3 SYSTEMPATH\View\View.php(237): CodeIgniter\View\View->CodeIgniter\View\{closure}()
 4 SYSTEMPATH\Common.php(1171): CodeIgniter\View\View->render('ventas/add', [], true)
 5 APPPATH\Controllers\Ventas.php(42): view('ventas/add', [...])
 6 SYSTEMPATH\CodeIgniter.php(933): App\Controllers\Ventas->add()
 7 SYSTEMPATH\CodeIgniter.php(509): CodeIgniter\CodeIgniter->runController(Object(App\Controllers\Ventas))
 8 SYSTEMPATH\CodeIgniter.php(355): CodeIgniter\CodeIgniter->handleRequest(null, Object(Config\Cache), false)
 9 SYSTEMPATH\Boot.php(325): CodeIgniter\CodeIgniter->run()
10 SYSTEMPATH\Boot.php(67): CodeIgniter\Boot::runCodeIgniter(Object(CodeIgniter\CodeIgniter))
11 FCPATH\index.php(56): CodeIgniter\Boot::bootWeb(Object(Config\Paths))
12 SYSTEMPATH\rewrite.php(44): require_once('C:\\xampp\\htdocs\\TrabajoCine\\public\\index.php')
INFO - 2024-09-23 02:31:42 --> Session: Class initialized using 'CodeIgniter\Session\Handlers\FileHandler' driver.
CRITICAL - 2024-09-23 02:31:42 --> ErrorException: Undefined variable $precioED
[Method: GET, Route: ventas/add/]
in APPPATH\Views\ventas\add.php on line 54.
 1 APPPATH\Views\ventas\add.php(54): CodeIgniter\Debug\Exceptions->errorHandler(2, 'Undefined variable $precioED', 'C:\\xampp\\htdocs\\TrabajoCine\\app\\Views\\ventas\\add.php', 54)
 2 SYSTEMPATH\View\View.php(234): include('C:\\xampp\\htdocs\\TrabajoCine\\app\\Views\\ventas\\add.php')
 3 SYSTEMPATH\View\View.php(237): CodeIgniter\View\View->CodeIgniter\View\{closure}()
 4 SYSTEMPATH\Common.php(1171): CodeIgniter\View\View->render('ventas/add', [], true)
 5 APPPATH\Controllers\Ventas.php(42): view('ventas/add', [...])
 6 SYSTEMPATH\CodeIgniter.php(933): App\Controllers\Ventas->add()
 7 SYSTEMPATH\CodeIgniter.php(509): CodeIgniter\CodeIgniter->runController(Object(App\Controllers\Ventas))
 8 SYSTEMPATH\CodeIgniter.php(355): CodeIgniter\CodeIgniter->handleRequest(null, Object(Config\Cache), false)
 9 SYSTEMPATH\Boot.php(325): CodeIgniter\CodeIgniter->run()
10 SYSTEMPATH\Boot.php(67): CodeIgniter\Boot::runCodeIgniter(Object(CodeIgniter\CodeIgniter))
11 FCPATH\index.php(56): CodeIgniter\Boot::bootWeb(Object(Config\Paths))
12 SYSTEMPATH\rewrite.php(44): require_once('C:\\xampp\\htdocs\\TrabajoCine\\public\\index.php')
INFO - 2024-09-23 02:32:38 --> Session: Class initialized using 'CodeIgniter\Session\Handlers\FileHandler' driver.
INFO - 2024-09-23 02:32:41 --> Session: Class initialized using 'CodeIgniter\Session\Handlers\FileHandler' driver.
INFO - 2024-09-23 02:32:55 --> Session: Class initialized using 'CodeIgniter\Session\Handlers\FileHandler' driver.
INFO - 2024-09-23 02:34:24 --> Session: Class initialized using 'CodeIgniter\Session\Handlers\FileHandler' driver.
CRITICAL - 2024-09-23 02:34:24 --> ErrorException: Undefined variable $funcionesD
[Method: POST, Route: ventas/insert]
in APPPATH\Views\ventas\add.php on line 15.
 1 APPPATH\Views\ventas\add.php(15): CodeIgniter\Debug\Exceptions->errorHandler(2, 'Undefined variable $funcionesD', 'C:\\xampp\\htdocs\\TrabajoCine\\app\\Views\\ventas\\add.php', 15)
 2 SYSTEMPATH\View\View.php(234): include('C:\\xampp\\htdocs\\TrabajoCine\\app\\Views\\ventas\\add.php')
 3 SYSTEMPATH\View\View.php(237): CodeIgniter\View\View->CodeIgniter\View\{closure}()
 4 SYSTEMPATH\Common.php(1171): CodeIgniter\View\View->render('ventas/add', [], true)
 5 APPPATH\Controllers\Ventas.php(71): view('ventas/add', [...])
 6 SYSTEMPATH\CodeIgniter.php(933): App\Controllers\Ventas->insert()
 7 SYSTEMPATH\CodeIgniter.php(509): CodeIgniter\CodeIgniter->runController(Object(App\Controllers\Ventas))
 8 SYSTEMPATH\CodeIgniter.php(355): CodeIgniter\CodeIgniter->handleRequest(null, Object(Config\Cache), false)
 9 SYSTEMPATH\Boot.php(325): CodeIgniter\CodeIgniter->run()
10 SYSTEMPATH\Boot.php(67): CodeIgniter\Boot::runCodeIgniter(Object(CodeIgniter\CodeIgniter))
11 FCPATH\index.php(56): CodeIgniter\Boot::bootWeb(Object(Config\Paths))
12 SYSTEMPATH\rewrite.php(44): require_once('C:\\xampp\\htdocs\\TrabajoCine\\public\\index.php')
INFO - 2024-09-23 02:34:39 --> Session: Class initialized using 'CodeIgniter\Session\Handlers\FileHandler' driver.
INFO - 2024-09-23 02:36:12 --> Session: Class initialized using 'CodeIgniter\Session\Handlers\FileHandler' driver.
CRITICAL - 2024-09-23 02:36:12 --> ErrorException: Undefined variable $funcionesD
[Method: POST, Route: ventas/insert]
in APPPATH\Views\ventas\add.php on line 15.
 1 APPPATH\Views\ventas\add.php(15): CodeIgniter\Debug\Exceptions->errorHandler(2, 'Undefined variable $funcionesD', 'C:\\xampp\\htdocs\\TrabajoCine\\app\\Views\\ventas\\add.php', 15)
 2 SYSTEMPATH\View\View.php(234): include('C:\\xampp\\htdocs\\TrabajoCine\\app\\Views\\ventas\\add.php')
 3 SYSTEMPATH\View\View.php(237): CodeIgniter\View\View->CodeIgniter\View\{closure}()
 4 SYSTEMPATH\Common.php(1171): CodeIgniter\View\View->render('ventas/add', [], true)
 5 APPPATH\Controllers\Ventas.php(71): view('ventas/add', [...])
 6 SYSTEMPATH\CodeIgniter.php(933): App\Controllers\Ventas->insert()
 7 SYSTEMPATH\CodeIgniter.php(509): CodeIgniter\CodeIgniter->runController(Object(App\Controllers\Ventas))
 8 SYSTEMPATH\CodeIgniter.php(355): CodeIgniter\CodeIgniter->handleRequest(null, Object(Config\Cache), false)
 9 SYSTEMPATH\Boot.php(325): CodeIgniter\CodeIgniter->run()
10 SYSTEMPATH\Boot.php(67): CodeIgniter\Boot::runCodeIgniter(Object(CodeIgniter\CodeIgniter))
11 FCPATH\index.php(56): CodeIgniter\Boot::bootWeb(Object(Config\Paths))
12 SYSTEMPATH\rewrite.php(44): require_once('C:\\xampp\\htdocs\\TrabajoCine\\public\\index.php')
INFO - 2024-09-23 02:36:18 --> Session: Class initialized using 'CodeIgniter\Session\Handlers\FileHandler' driver.
INFO - 2024-09-23 02:38:27 --> Session: Class initialized using 'CodeIgniter\Session\Handlers\FileHandler' driver.
CRITICAL - 2024-09-23 02:38:27 --> ErrorException: Undefined variable $funcionesD
[Method: POST, Route: ventas/insert]
in APPPATH\Views\ventas\add.php on line 15.
 1 APPPATH\Views\ventas\add.php(15): CodeIgniter\Debug\Exceptions->errorHandler(2, 'Undefined variable $funcionesD', 'C:\\xampp\\htdocs\\TrabajoCine\\app\\Views\\ventas\\add.php', 15)
 2 SYSTEMPATH\View\View.php(234): include('C:\\xampp\\htdocs\\TrabajoCine\\app\\Views\\ventas\\add.php')
 3 SYSTEMPATH\View\View.php(237): CodeIgniter\View\View->CodeIgniter\View\{closure}()
 4 SYSTEMPATH\Common.php(1171): CodeIgniter\View\View->render('ventas/add', [], true)
 5 APPPATH\Controllers\Ventas.php(71): view('ventas/add', [...])
 6 SYSTEMPATH\CodeIgniter.php(933): App\Controllers\Ventas->insert()
 7 SYSTEMPATH\CodeIgniter.php(509): CodeIgniter\CodeIgniter->runController(Object(App\Controllers\Ventas))
 8 SYSTEMPATH\CodeIgniter.php(355): CodeIgniter\CodeIgniter->handleRequest(null, Object(Config\Cache), false)
 9 SYSTEMPATH\Boot.php(325): CodeIgniter\CodeIgniter->run()
10 SYSTEMPATH\Boot.php(67): CodeIgniter\Boot::runCodeIgniter(Object(CodeIgniter\CodeIgniter))
11 FCPATH\index.php(56): CodeIgniter\Boot::bootWeb(Object(Config\Paths))
12 SYSTEMPATH\rewrite.php(44): require_once('C:\\xampp\\htdocs\\TrabajoCine\\public\\index.php')
INFO - 2024-09-23 02:41:10 --> Session: Class initialized using 'CodeIgniter\Session\Handlers\FileHandler' driver.
CRITICAL - 2024-09-23 02:41:10 --> ErrorException: Undefined variable $funcionesD
[Method: POST, Route: ventas/insert]
in APPPATH\Views\ventas\add.php on line 15.
 1 APPPATH\Views\ventas\add.php(15): CodeIgniter\Debug\Exceptions->errorHandler(2, 'Undefined variable $funcionesD', 'C:\\xampp\\htdocs\\TrabajoCine\\app\\Views\\ventas\\add.php', 15)
 2 SYSTEMPATH\View\View.php(234): include('C:\\xampp\\htdocs\\TrabajoCine\\app\\Views\\ventas\\add.php')
 3 SYSTEMPATH\View\View.php(237): CodeIgniter\View\View->CodeIgniter\View\{closure}()
 4 SYSTEMPATH\Common.php(1171): CodeIgniter\View\View->render('ventas/add', [], true)
 5 APPPATH\Controllers\Ventas.php(71): view('ventas/add', [...])
 6 SYSTEMPATH\CodeIgniter.php(933): App\Controllers\Ventas->insert()
 7 SYSTEMPATH\CodeIgniter.php(509): CodeIgniter\CodeIgniter->runController(Object(App\Controllers\Ventas))
 8 SYSTEMPATH\CodeIgniter.php(355): CodeIgniter\CodeIgniter->handleRequest(null, Object(Config\Cache), false)
 9 SYSTEMPATH\Boot.php(325): CodeIgniter\CodeIgniter->run()
10 SYSTEMPATH\Boot.php(67): CodeIgniter\Boot::runCodeIgniter(Object(CodeIgniter\CodeIgniter))
11 FCPATH\index.php(56): CodeIgniter\Boot::bootWeb(Object(Config\Paths))
12 SYSTEMPATH\rewrite.php(44): require_once('C:\\xampp\\htdocs\\TrabajoCine\\public\\index.php')
INFO - 2024-09-23 03:54:31 --> Session: Class initialized using 'CodeIgniter\Session\Handlers\FileHandler' driver.
CRITICAL - 2024-09-23 03:54:31 --> ErrorException: Undefined variable $funcionesD
[Method: POST, Route: ventas/insert]
in APPPATH\Views\ventas\add.php on line 15.
 1 APPPATH\Views\ventas\add.php(15): CodeIgniter\Debug\Exceptions->errorHandler(2, 'Undefined variable $funcionesD', 'C:\\xampp\\htdocs\\TrabajoCine\\app\\Views\\ventas\\add.php', 15)
 2 SYSTEMPATH\View\View.php(234): include('C:\\xampp\\htdocs\\TrabajoCine\\app\\Views\\ventas\\add.php')
 3 SYSTEMPATH\View\View.php(237): CodeIgniter\View\View->CodeIgniter\View\{closure}()
 4 SYSTEMPATH\Common.php(1171): CodeIgniter\View\View->render('ventas/add', [], true)
 5 APPPATH\Controllers\Ventas.php(72): view('ventas/add', [...])
 6 SYSTEMPATH\CodeIgniter.php(933): App\Controllers\Ventas->insert()
 7 SYSTEMPATH\CodeIgniter.php(509): CodeIgniter\CodeIgniter->runController(Object(App\Controllers\Ventas))
 8 SYSTEMPATH\CodeIgniter.php(355): CodeIgniter\CodeIgniter->handleRequest(null, Object(Config\Cache), false)
 9 SYSTEMPATH\Boot.php(325): CodeIgniter\CodeIgniter->run()
10 SYSTEMPATH\Boot.php(67): CodeIgniter\Boot::runCodeIgniter(Object(CodeIgniter\CodeIgniter))
11 FCPATH\index.php(56): CodeIgniter\Boot::bootWeb(Object(Config\Paths))
12 SYSTEMPATH\rewrite.php(44): require_once('C:\\xampp\\htdocs\\TrabajoCine\\public\\index.php')
INFO - 2024-09-23 19:30:47 --> Session: Class initialized using 'CodeIgniter\Session\Handlers\FileHandler' driver.
INFO - 2024-09-23 19:30:57 --> Session: Class initialized using 'CodeIgniter\Session\Handlers\FileHandler' driver.
INFO - 2024-09-23 19:34:26 --> Session: Class initialized using 'CodeIgniter\Session\Handlers\FileHandler' driver.
INFO - 2024-09-23 19:34:37 --> Session: Class initialized using 'CodeIgniter\Session\Handlers\FileHandler' driver.
INFO - 2024-09-23 19:34:59 --> Session: Class initialized using 'CodeIgniter\Session\Handlers\FileHandler' driver.
CRITICAL - 2024-09-23 19:34:59 --> ErrorException: Undefined variable $funcionesD
[Method: POST, Route: ventas/insert]
in APPPATH\Views\ventas\add.php on line 15.
 1 APPPATH\Views\ventas\add.php(15): CodeIgniter\Debug\Exceptions->errorHandler(2, 'Undefined variable $funcionesD', 'C:\\xampp\\htdocs\\TrabajoCine\\app\\Views\\ventas\\add.php', 15)
 2 SYSTEMPATH\View\View.php(234): include('C:\\xampp\\htdocs\\TrabajoCine\\app\\Views\\ventas\\add.php')
 3 SYSTEMPATH\View\View.php(237): CodeIgniter\View\View->CodeIgniter\View\{closure}()
 4 SYSTEMPATH\Common.php(1171): CodeIgniter\View\View->render('ventas/add', [], true)
 5 APPPATH\Controllers\Ventas.php(72): view('ventas/add', [...])
 6 SYSTEMPATH\CodeIgniter.php(933): App\Controllers\Ventas->insert()
 7 SYSTEMPATH\CodeIgniter.php(509): CodeIgniter\CodeIgniter->runController(Object(App\Controllers\Ventas))
 8 SYSTEMPATH\CodeIgniter.php(355): CodeIgniter\CodeIgniter->handleRequest(null, Object(Config\Cache), false)
 9 SYSTEMPATH\Boot.php(325): CodeIgniter\CodeIgniter->run()
10 SYSTEMPATH\Boot.php(67): CodeIgniter\Boot::runCodeIgniter(Object(CodeIgniter\CodeIgniter))
11 FCPATH\index.php(56): CodeIgniter\Boot::bootWeb(Object(Config\Paths))
12 SYSTEMPATH\rewrite.php(44): require_once('C:\\xampp\\htdocs\\TrabajoCine\\public\\index.php')
INFO - 2024-09-23 19:35:02 --> Session: Class initialized using 'CodeIgniter\Session\Handlers\FileHandler' driver.
INFO - 2024-09-23 19:35:16 --> Session: Class initialized using 'CodeIgniter\Session\Handlers\FileHandler' driver.
CRITICAL - 2024-09-23 19:35:16 --> ErrorException: Undefined variable $funcionesD
[Method: POST, Route: ventas/insert]
in APPPATH\Views\ventas\add.php on line 15.
 1 APPPATH\Views\ventas\add.php(15): CodeIgniter\Debug\Exceptions->errorHandler(2, 'Undefined variable $funcionesD', 'C:\\xampp\\htdocs\\TrabajoCine\\app\\Views\\ventas\\add.php', 15)
 2 SYSTEMPATH\View\View.php(234): include('C:\\xampp\\htdocs\\TrabajoCine\\app\\Views\\ventas\\add.php')
 3 SYSTEMPATH\View\View.php(237): CodeIgniter\View\View->CodeIgniter\View\{closure}()
 4 SYSTEMPATH\Common.php(1171): CodeIgniter\View\View->render('ventas/add', [], true)
 5 APPPATH\Controllers\Ventas.php(72): view('ventas/add', [...])
 6 SYSTEMPATH\CodeIgniter.php(933): App\Controllers\Ventas->insert()
 7 SYSTEMPATH\CodeIgniter.php(509): CodeIgniter\CodeIgniter->runController(Object(App\Controllers\Ventas))
 8 SYSTEMPATH\CodeIgniter.php(355): CodeIgniter\CodeIgniter->handleRequest(null, Object(Config\Cache), false)
 9 SYSTEMPATH\Boot.php(325): CodeIgniter\CodeIgniter->run()
10 SYSTEMPATH\Boot.php(67): CodeIgniter\Boot::runCodeIgniter(Object(CodeIgniter\CodeIgniter))
11 FCPATH\index.php(56): CodeIgniter\Boot::bootWeb(Object(Config\Paths))
12 SYSTEMPATH\rewrite.php(44): require_once('C:\\xampp\\htdocs\\TrabajoCine\\public\\index.php')
INFO - 2024-09-23 19:36:38 --> Session: Class initialized using 'CodeIgniter\Session\Handlers\FileHandler' driver.
CRITICAL - 2024-09-23 19:36:38 --> ErrorException: Undefined variable $funcionesD
[Method: POST, Route: ventas/insert]
in APPPATH\Views\ventas\add.php on line 15.
 1 APPPATH\Views\ventas\add.php(15): CodeIgniter\Debug\Exceptions->errorHandler(2, 'Undefined variable $funcionesD', 'C:\\xampp\\htdocs\\TrabajoCine\\app\\Views\\ventas\\add.php', 15)
 2 SYSTEMPATH\View\View.php(234): include('C:\\xampp\\htdocs\\TrabajoCine\\app\\Views\\ventas\\add.php')
 3 SYSTEMPATH\View\View.php(237): CodeIgniter\View\View->CodeIgniter\View\{closure}()
 4 SYSTEMPATH\Common.php(1171): CodeIgniter\View\View->render('ventas/add', [], true)
 5 APPPATH\Controllers\Ventas.php(72): view('ventas/add', [...])
 6 SYSTEMPATH\CodeIgniter.php(933): App\Controllers\Ventas->insert()
 7 SYSTEMPATH\CodeIgniter.php(509): CodeIgniter\CodeIgniter->runController(Object(App\Controllers\Ventas))
 8 SYSTEMPATH\CodeIgniter.php(355): CodeIgniter\CodeIgniter->handleRequest(null, Object(Config\Cache), false)
 9 SYSTEMPATH\Boot.php(325): CodeIgniter\CodeIgniter->run()
10 SYSTEMPATH\Boot.php(67): CodeIgniter\Boot::runCodeIgniter(Object(CodeIgniter\CodeIgniter))
11 FCPATH\index.php(56): CodeIgniter\Boot::bootWeb(Object(Config\Paths))
12 SYSTEMPATH\rewrite.php(44): require_once('C:\\xampp\\htdocs\\TrabajoCine\\public\\index.php')
INFO - 2024-09-23 19:36:40 --> Session: Class initialized using 'CodeIgniter\Session\Handlers\FileHandler' driver.
INFO - 2024-09-23 19:36:42 --> Session: Class initialized using 'CodeIgniter\Session\Handlers\FileHandler' driver.
INFO - 2024-09-23 19:36:44 --> Session: Class initialized using 'CodeIgniter\Session\Handlers\FileHandler' driver.
CRITICAL - 2024-09-23 19:36:44 --> ErrorException: Undefined variable $funcionesD
[Method: POST, Route: ventas/insert]
in APPPATH\Views\ventas\add.php on line 15.
 1 APPPATH\Views\ventas\add.php(15): CodeIgniter\Debug\Exceptions->errorHandler(2, 'Undefined variable $funcionesD', 'C:\\xampp\\htdocs\\TrabajoCine\\app\\Views\\ventas\\add.php', 15)
 2 SYSTEMPATH\View\View.php(234): include('C:\\xampp\\htdocs\\TrabajoCine\\app\\Views\\ventas\\add.php')
 3 SYSTEMPATH\View\View.php(237): CodeIgniter\View\View->CodeIgniter\View\{closure}()
 4 SYSTEMPATH\Common.php(1171): CodeIgniter\View\View->render('ventas/add', [], true)
 5 APPPATH\Controllers\Ventas.php(72): view('ventas/add', [...])
 6 SYSTEMPATH\CodeIgniter.php(933): App\Controllers\Ventas->insert()
 7 SYSTEMPATH\CodeIgniter.php(509): CodeIgniter\CodeIgniter->runController(Object(App\Controllers\Ventas))
 8 SYSTEMPATH\CodeIgniter.php(355): CodeIgniter\CodeIgniter->handleRequest(null, Object(Config\Cache), false)
 9 SYSTEMPATH\Boot.php(325): CodeIgniter\CodeIgniter->run()
10 SYSTEMPATH\Boot.php(67): CodeIgniter\Boot::runCodeIgniter(Object(CodeIgniter\CodeIgniter))
11 FCPATH\index.php(56): CodeIgniter\Boot::bootWeb(Object(Config\Paths))
12 SYSTEMPATH\rewrite.php(44): require_once('C:\\xampp\\htdocs\\TrabajoCine\\public\\index.php')
INFO - 2024-09-23 19:40:10 --> Session: Class initialized using 'CodeIgniter\Session\Handlers\FileHandler' driver.
INFO - 2024-09-23 19:42:11 --> Session: Class initialized using 'CodeIgniter\Session\Handlers\FileHandler' driver.
CRITICAL - 2024-09-23 19:42:11 --> ErrorException: Undefined variable $funcionesD
[Method: POST, Route: ventas/insert]
in APPPATH\Views\ventas\add.php on line 15.
 1 APPPATH\Views\ventas\add.php(15): CodeIgniter\Debug\Exceptions->errorHandler(2, 'Undefined variable $funcionesD', 'C:\\xampp\\htdocs\\TrabajoCine\\app\\Views\\ventas\\add.php', 15)
 2 SYSTEMPATH\View\View.php(234): include('C:\\xampp\\htdocs\\TrabajoCine\\app\\Views\\ventas\\add.php')
 3 SYSTEMPATH\View\View.php(237): CodeIgniter\View\View->CodeIgniter\View\{closure}()
 4 SYSTEMPATH\Common.php(1171): CodeIgniter\View\View->render('ventas/add', [], true)
 5 APPPATH\Controllers\Ventas.php(71): view('ventas/add', [...])
 6 SYSTEMPATH\CodeIgniter.php(933): App\Controllers\Ventas->insert()
 7 SYSTEMPATH\CodeIgniter.php(509): CodeIgniter\CodeIgniter->runController(Object(App\Controllers\Ventas))
 8 SYSTEMPATH\CodeIgniter.php(355): CodeIgniter\CodeIgniter->handleRequest(null, Object(Config\Cache), false)
 9 SYSTEMPATH\Boot.php(325): CodeIgniter\CodeIgniter->run()
10 SYSTEMPATH\Boot.php(67): CodeIgniter\Boot::runCodeIgniter(Object(CodeIgniter\CodeIgniter))
11 FCPATH\index.php(56): CodeIgniter\Boot::bootWeb(Object(Config\Paths))
12 SYSTEMPATH\rewrite.php(44): require_once('C:\\xampp\\htdocs\\TrabajoCine\\public\\index.php')
INFO - 2024-09-23 19:42:48 --> Session: Class initialized using 'CodeIgniter\Session\Handlers\FileHandler' driver.
INFO - 2024-09-23 19:44:25 --> Session: Class initialized using 'CodeIgniter\Session\Handlers\FileHandler' driver.
CRITICAL - 2024-09-23 19:44:25 --> ErrorException: Undefined variable $funcionesD
[Method: POST, Route: ventas/insert]
in APPPATH\Views\ventas\add.php on line 15.
 1 APPPATH\Views\ventas\add.php(15): CodeIgniter\Debug\Exceptions->errorHandler(2, 'Undefined variable $funcionesD', 'C:\\xampp\\htdocs\\TrabajoCine\\app\\Views\\ventas\\add.php', 15)
 2 SYSTEMPATH\View\View.php(234): include('C:\\xampp\\htdocs\\TrabajoCine\\app\\Views\\ventas\\add.php')
 3 SYSTEMPATH\View\View.php(237): CodeIgniter\View\View->CodeIgniter\View\{closure}()
 4 SYSTEMPATH\Common.php(1171): CodeIgniter\View\View->render('ventas/add', [], true)
 5 APPPATH\Controllers\Ventas.php(71): view('ventas/add', [...])
 6 SYSTEMPATH\CodeIgniter.php(933): App\Controllers\Ventas->insert()
 7 SYSTEMPATH\CodeIgniter.php(509): CodeIgniter\CodeIgniter->runController(Object(App\Controllers\Ventas))
 8 SYSTEMPATH\CodeIgniter.php(355): CodeIgniter\CodeIgniter->handleRequest(null, Object(Config\Cache), false)
 9 SYSTEMPATH\Boot.php(325): CodeIgniter\CodeIgniter->run()
10 SYSTEMPATH\Boot.php(67): CodeIgniter\Boot::runCodeIgniter(Object(CodeIgniter\CodeIgniter))
11 FCPATH\index.php(56): CodeIgniter\Boot::bootWeb(Object(Config\Paths))
12 SYSTEMPATH\rewrite.php(44): require_once('C:\\xampp\\htdocs\\TrabajoCine\\public\\index.php')
INFO - 2024-09-23 19:46:06 --> Session: Class initialized using 'CodeIgniter\Session\Handlers\FileHandler' driver.
INFO - 2024-09-23 19:50:31 --> Session: Class initialized using 'CodeIgniter\Session\Handlers\FileHandler' driver.
INFO - 2024-09-23 19:50:39 --> Session: Class initialized using 'CodeIgniter\Session\Handlers\FileHandler' driver.
CRITICAL - 2024-09-23 19:50:39 --> ErrorException: Undefined variable $funcionesD
[Method: POST, Route: ventas/insert]
in APPPATH\Views\ventas\add.php on line 15.
 1 APPPATH\Views\ventas\add.php(15): CodeIgniter\Debug\Exceptions->errorHandler(2, 'Undefined variable $funcionesD', 'C:\\xampp\\htdocs\\TrabajoCine\\app\\Views\\ventas\\add.php', 15)
 2 SYSTEMPATH\View\View.php(234): include('C:\\xampp\\htdocs\\TrabajoCine\\app\\Views\\ventas\\add.php')
 3 SYSTEMPATH\View\View.php(237): CodeIgniter\View\View->CodeIgniter\View\{closure}()
 4 SYSTEMPATH\Common.php(1171): CodeIgniter\View\View->render('ventas/add', [], true)
 5 APPPATH\Controllers\Ventas.php(72): view('ventas/add', [...])
 6 SYSTEMPATH\CodeIgniter.php(933): App\Controllers\Ventas->insert()
 7 SYSTEMPATH\CodeIgniter.php(509): CodeIgniter\CodeIgniter->runController(Object(App\Controllers\Ventas))
 8 SYSTEMPATH\CodeIgniter.php(355): CodeIgniter\CodeIgniter->handleRequest(null, Object(Config\Cache), false)
 9 SYSTEMPATH\Boot.php(325): CodeIgniter\CodeIgniter->run()
10 SYSTEMPATH\Boot.php(67): CodeIgniter\Boot::runCodeIgniter(Object(CodeIgniter\CodeIgniter))
11 FCPATH\index.php(56): CodeIgniter\Boot::bootWeb(Object(Config\Paths))
12 SYSTEMPATH\rewrite.php(44): require_once('C:\\xampp\\htdocs\\TrabajoCine\\public\\index.php')
INFO - 2024-09-23 19:53:18 --> Session: Class initialized using 'CodeIgniter\Session\Handlers\FileHandler' driver.
INFO - 2024-09-23 19:53:19 --> Session: Class initialized using 'CodeIgniter\Session\Handlers\FileHandler' driver.
INFO - 2024-09-23 19:53:23 --> Session: Class initialized using 'CodeIgniter\Session\Handlers\FileHandler' driver.
INFO - 2024-09-23 19:55:07 --> Session: Class initialized using 'CodeIgniter\Session\Handlers\FileHandler' driver.
INFO - 2024-09-23 19:55:20 --> Session: Class initialized using 'CodeIgniter\Session\Handlers\FileHandler' driver.
CRITICAL - 2024-09-23 19:55:20 --> ErrorException: Undefined variable $funcionesD
[Method: POST, Route: ventas/insert]
in APPPATH\Views\ventas\add.php on line 16.
 1 APPPATH\Views\ventas\add.php(16): CodeIgniter\Debug\Exceptions->errorHandler(2, 'Undefined variable $funcionesD', 'C:\\xampp\\htdocs\\TrabajoCine\\app\\Views\\ventas\\add.php', 16)
 2 SYSTEMPATH\View\View.php(234): include('C:\\xampp\\htdocs\\TrabajoCine\\app\\Views\\ventas\\add.php')
 3 SYSTEMPATH\View\View.php(237): CodeIgniter\View\View->CodeIgniter\View\{closure}()
 4 SYSTEMPATH\Common.php(1171): CodeIgniter\View\View->render('ventas/add', [], true)
 5 APPPATH\Controllers\Ventas.php(72): view('ventas/add', [...])
 6 SYSTEMPATH\CodeIgniter.php(933): App\Controllers\Ventas->insert()
 7 SYSTEMPATH\CodeIgniter.php(509): CodeIgniter\CodeIgniter->runController(Object(App\Controllers\Ventas))
 8 SYSTEMPATH\CodeIgniter.php(355): CodeIgniter\CodeIgniter->handleRequest(null, Object(Config\Cache), false)
 9 SYSTEMPATH\Boot.php(325): CodeIgniter\CodeIgniter->run()
10 SYSTEMPATH\Boot.php(67): CodeIgniter\Boot::runCodeIgniter(Object(CodeIgniter\CodeIgniter))
11 FCPATH\index.php(56): CodeIgniter\Boot::bootWeb(Object(Config\Paths))
12 SYSTEMPATH\rewrite.php(44): require_once('C:\\xampp\\htdocs\\TrabajoCine\\public\\index.php')
INFO - 2024-09-23 19:56:22 --> Session: Class initialized using 'CodeIgniter\Session\Handlers\FileHandler' driver.
INFO - 2024-09-23 19:58:11 --> Session: Class initialized using 'CodeIgniter\Session\Handlers\FileHandler' driver.
CRITICAL - 2024-09-23 19:58:11 --> ErrorException: Undefined variable $funcionesD
[Method: POST, Route: ventas/insert]
in APPPATH\Views\ventas\add.php on line 16.
 1 APPPATH\Views\ventas\add.php(16): CodeIgniter\Debug\Exceptions->errorHandler(2, 'Undefined variable $funcionesD', 'C:\\xampp\\htdocs\\TrabajoCine\\app\\Views\\ventas\\add.php', 16)
 2 SYSTEMPATH\View\View.php(234): include('C:\\xampp\\htdocs\\TrabajoCine\\app\\Views\\ventas\\add.php')
 3 SYSTEMPATH\View\View.php(237): CodeIgniter\View\View->CodeIgniter\View\{closure}()
 4 SYSTEMPATH\Common.php(1171): CodeIgniter\View\View->render('ventas/add', [], true)
 5 APPPATH\Controllers\Ventas.php(72): view('ventas/add', [...])
 6 SYSTEMPATH\CodeIgniter.php(933): App\Controllers\Ventas->insert()
 7 SYSTEMPATH\CodeIgniter.php(509): CodeIgniter\CodeIgniter->runController(Object(App\Controllers\Ventas))
 8 SYSTEMPATH\CodeIgniter.php(355): CodeIgniter\CodeIgniter->handleRequest(null, Object(Config\Cache), false)
 9 SYSTEMPATH\Boot.php(325): CodeIgniter\CodeIgniter->run()
10 SYSTEMPATH\Boot.php(67): CodeIgniter\Boot::runCodeIgniter(Object(CodeIgniter\CodeIgniter))
11 FCPATH\index.php(56): CodeIgniter\Boot::bootWeb(Object(Config\Paths))
12 SYSTEMPATH\rewrite.php(44): require_once('C:\\xampp\\htdocs\\TrabajoCine\\public\\index.php')
INFO - 2024-09-23 20:00:29 --> Session: Class initialized using 'CodeIgniter\Session\Handlers\FileHandler' driver.
CRITICAL - 2024-09-23 20:00:29 --> ErrorException: Undefined variable $funcionesD
[Method: POST, Route: ventas/insert]
in APPPATH\Views\ventas\add.php on line 16.
 1 APPPATH\Views\ventas\add.php(16): CodeIgniter\Debug\Exceptions->errorHandler(2, 'Undefined variable $funcionesD', 'C:\\xampp\\htdocs\\TrabajoCine\\app\\Views\\ventas\\add.php', 16)
 2 SYSTEMPATH\View\View.php(234): include('C:\\xampp\\htdocs\\TrabajoCine\\app\\Views\\ventas\\add.php')
 3 SYSTEMPATH\View\View.php(237): CodeIgniter\View\View->CodeIgniter\View\{closure}()
 4 SYSTEMPATH\Common.php(1171): CodeIgniter\View\View->render('ventas/add', [], true)
 5 APPPATH\Controllers\Ventas.php(75): view('ventas/add', [...])
 6 SYSTEMPATH\CodeIgniter.php(933): App\Controllers\Ventas->insert()
 7 SYSTEMPATH\CodeIgniter.php(509): CodeIgniter\CodeIgniter->runController(Object(App\Controllers\Ventas))
 8 SYSTEMPATH\CodeIgniter.php(355): CodeIgniter\CodeIgniter->handleRequest(null, Object(Config\Cache), false)
 9 SYSTEMPATH\Boot.php(325): CodeIgniter\CodeIgniter->run()
10 SYSTEMPATH\Boot.php(67): CodeIgniter\Boot::runCodeIgniter(Object(CodeIgniter\CodeIgniter))
11 FCPATH\index.php(56): CodeIgniter\Boot::bootWeb(Object(Config\Paths))
12 SYSTEMPATH\rewrite.php(44): require_once('C:\\xampp\\htdocs\\TrabajoCine\\public\\index.php')
INFO - 2024-09-23 20:11:00 --> Session: Class initialized using 'CodeIgniter\Session\Handlers\FileHandler' driver.
CRITICAL - 2024-09-23 20:11:00 --> ErrorException: Undefined variable $funcionesD
[Method: POST, Route: ventas/insert]
in APPPATH\Views\ventas\add.php on line 16.
 1 APPPATH\Views\ventas\add.php(16): CodeIgniter\Debug\Exceptions->errorHandler(2, 'Undefined variable $funcionesD', 'C:\\xampp\\htdocs\\TrabajoCine\\app\\Views\\ventas\\add.php', 16)
 2 SYSTEMPATH\View\View.php(234): include('C:\\xampp\\htdocs\\TrabajoCine\\app\\Views\\ventas\\add.php')
 3 SYSTEMPATH\View\View.php(237): CodeIgniter\View\View->CodeIgniter\View\{closure}()
 4 SYSTEMPATH\Common.php(1171): CodeIgniter\View\View->render('ventas/add', [], true)
 5 APPPATH\Controllers\Ventas.php(81): view('ventas/add', [...])
 6 SYSTEMPATH\CodeIgniter.php(933): App\Controllers\Ventas->insert()
 7 SYSTEMPATH\CodeIgniter.php(509): CodeIgniter\CodeIgniter->runController(Object(App\Controllers\Ventas))
 8 SYSTEMPATH\CodeIgniter.php(355): CodeIgniter\CodeIgniter->handleRequest(null, Object(Config\Cache), false)
 9 SYSTEMPATH\Boot.php(325): CodeIgniter\CodeIgniter->run()
10 SYSTEMPATH\Boot.php(67): CodeIgniter\Boot::runCodeIgniter(Object(CodeIgniter\CodeIgniter))
11 FCPATH\index.php(56): CodeIgniter\Boot::bootWeb(Object(Config\Paths))
12 SYSTEMPATH\rewrite.php(44): require_once('C:\\xampp\\htdocs\\TrabajoCine\\public\\index.php')
INFO - 2024-09-23 20:12:17 --> Session: Class initialized using 'CodeIgniter\Session\Handlers\FileHandler' driver.
CRITICAL - 2024-09-23 20:12:17 --> ErrorException: Undefined variable $funcionesD
[Method: POST, Route: ventas/insert]
in APPPATH\Views\ventas\add.php on line 16.
 1 APPPATH\Views\ventas\add.php(16): CodeIgniter\Debug\Exceptions->errorHandler(2, 'Undefined variable $funcionesD', 'C:\\xampp\\htdocs\\TrabajoCine\\app\\Views\\ventas\\add.php', 16)
 2 SYSTEMPATH\View\View.php(234): include('C:\\xampp\\htdocs\\TrabajoCine\\app\\Views\\ventas\\add.php')
 3 SYSTEMPATH\View\View.php(237): CodeIgniter\View\View->CodeIgniter\View\{closure}()
 4 SYSTEMPATH\Common.php(1171): CodeIgniter\View\View->render('ventas/add', [], true)
 5 APPPATH\Controllers\Ventas.php(81): view('ventas/add', [...])
 6 SYSTEMPATH\CodeIgniter.php(933): App\Controllers\Ventas->insert()
 7 SYSTEMPATH\CodeIgniter.php(509): CodeIgniter\CodeIgniter->runController(Object(App\Controllers\Ventas))
 8 SYSTEMPATH\CodeIgniter.php(355): CodeIgniter\CodeIgniter->handleRequest(null, Object(Config\Cache), false)
 9 SYSTEMPATH\Boot.php(325): CodeIgniter\CodeIgniter->run()
10 SYSTEMPATH\Boot.php(67): CodeIgniter\Boot::runCodeIgniter(Object(CodeIgniter\CodeIgniter))
11 FCPATH\index.php(56): CodeIgniter\Boot::bootWeb(Object(Config\Paths))
12 SYSTEMPATH\rewrite.php(44): require_once('C:\\xampp\\htdocs\\TrabajoCine\\public\\index.php')
INFO - 2024-09-23 20:14:24 --> Session: Class initialized using 'CodeIgniter\Session\Handlers\FileHandler' driver.
INFO - 2024-09-23 20:14:30 --> Session: Class initialized using 'CodeIgniter\Session\Handlers\FileHandler' driver.
CRITICAL - 2024-09-23 20:14:30 --> ErrorException: Undefined variable $funcionesD
[Method: POST, Route: ventas/insert]
in APPPATH\Views\ventas\add.php on line 16.
 1 APPPATH\Views\ventas\add.php(16): CodeIgniter\Debug\Exceptions->errorHandler(2, 'Undefined variable $funcionesD', 'C:\\xampp\\htdocs\\TrabajoCine\\app\\Views\\ventas\\add.php', 16)
 2 SYSTEMPATH\View\View.php(234): include('C:\\xampp\\htdocs\\TrabajoCine\\app\\Views\\ventas\\add.php')
 3 SYSTEMPATH\View\View.php(237): CodeIgniter\View\View->CodeIgniter\View\{closure}()
 4 SYSTEMPATH\Common.php(1171): CodeIgniter\View\View->render('ventas/add', [], true)
 5 APPPATH\Controllers\Ventas.php(82): view('ventas/add', [...])
 6 SYSTEMPATH\CodeIgniter.php(933): App\Controllers\Ventas->insert()
 7 SYSTEMPATH\CodeIgniter.php(509): CodeIgniter\CodeIgniter->runController(Object(App\Controllers\Ventas))
 8 SYSTEMPATH\CodeIgniter.php(355): CodeIgniter\CodeIgniter->handleRequest(null, Object(Config\Cache), false)
 9 SYSTEMPATH\Boot.php(325): CodeIgniter\CodeIgniter->run()
10 SYSTEMPATH\Boot.php(67): CodeIgniter\Boot::runCodeIgniter(Object(CodeIgniter\CodeIgniter))
11 FCPATH\index.php(56): CodeIgniter\Boot::bootWeb(Object(Config\Paths))
12 SYSTEMPATH\rewrite.php(44): require_once('C:\\xampp\\htdocs\\TrabajoCine\\public\\index.php')
INFO - 2024-09-23 20:22:46 --> Session: Class initialized using 'CodeIgniter\Session\Handlers\FileHandler' driver.
CRITICAL - 2024-09-23 20:22:46 --> ErrorException: Undefined property: stdClass::$descripcion
[Method: GET, Route: ventas/add/]
in APPPATH\Views\ventas\add.php on line 61.
 1 APPPATH\Views\ventas\add.php(61): CodeIgniter\Debug\Exceptions->errorHandler(2, 'Undefined property: stdClass::$descripcion', 'C:\\xampp\\htdocs\\TrabajoCine\\app\\Views\\ventas\\add.php', 61)
 2 SYSTEMPATH\View\View.php(234): include('C:\\xampp\\htdocs\\TrabajoCine\\app\\Views\\ventas\\add.php')
 3 SYSTEMPATH\View\View.php(237): CodeIgniter\View\View->CodeIgniter\View\{closure}()
 4 SYSTEMPATH\Common.php(1171): CodeIgniter\View\View->render('ventas/add', [], true)
 5 APPPATH\Controllers\Ventas.php(70): view('ventas/add', [...])
 6 SYSTEMPATH\CodeIgniter.php(933): App\Controllers\Ventas->add()
 7 SYSTEMPATH\CodeIgniter.php(509): CodeIgniter\CodeIgniter->runController(Object(App\Controllers\Ventas))
 8 SYSTEMPATH\CodeIgniter.php(355): CodeIgniter\CodeIgniter->handleRequest(null, Object(Config\Cache), false)
 9 SYSTEMPATH\Boot.php(325): CodeIgniter\CodeIgniter->run()
10 SYSTEMPATH\Boot.php(67): CodeIgniter\Boot::runCodeIgniter(Object(CodeIgniter\CodeIgniter))
11 FCPATH\index.php(56): CodeIgniter\Boot::bootWeb(Object(Config\Paths))
12 SYSTEMPATH\rewrite.php(44): require_once('C:\\xampp\\htdocs\\TrabajoCine\\public\\index.php')
CRITICAL - 2024-09-23 20:22:47 --> ErrorException: Undefined property: stdClass::$descripcion
[Method: GET, Route: ventas]
in APPPATH\Controllers\Ventas.php on line 41.
 1 APPPATH\Controllers\Ventas.php(41): CodeIgniter\Debug\Exceptions->errorHandler(2, 'Undefined property: stdClass::$descripcion', 'C:\\xampp\\htdocs\\TrabajoCine\\app\\Controllers\\Ventas.php', 41)
 2 SYSTEMPATH\CodeIgniter.php(933): App\Controllers\Ventas->index()
 3 SYSTEMPATH\CodeIgniter.php(509): CodeIgniter\CodeIgniter->runController(Object(App\Controllers\Ventas))
 4 SYSTEMPATH\CodeIgniter.php(355): CodeIgniter\CodeIgniter->handleRequest(null, Object(Config\Cache), false)
 5 SYSTEMPATH\Boot.php(325): CodeIgniter\CodeIgniter->run()
 6 SYSTEMPATH\Boot.php(67): CodeIgniter\Boot::runCodeIgniter(Object(CodeIgniter\CodeIgniter))
 7 FCPATH\index.php(56): CodeIgniter\Boot::bootWeb(Object(Config\Paths))
 8 SYSTEMPATH\rewrite.php(44): require_once('C:\\xampp\\htdocs\\TrabajoCine\\public\\index.php')
CRITICAL - 2024-09-23 20:22:50 --> ErrorException: Undefined property: stdClass::$descripcion
[Method: GET, Route: ventas]
in APPPATH\Controllers\Ventas.php on line 41.
 1 APPPATH\Controllers\Ventas.php(41): CodeIgniter\Debug\Exceptions->errorHandler(2, 'Undefined property: stdClass::$descripcion', 'C:\\xampp\\htdocs\\TrabajoCine\\app\\Controllers\\Ventas.php', 41)
 2 SYSTEMPATH\CodeIgniter.php(933): App\Controllers\Ventas->index()
 3 SYSTEMPATH\CodeIgniter.php(509): CodeIgniter\CodeIgniter->runController(Object(App\Controllers\Ventas))
 4 SYSTEMPATH\CodeIgniter.php(355): CodeIgniter\CodeIgniter->handleRequest(null, Object(Config\Cache), false)
 5 SYSTEMPATH\Boot.php(325): CodeIgniter\CodeIgniter->run()
 6 SYSTEMPATH\Boot.php(67): CodeIgniter\Boot::runCodeIgniter(Object(CodeIgniter\CodeIgniter))
 7 FCPATH\index.php(56): CodeIgniter\Boot::bootWeb(Object(Config\Paths))
 8 SYSTEMPATH\rewrite.php(44): require_once('C:\\xampp\\htdocs\\TrabajoCine\\public\\index.php')
CRITICAL - 2024-09-23 20:25:00 --> ErrorException: Undefined property: stdClass::$descripcion
[Method: GET, Route: ventas]
in APPPATH\Controllers\Ventas.php on line 41.
 1 APPPATH\Controllers\Ventas.php(41): CodeIgniter\Debug\Exceptions->errorHandler(2, 'Undefined property: stdClass::$descripcion', 'C:\\xampp\\htdocs\\TrabajoCine\\app\\Controllers\\Ventas.php', 41)
 2 SYSTEMPATH\CodeIgniter.php(933): App\Controllers\Ventas->index()
 3 SYSTEMPATH\CodeIgniter.php(509): CodeIgniter\CodeIgniter->runController(Object(App\Controllers\Ventas))
 4 SYSTEMPATH\CodeIgniter.php(355): CodeIgniter\CodeIgniter->handleRequest(null, Object(Config\Cache), false)
 5 SYSTEMPATH\Boot.php(325): CodeIgniter\CodeIgniter->run()
 6 SYSTEMPATH\Boot.php(67): CodeIgniter\Boot::runCodeIgniter(Object(CodeIgniter\CodeIgniter))
 7 FCPATH\index.php(56): CodeIgniter\Boot::bootWeb(Object(Config\Paths))
 8 SYSTEMPATH\rewrite.php(44): require_once('C:\\xampp\\htdocs\\TrabajoCine\\public\\index.php')
INFO - 2024-09-23 20:25:51 --> Session: Class initialized using 'CodeIgniter\Session\Handlers\FileHandler' driver.
CRITICAL - 2024-09-23 20:25:51 --> ErrorException: Undefined property: stdClass::$descripcion
[Method: GET, Route: ventas/add/]
in APPPATH\Views\ventas\add.php on line 61.
 1 APPPATH\Views\ventas\add.php(61): CodeIgniter\Debug\Exceptions->errorHandler(2, 'Undefined property: stdClass::$descripcion', 'C:\\xampp\\htdocs\\TrabajoCine\\app\\Views\\ventas\\add.php', 61)
 2 SYSTEMPATH\View\View.php(234): include('C:\\xampp\\htdocs\\TrabajoCine\\app\\Views\\ventas\\add.php')
 3 SYSTEMPATH\View\View.php(237): CodeIgniter\View\View->CodeIgniter\View\{closure}()
 4 SYSTEMPATH\Common.php(1171): CodeIgniter\View\View->render('ventas/add', [], true)
 5 APPPATH\Controllers\Ventas.php(70): view('ventas/add', [...])
 6 SYSTEMPATH\CodeIgniter.php(933): App\Controllers\Ventas->add()
 7 SYSTEMPATH\CodeIgniter.php(509): CodeIgniter\CodeIgniter->runController(Object(App\Controllers\Ventas))
 8 SYSTEMPATH\CodeIgniter.php(355): CodeIgniter\CodeIgniter->handleRequest(null, Object(Config\Cache), false)
 9 SYSTEMPATH\Boot.php(325): CodeIgniter\CodeIgniter->run()
10 SYSTEMPATH\Boot.php(67): CodeIgniter\Boot::runCodeIgniter(Object(CodeIgniter\CodeIgniter))
11 FCPATH\index.php(56): CodeIgniter\Boot::bootWeb(Object(Config\Paths))
12 SYSTEMPATH\rewrite.php(44): require_once('C:\\xampp\\htdocs\\TrabajoCine\\public\\index.php')
INFO - 2024-09-23 20:26:14 --> Session: Class initialized using 'CodeIgniter\Session\Handlers\FileHandler' driver.
CRITICAL - 2024-09-23 20:32:49 --> CodeIgniter\View\Exceptions\ViewException: Invalid file: "ventas/edit.php"
[Method: GET, Route: ventas/edit/9]
in SYSTEMPATH\Exceptions\FrameworkException.php on line 41.
 1 SYSTEMPATH\View\View.php(222): CodeIgniter\Exceptions\FrameworkException::forInvalidFile('ventas/edit.php')
 2 SYSTEMPATH\Common.php(1171): CodeIgniter\View\View->render('ventas/edit', [], true)
 3 APPPATH\Controllers\Ventas.php(131): view('ventas/edit', [...])
 4 SYSTEMPATH\CodeIgniter.php(933): App\Controllers\Ventas->edit('9')
 5 SYSTEMPATH\CodeIgniter.php(509): CodeIgniter\CodeIgniter->runController(Object(App\Controllers\Ventas))
 6 SYSTEMPATH\CodeIgniter.php(355): CodeIgniter\CodeIgniter->handleRequest(null, Object(Config\Cache), false)
 7 SYSTEMPATH\Boot.php(325): CodeIgniter\CodeIgniter->run()
 8 SYSTEMPATH\Boot.php(67): CodeIgniter\Boot::runCodeIgniter(Object(CodeIgniter\CodeIgniter))
 9 FCPATH\index.php(56): CodeIgniter\Boot::bootWeb(Object(Config\Paths))
10 SYSTEMPATH\rewrite.php(44): require_once('C:\\xampp\\htdocs\\TrabajoCine\\public\\index.php')
INFO - 2024-09-23 20:32:56 --> Session: Class initialized using 'CodeIgniter\Session\Handlers\FileHandler' driver.
INFO - 2024-09-23 20:36:40 --> Session: Class initialized using 'CodeIgniter\Session\Handlers\FileHandler' driver.
