WARNING - 2024-10-23 19:31:44 --> [DEPRECATED] Creation of dynamic property App\Controllers\Ventas::$VentaM is deprecated in APPPATH\Controllers\Ventas.php on line 75.
 1 SYSTEMPATH\CodeIgniter.php(903): App\Controllers\Ventas->__construct()
 2 SYSTEMPATH\CodeIgniter.php(500): CodeIgniter\CodeIgniter->createController()
 3 SYSTEMPATH\CodeIgniter.php(355): CodeIgniter\CodeIgniter->handleRequest(null, Object(Config\Cache), false)
 4 SYSTEMPATH\Boot.php(325): CodeIgniter\CodeIgniter->run()
 5 SYSTEMPATH\Boot.php(67): CodeIgniter\Boot::runCodeIgniter(Object(CodeIgniter\CodeIgniter))
 6 FCPATH\index.php(56): CodeIgniter\Boot::bootWeb(Object(Config\Paths))
 7 SYSTEMPATH\rewrite.php(44): require_once('C:\\xampp\\htdocs\\TrabajoCine 4.0\\public\\index.php')
WARNING - 2024-10-23 19:31:44 --> [DEPRECATED] Creation of dynamic property App\Controllers\Ventas::$db is deprecated in APPPATH\Controllers\Ventas.php on line 78.
 1 SYSTEMPATH\CodeIgniter.php(903): App\Controllers\Ventas->__construct()
 2 SYSTEMPATH\CodeIgniter.php(500): CodeIgniter\CodeIgniter->createController()
 3 SYSTEMPATH\CodeIgniter.php(355): CodeIgniter\CodeIgniter->handleRequest(null, Object(Config\Cache), false)
 4 SYSTEMPATH\Boot.php(325): CodeIgniter\CodeIgniter->run()
 5 SYSTEMPATH\Boot.php(67): CodeIgniter\Boot::runCodeIgniter(Object(CodeIgniter\CodeIgniter))
 6 FCPATH\index.php(56): CodeIgniter\Boot::bootWeb(Object(Config\Paths))
 7 SYSTEMPATH\rewrite.php(44): require_once('C:\\xampp\\htdocs\\TrabajoCine 4.0\\public\\index.php')
WARNING - 2024-10-23 19:31:47 --> [DEPRECATED] Creation of dynamic property App\Controllers\Ventas::$VentaM is deprecated in APPPATH\Controllers\Ventas.php on line 75.
 1 SYSTEMPATH\CodeIgniter.php(903): App\Controllers\Ventas->__construct()
 2 SYSTEMPATH\CodeIgniter.php(500): CodeIgniter\CodeIgniter->createController()
 3 SYSTEMPATH\CodeIgniter.php(355): CodeIgniter\CodeIgniter->handleRequest(null, Object(Config\Cache), false)
 4 SYSTEMPATH\Boot.php(325): CodeIgniter\CodeIgniter->run()
 5 SYSTEMPATH\Boot.php(67): CodeIgniter\Boot::runCodeIgniter(Object(CodeIgniter\CodeIgniter))
 6 FCPATH\index.php(56): CodeIgniter\Boot::bootWeb(Object(Config\Paths))
 7 SYSTEMPATH\rewrite.php(44): require_once('C:\\xampp\\htdocs\\TrabajoCine 4.0\\public\\index.php')
WARNING - 2024-10-23 19:31:47 --> [DEPRECATED] Creation of dynamic property App\Controllers\Ventas::$db is deprecated in APPPATH\Controllers\Ventas.php on line 78.
 1 SYSTEMPATH\CodeIgniter.php(903): App\Controllers\Ventas->__construct()
 2 SYSTEMPATH\CodeIgniter.php(500): CodeIgniter\CodeIgniter->createController()
 3 SYSTEMPATH\CodeIgniter.php(355): CodeIgniter\CodeIgniter->handleRequest(null, Object(Config\Cache), false)
 4 SYSTEMPATH\Boot.php(325): CodeIgniter\CodeIgniter->run()
 5 SYSTEMPATH\Boot.php(67): CodeIgniter\Boot::runCodeIgniter(Object(CodeIgniter\CodeIgniter))
 6 FCPATH\index.php(56): CodeIgniter\Boot::bootWeb(Object(Config\Paths))
 7 SYSTEMPATH\rewrite.php(44): require_once('C:\\xampp\\htdocs\\TrabajoCine 4.0\\public\\index.php')
INFO - 2024-10-23 19:31:47 --> Session: Class initialized using 'CodeIgniter\Session\Handlers\FileHandler' driver.
WARNING - 2024-10-23 19:31:47 --> [DEPRECATED] Creation of dynamic property App\Controllers\Ventas::$VentaM is deprecated in APPPATH\Controllers\Ventas.php on line 75.
 1 SYSTEMPATH\CodeIgniter.php(903): App\Controllers\Ventas->__construct()
 2 SYSTEMPATH\CodeIgniter.php(500): CodeIgniter\CodeIgniter->createController()
 3 SYSTEMPATH\CodeIgniter.php(355): CodeIgniter\CodeIgniter->handleRequest(null, Object(Config\Cache), false)
 4 SYSTEMPATH\Boot.php(325): CodeIgniter\CodeIgniter->run()
 5 SYSTEMPATH\Boot.php(67): CodeIgniter\Boot::runCodeIgniter(Object(CodeIgniter\CodeIgniter))
 6 FCPATH\index.php(56): CodeIgniter\Boot::bootWeb(Object(Config\Paths))
 7 SYSTEMPATH\rewrite.php(44): require_once('C:\\xampp\\htdocs\\TrabajoCine 4.0\\public\\index.php')
WARNING - 2024-10-23 19:31:47 --> [DEPRECATED] Creation of dynamic property App\Controllers\Ventas::$db is deprecated in APPPATH\Controllers\Ventas.php on line 78.
 1 SYSTEMPATH\CodeIgniter.php(903): App\Controllers\Ventas->__construct()
 2 SYSTEMPATH\CodeIgniter.php(500): CodeIgniter\CodeIgniter->createController()
 3 SYSTEMPATH\CodeIgniter.php(355): CodeIgniter\CodeIgniter->handleRequest(null, Object(Config\Cache), false)
 4 SYSTEMPATH\Boot.php(325): CodeIgniter\CodeIgniter->run()
 5 SYSTEMPATH\Boot.php(67): CodeIgniter\Boot::runCodeIgniter(Object(CodeIgniter\CodeIgniter))
 6 FCPATH\index.php(56): CodeIgniter\Boot::bootWeb(Object(Config\Paths))
 7 SYSTEMPATH\rewrite.php(44): require_once('C:\\xampp\\htdocs\\TrabajoCine 4.0\\public\\index.php')
WARNING - 2024-10-23 19:31:50 --> [DEPRECATED] Creation of dynamic property App\Controllers\Ventas::$VentaM is deprecated in APPPATH\Controllers\Ventas.php on line 75.
 1 SYSTEMPATH\CodeIgniter.php(903): App\Controllers\Ventas->__construct()
 2 SYSTEMPATH\CodeIgniter.php(500): CodeIgniter\CodeIgniter->createController()
 3 SYSTEMPATH\CodeIgniter.php(355): CodeIgniter\CodeIgniter->handleRequest(null, Object(Config\Cache), false)
 4 SYSTEMPATH\Boot.php(325): CodeIgniter\CodeIgniter->run()
 5 SYSTEMPATH\Boot.php(67): CodeIgniter\Boot::runCodeIgniter(Object(CodeIgniter\CodeIgniter))
 6 FCPATH\index.php(56): CodeIgniter\Boot::bootWeb(Object(Config\Paths))
 7 SYSTEMPATH\rewrite.php(44): require_once('C:\\xampp\\htdocs\\TrabajoCine 4.0\\public\\index.php')
WARNING - 2024-10-23 19:31:50 --> [DEPRECATED] Creation of dynamic property App\Controllers\Ventas::$db is deprecated in APPPATH\Controllers\Ventas.php on line 78.
 1 SYSTEMPATH\CodeIgniter.php(903): App\Controllers\Ventas->__construct()
 2 SYSTEMPATH\CodeIgniter.php(500): CodeIgniter\CodeIgniter->createController()
 3 SYSTEMPATH\CodeIgniter.php(355): CodeIgniter\CodeIgniter->handleRequest(null, Object(Config\Cache), false)
 4 SYSTEMPATH\Boot.php(325): CodeIgniter\CodeIgniter->run()
 5 SYSTEMPATH\Boot.php(67): CodeIgniter\Boot::runCodeIgniter(Object(CodeIgniter\CodeIgniter))
 6 FCPATH\index.php(56): CodeIgniter\Boot::bootWeb(Object(Config\Paths))
 7 SYSTEMPATH\rewrite.php(44): require_once('C:\\xampp\\htdocs\\TrabajoCine 4.0\\public\\index.php')
WARNING - 2024-10-23 19:31:53 --> [DEPRECATED] Creation of dynamic property App\Controllers\Ventas::$VentaM is deprecated in APPPATH\Controllers\Ventas.php on line 75.
 1 SYSTEMPATH\CodeIgniter.php(903): App\Controllers\Ventas->__construct()
 2 SYSTEMPATH\CodeIgniter.php(500): CodeIgniter\CodeIgniter->createController()
 3 SYSTEMPATH\CodeIgniter.php(355): CodeIgniter\CodeIgniter->handleRequest(null, Object(Config\Cache), false)
 4 SYSTEMPATH\Boot.php(325): CodeIgniter\CodeIgniter->run()
 5 SYSTEMPATH\Boot.php(67): CodeIgniter\Boot::runCodeIgniter(Object(CodeIgniter\CodeIgniter))
 6 FCPATH\index.php(56): CodeIgniter\Boot::bootWeb(Object(Config\Paths))
 7 SYSTEMPATH\rewrite.php(44): require_once('C:\\xampp\\htdocs\\TrabajoCine 4.0\\public\\index.php')
WARNING - 2024-10-23 19:31:53 --> [DEPRECATED] Creation of dynamic property App\Controllers\Ventas::$db is deprecated in APPPATH\Controllers\Ventas.php on line 78.
 1 SYSTEMPATH\CodeIgniter.php(903): App\Controllers\Ventas->__construct()
 2 SYSTEMPATH\CodeIgniter.php(500): CodeIgniter\CodeIgniter->createController()
 3 SYSTEMPATH\CodeIgniter.php(355): CodeIgniter\CodeIgniter->handleRequest(null, Object(Config\Cache), false)
 4 SYSTEMPATH\Boot.php(325): CodeIgniter\CodeIgniter->run()
 5 SYSTEMPATH\Boot.php(67): CodeIgniter\Boot::runCodeIgniter(Object(CodeIgniter\CodeIgniter))
 6 FCPATH\index.php(56): CodeIgniter\Boot::bootWeb(Object(Config\Paths))
 7 SYSTEMPATH\rewrite.php(44): require_once('C:\\xampp\\htdocs\\TrabajoCine 4.0\\public\\index.php')
WARNING - 2024-10-23 19:32:25 --> [DEPRECATED] Creation of dynamic property App\Controllers\Ventas::$VentaM is deprecated in APPPATH\Controllers\Ventas.php on line 75.
 1 SYSTEMPATH\CodeIgniter.php(903): App\Controllers\Ventas->__construct()
 2 SYSTEMPATH\CodeIgniter.php(500): CodeIgniter\CodeIgniter->createController()
 3 SYSTEMPATH\CodeIgniter.php(355): CodeIgniter\CodeIgniter->handleRequest(null, Object(Config\Cache), false)
 4 SYSTEMPATH\Boot.php(325): CodeIgniter\CodeIgniter->run()
 5 SYSTEMPATH\Boot.php(67): CodeIgniter\Boot::runCodeIgniter(Object(CodeIgniter\CodeIgniter))
 6 FCPATH\index.php(56): CodeIgniter\Boot::bootWeb(Object(Config\Paths))
 7 SYSTEMPATH\rewrite.php(44): require_once('C:\\xampp\\htdocs\\TrabajoCine 4.0\\public\\index.php')
WARNING - 2024-10-23 19:32:25 --> [DEPRECATED] Creation of dynamic property App\Controllers\Ventas::$db is deprecated in APPPATH\Controllers\Ventas.php on line 78.
 1 SYSTEMPATH\CodeIgniter.php(903): App\Controllers\Ventas->__construct()
 2 SYSTEMPATH\CodeIgniter.php(500): CodeIgniter\CodeIgniter->createController()
 3 SYSTEMPATH\CodeIgniter.php(355): CodeIgniter\CodeIgniter->handleRequest(null, Object(Config\Cache), false)
 4 SYSTEMPATH\Boot.php(325): CodeIgniter\CodeIgniter->run()
 5 SYSTEMPATH\Boot.php(67): CodeIgniter\Boot::runCodeIgniter(Object(CodeIgniter\CodeIgniter))
 6 FCPATH\index.php(56): CodeIgniter\Boot::bootWeb(Object(Config\Paths))
 7 SYSTEMPATH\rewrite.php(44): require_once('C:\\xampp\\htdocs\\TrabajoCine 4.0\\public\\index.php')
WARNING - 2024-10-23 19:32:25 --> [DEPRECATED] Creation of dynamic property App\Controllers\Ventas::$VentaM is deprecated in APPPATH\Controllers\Ventas.php on line 75.
 1 SYSTEMPATH\CodeIgniter.php(903): App\Controllers\Ventas->__construct()
 2 SYSTEMPATH\CodeIgniter.php(500): CodeIgniter\CodeIgniter->createController()
 3 SYSTEMPATH\CodeIgniter.php(355): CodeIgniter\CodeIgniter->handleRequest(null, Object(Config\Cache), false)
 4 SYSTEMPATH\Boot.php(325): CodeIgniter\CodeIgniter->run()
 5 SYSTEMPATH\Boot.php(67): CodeIgniter\Boot::runCodeIgniter(Object(CodeIgniter\CodeIgniter))
 6 FCPATH\index.php(56): CodeIgniter\Boot::bootWeb(Object(Config\Paths))
 7 SYSTEMPATH\rewrite.php(44): require_once('C:\\xampp\\htdocs\\TrabajoCine 4.0\\public\\index.php')
WARNING - 2024-10-23 19:32:25 --> [DEPRECATED] Creation of dynamic property App\Controllers\Ventas::$db is deprecated in APPPATH\Controllers\Ventas.php on line 78.
 1 SYSTEMPATH\CodeIgniter.php(903): App\Controllers\Ventas->__construct()
 2 SYSTEMPATH\CodeIgniter.php(500): CodeIgniter\CodeIgniter->createController()
 3 SYSTEMPATH\CodeIgniter.php(355): CodeIgniter\CodeIgniter->handleRequest(null, Object(Config\Cache), false)
 4 SYSTEMPATH\Boot.php(325): CodeIgniter\CodeIgniter->run()
 5 SYSTEMPATH\Boot.php(67): CodeIgniter\Boot::runCodeIgniter(Object(CodeIgniter\CodeIgniter))
 6 FCPATH\index.php(56): CodeIgniter\Boot::bootWeb(Object(Config\Paths))
 7 SYSTEMPATH\rewrite.php(44): require_once('C:\\xampp\\htdocs\\TrabajoCine 4.0\\public\\index.php')
WARNING - 2024-10-23 19:33:56 --> [DEPRECATED] Creation of dynamic property App\Controllers\Ventas::$VentaM is deprecated in APPPATH\Controllers\Ventas.php on line 75.
 1 SYSTEMPATH\CodeIgniter.php(903): App\Controllers\Ventas->__construct()
 2 SYSTEMPATH\CodeIgniter.php(500): CodeIgniter\CodeIgniter->createController()
 3 SYSTEMPATH\CodeIgniter.php(355): CodeIgniter\CodeIgniter->handleRequest(null, Object(Config\Cache), false)
 4 SYSTEMPATH\Boot.php(325): CodeIgniter\CodeIgniter->run()
 5 SYSTEMPATH\Boot.php(67): CodeIgniter\Boot::runCodeIgniter(Object(CodeIgniter\CodeIgniter))
 6 FCPATH\index.php(56): CodeIgniter\Boot::bootWeb(Object(Config\Paths))
 7 SYSTEMPATH\rewrite.php(44): require_once('C:\\xampp\\htdocs\\TrabajoCine 4.0\\public\\index.php')
WARNING - 2024-10-23 19:33:56 --> [DEPRECATED] Creation of dynamic property App\Controllers\Ventas::$db is deprecated in APPPATH\Controllers\Ventas.php on line 78.
 1 SYSTEMPATH\CodeIgniter.php(903): App\Controllers\Ventas->__construct()
 2 SYSTEMPATH\CodeIgniter.php(500): CodeIgniter\CodeIgniter->createController()
 3 SYSTEMPATH\CodeIgniter.php(355): CodeIgniter\CodeIgniter->handleRequest(null, Object(Config\Cache), false)
 4 SYSTEMPATH\Boot.php(325): CodeIgniter\CodeIgniter->run()
 5 SYSTEMPATH\Boot.php(67): CodeIgniter\Boot::runCodeIgniter(Object(CodeIgniter\CodeIgniter))
 6 FCPATH\index.php(56): CodeIgniter\Boot::bootWeb(Object(Config\Paths))
 7 SYSTEMPATH\rewrite.php(44): require_once('C:\\xampp\\htdocs\\TrabajoCine 4.0\\public\\index.php')
WARNING - 2024-10-23 19:34:07 --> [DEPRECATED] Creation of dynamic property App\Controllers\Ventas::$VentaM is deprecated in APPPATH\Controllers\Ventas.php on line 75.
 1 SYSTEMPATH\CodeIgniter.php(903): App\Controllers\Ventas->__construct()
 2 SYSTEMPATH\CodeIgniter.php(500): CodeIgniter\CodeIgniter->createController()
 3 SYSTEMPATH\CodeIgniter.php(355): CodeIgniter\CodeIgniter->handleRequest(null, Object(Config\Cache), false)
 4 SYSTEMPATH\Boot.php(325): CodeIgniter\CodeIgniter->run()
 5 SYSTEMPATH\Boot.php(67): CodeIgniter\Boot::runCodeIgniter(Object(CodeIgniter\CodeIgniter))
 6 FCPATH\index.php(56): CodeIgniter\Boot::bootWeb(Object(Config\Paths))
 7 SYSTEMPATH\rewrite.php(44): require_once('C:\\xampp\\htdocs\\TrabajoCine 4.0\\public\\index.php')
WARNING - 2024-10-23 19:34:07 --> [DEPRECATED] Creation of dynamic property App\Controllers\Ventas::$db is deprecated in APPPATH\Controllers\Ventas.php on line 78.
 1 SYSTEMPATH\CodeIgniter.php(903): App\Controllers\Ventas->__construct()
 2 SYSTEMPATH\CodeIgniter.php(500): CodeIgniter\CodeIgniter->createController()
 3 SYSTEMPATH\CodeIgniter.php(355): CodeIgniter\CodeIgniter->handleRequest(null, Object(Config\Cache), false)
 4 SYSTEMPATH\Boot.php(325): CodeIgniter\CodeIgniter->run()
 5 SYSTEMPATH\Boot.php(67): CodeIgniter\Boot::runCodeIgniter(Object(CodeIgniter\CodeIgniter))
 6 FCPATH\index.php(56): CodeIgniter\Boot::bootWeb(Object(Config\Paths))
 7 SYSTEMPATH\rewrite.php(44): require_once('C:\\xampp\\htdocs\\TrabajoCine 4.0\\public\\index.php')
WARNING - 2024-10-23 19:35:02 --> [DEPRECATED] Creation of dynamic property App\Controllers\Ventas::$VentaM is deprecated in APPPATH\Controllers\Ventas.php on line 75.
 1 SYSTEMPATH\CodeIgniter.php(903): App\Controllers\Ventas->__construct()
 2 SYSTEMPATH\CodeIgniter.php(500): CodeIgniter\CodeIgniter->createController()
 3 SYSTEMPATH\CodeIgniter.php(355): CodeIgniter\CodeIgniter->handleRequest(null, Object(Config\Cache), false)
 4 SYSTEMPATH\Boot.php(325): CodeIgniter\CodeIgniter->run()
 5 SYSTEMPATH\Boot.php(67): CodeIgniter\Boot::runCodeIgniter(Object(CodeIgniter\CodeIgniter))
 6 FCPATH\index.php(56): CodeIgniter\Boot::bootWeb(Object(Config\Paths))
 7 SYSTEMPATH\rewrite.php(44): require_once('C:\\xampp\\htdocs\\TrabajoCine 4.0\\public\\index.php')
WARNING - 2024-10-23 19:35:02 --> [DEPRECATED] Creation of dynamic property App\Controllers\Ventas::$db is deprecated in APPPATH\Controllers\Ventas.php on line 78.
 1 SYSTEMPATH\CodeIgniter.php(903): App\Controllers\Ventas->__construct()
 2 SYSTEMPATH\CodeIgniter.php(500): CodeIgniter\CodeIgniter->createController()
 3 SYSTEMPATH\CodeIgniter.php(355): CodeIgniter\CodeIgniter->handleRequest(null, Object(Config\Cache), false)
 4 SYSTEMPATH\Boot.php(325): CodeIgniter\CodeIgniter->run()
 5 SYSTEMPATH\Boot.php(67): CodeIgniter\Boot::runCodeIgniter(Object(CodeIgniter\CodeIgniter))
 6 FCPATH\index.php(56): CodeIgniter\Boot::bootWeb(Object(Config\Paths))
 7 SYSTEMPATH\rewrite.php(44): require_once('C:\\xampp\\htdocs\\TrabajoCine 4.0\\public\\index.php')
INFO - 2024-10-23 19:35:02 --> Session: Class initialized using 'CodeIgniter\Session\Handlers\FileHandler' driver.
WARNING - 2024-10-23 19:35:02 --> [DEPRECATED] Creation of dynamic property App\Controllers\Ventas::$VentaM is deprecated in APPPATH\Controllers\Ventas.php on line 75.
 1 SYSTEMPATH\CodeIgniter.php(903): App\Controllers\Ventas->__construct()
 2 SYSTEMPATH\CodeIgniter.php(500): CodeIgniter\CodeIgniter->createController()
 3 SYSTEMPATH\CodeIgniter.php(355): CodeIgniter\CodeIgniter->handleRequest(null, Object(Config\Cache), false)
 4 SYSTEMPATH\Boot.php(325): CodeIgniter\CodeIgniter->run()
 5 SYSTEMPATH\Boot.php(67): CodeIgniter\Boot::runCodeIgniter(Object(CodeIgniter\CodeIgniter))
 6 FCPATH\index.php(56): CodeIgniter\Boot::bootWeb(Object(Config\Paths))
 7 SYSTEMPATH\rewrite.php(44): require_once('C:\\xampp\\htdocs\\TrabajoCine 4.0\\public\\index.php')
WARNING - 2024-10-23 19:35:02 --> [DEPRECATED] Creation of dynamic property App\Controllers\Ventas::$db is deprecated in APPPATH\Controllers\Ventas.php on line 78.
 1 SYSTEMPATH\CodeIgniter.php(903): App\Controllers\Ventas->__construct()
 2 SYSTEMPATH\CodeIgniter.php(500): CodeIgniter\CodeIgniter->createController()
 3 SYSTEMPATH\CodeIgniter.php(355): CodeIgniter\CodeIgniter->handleRequest(null, Object(Config\Cache), false)
 4 SYSTEMPATH\Boot.php(325): CodeIgniter\CodeIgniter->run()
 5 SYSTEMPATH\Boot.php(67): CodeIgniter\Boot::runCodeIgniter(Object(CodeIgniter\CodeIgniter))
 6 FCPATH\index.php(56): CodeIgniter\Boot::bootWeb(Object(Config\Paths))
 7 SYSTEMPATH\rewrite.php(44): require_once('C:\\xampp\\htdocs\\TrabajoCine 4.0\\public\\index.php')
WARNING - 2024-10-23 19:35:09 --> [DEPRECATED] Creation of dynamic property App\Controllers\Ventas::$VentaM is deprecated in APPPATH\Controllers\Ventas.php on line 75.
 1 SYSTEMPATH\CodeIgniter.php(903): App\Controllers\Ventas->__construct()
 2 SYSTEMPATH\CodeIgniter.php(500): CodeIgniter\CodeIgniter->createController()
 3 SYSTEMPATH\CodeIgniter.php(355): CodeIgniter\CodeIgniter->handleRequest(null, Object(Config\Cache), false)
 4 SYSTEMPATH\Boot.php(325): CodeIgniter\CodeIgniter->run()
 5 SYSTEMPATH\Boot.php(67): CodeIgniter\Boot::runCodeIgniter(Object(CodeIgniter\CodeIgniter))
 6 FCPATH\index.php(56): CodeIgniter\Boot::bootWeb(Object(Config\Paths))
 7 SYSTEMPATH\rewrite.php(44): require_once('C:\\xampp\\htdocs\\TrabajoCine 4.0\\public\\index.php')
WARNING - 2024-10-23 19:35:09 --> [DEPRECATED] Creation of dynamic property App\Controllers\Ventas::$db is deprecated in APPPATH\Controllers\Ventas.php on line 78.
 1 SYSTEMPATH\CodeIgniter.php(903): App\Controllers\Ventas->__construct()
 2 SYSTEMPATH\CodeIgniter.php(500): CodeIgniter\CodeIgniter->createController()
 3 SYSTEMPATH\CodeIgniter.php(355): CodeIgniter\CodeIgniter->handleRequest(null, Object(Config\Cache), false)
 4 SYSTEMPATH\Boot.php(325): CodeIgniter\CodeIgniter->run()
 5 SYSTEMPATH\Boot.php(67): CodeIgniter\Boot::runCodeIgniter(Object(CodeIgniter\CodeIgniter))
 6 FCPATH\index.php(56): CodeIgniter\Boot::bootWeb(Object(Config\Paths))
 7 SYSTEMPATH\rewrite.php(44): require_once('C:\\xampp\\htdocs\\TrabajoCine 4.0\\public\\index.php')
WARNING - 2024-10-23 19:35:11 --> [DEPRECATED] Creation of dynamic property App\Controllers\Ventas::$VentaM is deprecated in APPPATH\Controllers\Ventas.php on line 75.
 1 SYSTEMPATH\CodeIgniter.php(903): App\Controllers\Ventas->__construct()
 2 SYSTEMPATH\CodeIgniter.php(500): CodeIgniter\CodeIgniter->createController()
 3 SYSTEMPATH\CodeIgniter.php(355): CodeIgniter\CodeIgniter->handleRequest(null, Object(Config\Cache), false)
 4 SYSTEMPATH\Boot.php(325): CodeIgniter\CodeIgniter->run()
 5 SYSTEMPATH\Boot.php(67): CodeIgniter\Boot::runCodeIgniter(Object(CodeIgniter\CodeIgniter))
 6 FCPATH\index.php(56): CodeIgniter\Boot::bootWeb(Object(Config\Paths))
 7 SYSTEMPATH\rewrite.php(44): require_once('C:\\xampp\\htdocs\\TrabajoCine 4.0\\public\\index.php')
WARNING - 2024-10-23 19:35:11 --> [DEPRECATED] Creation of dynamic property App\Controllers\Ventas::$db is deprecated in APPPATH\Controllers\Ventas.php on line 78.
 1 SYSTEMPATH\CodeIgniter.php(903): App\Controllers\Ventas->__construct()
 2 SYSTEMPATH\CodeIgniter.php(500): CodeIgniter\CodeIgniter->createController()
 3 SYSTEMPATH\CodeIgniter.php(355): CodeIgniter\CodeIgniter->handleRequest(null, Object(Config\Cache), false)
 4 SYSTEMPATH\Boot.php(325): CodeIgniter\CodeIgniter->run()
 5 SYSTEMPATH\Boot.php(67): CodeIgniter\Boot::runCodeIgniter(Object(CodeIgniter\CodeIgniter))
 6 FCPATH\index.php(56): CodeIgniter\Boot::bootWeb(Object(Config\Paths))
 7 SYSTEMPATH\rewrite.php(44): require_once('C:\\xampp\\htdocs\\TrabajoCine 4.0\\public\\index.php')
WARNING - 2024-10-23 19:35:37 --> [DEPRECATED] Creation of dynamic property App\Controllers\Ventas::$VentaM is deprecated in APPPATH\Controllers\Ventas.php on line 75.
 1 SYSTEMPATH\CodeIgniter.php(903): App\Controllers\Ventas->__construct()
 2 SYSTEMPATH\CodeIgniter.php(500): CodeIgniter\CodeIgniter->createController()
 3 SYSTEMPATH\CodeIgniter.php(355): CodeIgniter\CodeIgniter->handleRequest(null, Object(Config\Cache), false)
 4 SYSTEMPATH\Boot.php(325): CodeIgniter\CodeIgniter->run()
 5 SYSTEMPATH\Boot.php(67): CodeIgniter\Boot::runCodeIgniter(Object(CodeIgniter\CodeIgniter))
 6 FCPATH\index.php(56): CodeIgniter\Boot::bootWeb(Object(Config\Paths))
 7 SYSTEMPATH\rewrite.php(44): require_once('C:\\xampp\\htdocs\\TrabajoCine 4.0\\public\\index.php')
WARNING - 2024-10-23 19:35:37 --> [DEPRECATED] Creation of dynamic property App\Controllers\Ventas::$db is deprecated in APPPATH\Controllers\Ventas.php on line 78.
 1 SYSTEMPATH\CodeIgniter.php(903): App\Controllers\Ventas->__construct()
 2 SYSTEMPATH\CodeIgniter.php(500): CodeIgniter\CodeIgniter->createController()
 3 SYSTEMPATH\CodeIgniter.php(355): CodeIgniter\CodeIgniter->handleRequest(null, Object(Config\Cache), false)
 4 SYSTEMPATH\Boot.php(325): CodeIgniter\CodeIgniter->run()
 5 SYSTEMPATH\Boot.php(67): CodeIgniter\Boot::runCodeIgniter(Object(CodeIgniter\CodeIgniter))
 6 FCPATH\index.php(56): CodeIgniter\Boot::bootWeb(Object(Config\Paths))
 7 SYSTEMPATH\rewrite.php(44): require_once('C:\\xampp\\htdocs\\TrabajoCine 4.0\\public\\index.php')
WARNING - 2024-10-23 19:35:37 --> [DEPRECATED] Creation of dynamic property App\Controllers\Ventas::$VentaM is deprecated in APPPATH\Controllers\Ventas.php on line 75.
 1 SYSTEMPATH\CodeIgniter.php(903): App\Controllers\Ventas->__construct()
 2 SYSTEMPATH\CodeIgniter.php(500): CodeIgniter\CodeIgniter->createController()
 3 SYSTEMPATH\CodeIgniter.php(355): CodeIgniter\CodeIgniter->handleRequest(null, Object(Config\Cache), false)
 4 SYSTEMPATH\Boot.php(325): CodeIgniter\CodeIgniter->run()
 5 SYSTEMPATH\Boot.php(67): CodeIgniter\Boot::runCodeIgniter(Object(CodeIgniter\CodeIgniter))
 6 FCPATH\index.php(56): CodeIgniter\Boot::bootWeb(Object(Config\Paths))
 7 SYSTEMPATH\rewrite.php(44): require_once('C:\\xampp\\htdocs\\TrabajoCine 4.0\\public\\index.php')
WARNING - 2024-10-23 19:35:37 --> [DEPRECATED] Creation of dynamic property App\Controllers\Ventas::$db is deprecated in APPPATH\Controllers\Ventas.php on line 78.
 1 SYSTEMPATH\CodeIgniter.php(903): App\Controllers\Ventas->__construct()
 2 SYSTEMPATH\CodeIgniter.php(500): CodeIgniter\CodeIgniter->createController()
 3 SYSTEMPATH\CodeIgniter.php(355): CodeIgniter\CodeIgniter->handleRequest(null, Object(Config\Cache), false)
 4 SYSTEMPATH\Boot.php(325): CodeIgniter\CodeIgniter->run()
 5 SYSTEMPATH\Boot.php(67): CodeIgniter\Boot::runCodeIgniter(Object(CodeIgniter\CodeIgniter))
 6 FCPATH\index.php(56): CodeIgniter\Boot::bootWeb(Object(Config\Paths))
 7 SYSTEMPATH\rewrite.php(44): require_once('C:\\xampp\\htdocs\\TrabajoCine 4.0\\public\\index.php')
WARNING - 2024-10-23 22:50:57 --> [DEPRECATED] Creation of dynamic property App\Controllers\Ventas::$VentaM is deprecated in APPPATH\Controllers\Ventas.php on line 75.
 1 SYSTEMPATH\CodeIgniter.php(903): App\Controllers\Ventas->__construct()
 2 SYSTEMPATH\CodeIgniter.php(500): CodeIgniter\CodeIgniter->createController()
 3 SYSTEMPATH\CodeIgniter.php(355): CodeIgniter\CodeIgniter->handleRequest(null, Object(Config\Cache), false)
 4 SYSTEMPATH\Boot.php(325): CodeIgniter\CodeIgniter->run()
 5 SYSTEMPATH\Boot.php(67): CodeIgniter\Boot::runCodeIgniter(Object(CodeIgniter\CodeIgniter))
 6 FCPATH\index.php(56): CodeIgniter\Boot::bootWeb(Object(Config\Paths))
 7 SYSTEMPATH\rewrite.php(44): require_once('C:\\xampp\\htdocs\\TrabajoCine 4.0\\public\\index.php')
WARNING - 2024-10-23 22:50:57 --> [DEPRECATED] Creation of dynamic property App\Controllers\Ventas::$db is deprecated in APPPATH\Controllers\Ventas.php on line 78.
 1 SYSTEMPATH\CodeIgniter.php(903): App\Controllers\Ventas->__construct()
 2 SYSTEMPATH\CodeIgniter.php(500): CodeIgniter\CodeIgniter->createController()
 3 SYSTEMPATH\CodeIgniter.php(355): CodeIgniter\CodeIgniter->handleRequest(null, Object(Config\Cache), false)
 4 SYSTEMPATH\Boot.php(325): CodeIgniter\CodeIgniter->run()
 5 SYSTEMPATH\Boot.php(67): CodeIgniter\Boot::runCodeIgniter(Object(CodeIgniter\CodeIgniter))
 6 FCPATH\index.php(56): CodeIgniter\Boot::bootWeb(Object(Config\Paths))
 7 SYSTEMPATH\rewrite.php(44): require_once('C:\\xampp\\htdocs\\TrabajoCine 4.0\\public\\index.php')
WARNING - 2024-10-23 22:51:01 --> [DEPRECATED] Creation of dynamic property App\Controllers\Ventas::$VentaM is deprecated in APPPATH\Controllers\Ventas.php on line 75.
 1 SYSTEMPATH\CodeIgniter.php(903): App\Controllers\Ventas->__construct()
 2 SYSTEMPATH\CodeIgniter.php(500): CodeIgniter\CodeIgniter->createController()
 3 SYSTEMPATH\CodeIgniter.php(355): CodeIgniter\CodeIgniter->handleRequest(null, Object(Config\Cache), false)
 4 SYSTEMPATH\Boot.php(325): CodeIgniter\CodeIgniter->run()
 5 SYSTEMPATH\Boot.php(67): CodeIgniter\Boot::runCodeIgniter(Object(CodeIgniter\CodeIgniter))
 6 FCPATH\index.php(56): CodeIgniter\Boot::bootWeb(Object(Config\Paths))
 7 SYSTEMPATH\rewrite.php(44): require_once('C:\\xampp\\htdocs\\TrabajoCine 4.0\\public\\index.php')
WARNING - 2024-10-23 22:51:01 --> [DEPRECATED] Creation of dynamic property App\Controllers\Ventas::$db is deprecated in APPPATH\Controllers\Ventas.php on line 78.
 1 SYSTEMPATH\CodeIgniter.php(903): App\Controllers\Ventas->__construct()
 2 SYSTEMPATH\CodeIgniter.php(500): CodeIgniter\CodeIgniter->createController()
 3 SYSTEMPATH\CodeIgniter.php(355): CodeIgniter\CodeIgniter->handleRequest(null, Object(Config\Cache), false)
 4 SYSTEMPATH\Boot.php(325): CodeIgniter\CodeIgniter->run()
 5 SYSTEMPATH\Boot.php(67): CodeIgniter\Boot::runCodeIgniter(Object(CodeIgniter\CodeIgniter))
 6 FCPATH\index.php(56): CodeIgniter\Boot::bootWeb(Object(Config\Paths))
 7 SYSTEMPATH\rewrite.php(44): require_once('C:\\xampp\\htdocs\\TrabajoCine 4.0\\public\\index.php')
INFO - 2024-10-23 22:51:01 --> Session: Class initialized using 'CodeIgniter\Session\Handlers\FileHandler' driver.
WARNING - 2024-10-23 22:51:01 --> [DEPRECATED] Creation of dynamic property App\Controllers\Ventas::$VentaM is deprecated in APPPATH\Controllers\Ventas.php on line 75.
 1 SYSTEMPATH\CodeIgniter.php(903): App\Controllers\Ventas->__construct()
 2 SYSTEMPATH\CodeIgniter.php(500): CodeIgniter\CodeIgniter->createController()
 3 SYSTEMPATH\CodeIgniter.php(355): CodeIgniter\CodeIgniter->handleRequest(null, Object(Config\Cache), false)
 4 SYSTEMPATH\Boot.php(325): CodeIgniter\CodeIgniter->run()
 5 SYSTEMPATH\Boot.php(67): CodeIgniter\Boot::runCodeIgniter(Object(CodeIgniter\CodeIgniter))
 6 FCPATH\index.php(56): CodeIgniter\Boot::bootWeb(Object(Config\Paths))
 7 SYSTEMPATH\rewrite.php(44): require_once('C:\\xampp\\htdocs\\TrabajoCine 4.0\\public\\index.php')
WARNING - 2024-10-23 22:51:01 --> [DEPRECATED] Creation of dynamic property App\Controllers\Ventas::$db is deprecated in APPPATH\Controllers\Ventas.php on line 78.
 1 SYSTEMPATH\CodeIgniter.php(903): App\Controllers\Ventas->__construct()
 2 SYSTEMPATH\CodeIgniter.php(500): CodeIgniter\CodeIgniter->createController()
 3 SYSTEMPATH\CodeIgniter.php(355): CodeIgniter\CodeIgniter->handleRequest(null, Object(Config\Cache), false)
 4 SYSTEMPATH\Boot.php(325): CodeIgniter\CodeIgniter->run()
 5 SYSTEMPATH\Boot.php(67): CodeIgniter\Boot::runCodeIgniter(Object(CodeIgniter\CodeIgniter))
 6 FCPATH\index.php(56): CodeIgniter\Boot::bootWeb(Object(Config\Paths))
 7 SYSTEMPATH\rewrite.php(44): require_once('C:\\xampp\\htdocs\\TrabajoCine 4.0\\public\\index.php')
WARNING - 2024-10-23 22:51:02 --> [DEPRECATED] Creation of dynamic property App\Controllers\Ventas::$VentaM is deprecated in APPPATH\Controllers\Ventas.php on line 75.
 1 SYSTEMPATH\CodeIgniter.php(903): App\Controllers\Ventas->__construct()
 2 SYSTEMPATH\CodeIgniter.php(500): CodeIgniter\CodeIgniter->createController()
 3 SYSTEMPATH\CodeIgniter.php(355): CodeIgniter\CodeIgniter->handleRequest(null, Object(Config\Cache), false)
 4 SYSTEMPATH\Boot.php(325): CodeIgniter\CodeIgniter->run()
 5 SYSTEMPATH\Boot.php(67): CodeIgniter\Boot::runCodeIgniter(Object(CodeIgniter\CodeIgniter))
 6 FCPATH\index.php(56): CodeIgniter\Boot::bootWeb(Object(Config\Paths))
 7 SYSTEMPATH\rewrite.php(44): require_once('C:\\xampp\\htdocs\\TrabajoCine 4.0\\public\\index.php')
WARNING - 2024-10-23 22:51:02 --> [DEPRECATED] Creation of dynamic property App\Controllers\Ventas::$db is deprecated in APPPATH\Controllers\Ventas.php on line 78.
 1 SYSTEMPATH\CodeIgniter.php(903): App\Controllers\Ventas->__construct()
 2 SYSTEMPATH\CodeIgniter.php(500): CodeIgniter\CodeIgniter->createController()
 3 SYSTEMPATH\CodeIgniter.php(355): CodeIgniter\CodeIgniter->handleRequest(null, Object(Config\Cache), false)
 4 SYSTEMPATH\Boot.php(325): CodeIgniter\CodeIgniter->run()
 5 SYSTEMPATH\Boot.php(67): CodeIgniter\Boot::runCodeIgniter(Object(CodeIgniter\CodeIgniter))
 6 FCPATH\index.php(56): CodeIgniter\Boot::bootWeb(Object(Config\Paths))
 7 SYSTEMPATH\rewrite.php(44): require_once('C:\\xampp\\htdocs\\TrabajoCine 4.0\\public\\index.php')
WARNING - 2024-10-23 22:51:14 --> [DEPRECATED] Creation of dynamic property App\Controllers\Ventas::$VentaM is deprecated in APPPATH\Controllers\Ventas.php on line 75.
 1 SYSTEMPATH\CodeIgniter.php(903): App\Controllers\Ventas->__construct()
 2 SYSTEMPATH\CodeIgniter.php(500): CodeIgniter\CodeIgniter->createController()
 3 SYSTEMPATH\CodeIgniter.php(355): CodeIgniter\CodeIgniter->handleRequest(null, Object(Config\Cache), false)
 4 SYSTEMPATH\Boot.php(325): CodeIgniter\CodeIgniter->run()
 5 SYSTEMPATH\Boot.php(67): CodeIgniter\Boot::runCodeIgniter(Object(CodeIgniter\CodeIgniter))
 6 FCPATH\index.php(56): CodeIgniter\Boot::bootWeb(Object(Config\Paths))
 7 SYSTEMPATH\rewrite.php(44): require_once('C:\\xampp\\htdocs\\TrabajoCine 4.0\\public\\index.php')
WARNING - 2024-10-23 22:51:14 --> [DEPRECATED] Creation of dynamic property App\Controllers\Ventas::$db is deprecated in APPPATH\Controllers\Ventas.php on line 78.
 1 SYSTEMPATH\CodeIgniter.php(903): App\Controllers\Ventas->__construct()
 2 SYSTEMPATH\CodeIgniter.php(500): CodeIgniter\CodeIgniter->createController()
 3 SYSTEMPATH\CodeIgniter.php(355): CodeIgniter\CodeIgniter->handleRequest(null, Object(Config\Cache), false)
 4 SYSTEMPATH\Boot.php(325): CodeIgniter\CodeIgniter->run()
 5 SYSTEMPATH\Boot.php(67): CodeIgniter\Boot::runCodeIgniter(Object(CodeIgniter\CodeIgniter))
 6 FCPATH\index.php(56): CodeIgniter\Boot::bootWeb(Object(Config\Paths))
 7 SYSTEMPATH\rewrite.php(44): require_once('C:\\xampp\\htdocs\\TrabajoCine 4.0\\public\\index.php')
WARNING - 2024-10-23 22:51:14 --> [DEPRECATED] Creation of dynamic property App\Controllers\Ventas::$VentaM is deprecated in APPPATH\Controllers\Ventas.php on line 75.
 1 SYSTEMPATH\CodeIgniter.php(903): App\Controllers\Ventas->__construct()
 2 SYSTEMPATH\CodeIgniter.php(500): CodeIgniter\CodeIgniter->createController()
 3 SYSTEMPATH\CodeIgniter.php(355): CodeIgniter\CodeIgniter->handleRequest(null, Object(Config\Cache), false)
 4 SYSTEMPATH\Boot.php(325): CodeIgniter\CodeIgniter->run()
 5 SYSTEMPATH\Boot.php(67): CodeIgniter\Boot::runCodeIgniter(Object(CodeIgniter\CodeIgniter))
 6 FCPATH\index.php(56): CodeIgniter\Boot::bootWeb(Object(Config\Paths))
 7 SYSTEMPATH\rewrite.php(44): require_once('C:\\xampp\\htdocs\\TrabajoCine 4.0\\public\\index.php')
WARNING - 2024-10-23 22:51:14 --> [DEPRECATED] Creation of dynamic property App\Controllers\Ventas::$db is deprecated in APPPATH\Controllers\Ventas.php on line 78.
 1 SYSTEMPATH\CodeIgniter.php(903): App\Controllers\Ventas->__construct()
 2 SYSTEMPATH\CodeIgniter.php(500): CodeIgniter\CodeIgniter->createController()
 3 SYSTEMPATH\CodeIgniter.php(355): CodeIgniter\CodeIgniter->handleRequest(null, Object(Config\Cache), false)
 4 SYSTEMPATH\Boot.php(325): CodeIgniter\CodeIgniter->run()
 5 SYSTEMPATH\Boot.php(67): CodeIgniter\Boot::runCodeIgniter(Object(CodeIgniter\CodeIgniter))
 6 FCPATH\index.php(56): CodeIgniter\Boot::bootWeb(Object(Config\Paths))
 7 SYSTEMPATH\rewrite.php(44): require_once('C:\\xampp\\htdocs\\TrabajoCine 4.0\\public\\index.php')
WARNING - 2024-10-23 23:31:39 --> [DEPRECATED] Creation of dynamic property App\Controllers\Ventas::$VentaM is deprecated in APPPATH\Controllers\Ventas.php on line 75.
 1 SYSTEMPATH\CodeIgniter.php(903): App\Controllers\Ventas->__construct()
 2 SYSTEMPATH\CodeIgniter.php(500): CodeIgniter\CodeIgniter->createController()
 3 SYSTEMPATH\CodeIgniter.php(355): CodeIgniter\CodeIgniter->handleRequest(null, Object(Config\Cache), false)
 4 SYSTEMPATH\Boot.php(325): CodeIgniter\CodeIgniter->run()
 5 SYSTEMPATH\Boot.php(67): CodeIgniter\Boot::runCodeIgniter(Object(CodeIgniter\CodeIgniter))
 6 FCPATH\index.php(56): CodeIgniter\Boot::bootWeb(Object(Config\Paths))
 7 SYSTEMPATH\rewrite.php(44): require_once('C:\\xampp\\htdocs\\TrabajoCine 4.0\\public\\index.php')
WARNING - 2024-10-23 23:31:39 --> [DEPRECATED] Creation of dynamic property App\Controllers\Ventas::$db is deprecated in APPPATH\Controllers\Ventas.php on line 78.
 1 SYSTEMPATH\CodeIgniter.php(903): App\Controllers\Ventas->__construct()
 2 SYSTEMPATH\CodeIgniter.php(500): CodeIgniter\CodeIgniter->createController()
 3 SYSTEMPATH\CodeIgniter.php(355): CodeIgniter\CodeIgniter->handleRequest(null, Object(Config\Cache), false)
 4 SYSTEMPATH\Boot.php(325): CodeIgniter\CodeIgniter->run()
 5 SYSTEMPATH\Boot.php(67): CodeIgniter\Boot::runCodeIgniter(Object(CodeIgniter\CodeIgniter))
 6 FCPATH\index.php(56): CodeIgniter\Boot::bootWeb(Object(Config\Paths))
 7 SYSTEMPATH\rewrite.php(44): require_once('C:\\xampp\\htdocs\\TrabajoCine 4.0\\public\\index.php')
