INFO - 2024-10-17 17:18:39 --> Session: Class initialized using 'CodeIgniter\Session\Handlers\FileHandler' driver.
INFO - 2024-10-17 17:18:47 --> Session: Class initialized using 'CodeIgniter\Session\Handlers\FileHandler' driver.
INFO - 2024-10-17 17:18:48 --> Session: Class initialized using 'CodeIgniter\Session\Handlers\FileHandler' driver.
INFO - 2024-10-17 17:18:51 --> Session: Class initialized using 'CodeIgniter\Session\Handlers\FileHandler' driver.
ERROR - 2024-10-17 17:19:04 --> mysqli_sql_exception: Unknown column 'noAsientos' in 'field list' in C:\xampp\htdocs\TrabajoCine 3.0\system\Database\MySQLi\Connection.php:312
Stack trace:
#0 C:\xampp\htdocs\TrabajoCine 3.0\system\Database\MySQLi\Connection.php(312): mysqli->query('SELECT SUM(`noA...', 0)
#1 C:\xampp\htdocs\TrabajoCine 3.0\system\Database\BaseConnection.php(734): CodeIgniter\Database\MySQLi\Connection->execute('SELECT SUM(`noA...')
#2 C:\xampp\htdocs\TrabajoCine 3.0\system\Database\BaseConnection.php(648): CodeIgniter\Database\BaseConnection->simpleQuery('SELECT SUM(`noA...')
#3 C:\xampp\htdocs\TrabajoCine 3.0\system\Database\BaseBuilder.php(1644): CodeIgniter\Database\BaseConnection->query('SELECT SUM(`noA...', Array, false)
#4 C:\xampp\htdocs\TrabajoCine 3.0\system\Model.php(330): CodeIgniter\Database\BaseBuilder->get()
#5 C:\xampp\htdocs\TrabajoCine 3.0\system\BaseModel.php(714): CodeIgniter\Model->doFirst()
#6 C:\xampp\htdocs\TrabajoCine 3.0\app\Controllers\Funciones.php(45): CodeIgniter\BaseModel->first()
#7 C:\xampp\htdocs\TrabajoCine 3.0\system\CodeIgniter.php(933): App\Controllers\Funciones->index()
#8 C:\xampp\htdocs\TrabajoCine 3.0\system\CodeIgniter.php(509): CodeIgniter\CodeIgniter->runController(Object(App\Controllers\Funciones))
#9 C:\xampp\htdocs\TrabajoCine 3.0\system\CodeIgniter.php(355): CodeIgniter\CodeIgniter->handleRequest(NULL, Object(Config\Cache), false)
#10 C:\xampp\htdocs\TrabajoCine 3.0\system\Boot.php(325): CodeIgniter\CodeIgniter->run()
#11 C:\xampp\htdocs\TrabajoCine 3.0\system\Boot.php(67): CodeIgniter\Boot::runCodeIgniter(Object(CodeIgniter\CodeIgniter))
#12 C:\xampp\htdocs\TrabajoCine 3.0\public\index.php(56): CodeIgniter\Boot::bootWeb(Object(Config\Paths))
#13 C:\xampp\htdocs\TrabajoCine 3.0\system\rewrite.php(44): require_once('C:\\xampp\\htdocs...')
#14 {main}
CRITICAL - 2024-10-17 17:19:04 --> CodeIgniter\Database\Exceptions\DatabaseException: Unknown column 'noAsientos' in 'field list'
[Method: GET, Route: funciones]
in SYSTEMPATH\Database\BaseConnection.php on line 688.
 1 SYSTEMPATH\Database\BaseBuilder.php(1644): CodeIgniter\Database\BaseConnection->query('SELECT SUM(`noAsientos`) AS `noAsientos`
FROM `Venta`
WHERE `idFuncion` = :idFuncion:
 LIMIT 1', [...], false)
 2 SYSTEMPATH\Model.php(330): CodeIgniter\Database\BaseBuilder->get()
 3 SYSTEMPATH\BaseModel.php(714): CodeIgniter\Model->doFirst()
 4 APPPATH\Controllers\Funciones.php(45): CodeIgniter\BaseModel->first()
 5 SYSTEMPATH\CodeIgniter.php(933): App\Controllers\Funciones->index()
 6 SYSTEMPATH\CodeIgniter.php(509): CodeIgniter\CodeIgniter->runController(Object(App\Controllers\Funciones))
 7 SYSTEMPATH\CodeIgniter.php(355): CodeIgniter\CodeIgniter->handleRequest(null, Object(Config\Cache), false)
 8 SYSTEMPATH\Boot.php(325): CodeIgniter\CodeIgniter->run()
 9 SYSTEMPATH\Boot.php(67): CodeIgniter\Boot::runCodeIgniter(Object(CodeIgniter\CodeIgniter))
10 FCPATH\index.php(56): CodeIgniter\Boot::bootWeb(Object(Config\Paths))
11 SYSTEMPATH\rewrite.php(44): require_once('C:\\xampp\\htdocs\\TrabajoCine 3.0\\public\\index.php')
CRITICAL - 2024-10-17 17:19:04 --> [Caused by] CodeIgniter\Database\Exceptions\DatabaseException: Unknown column 'noAsientos' in 'field list'
in SYSTEMPATH\Database\MySQLi\Connection.php on line 317.
 1 SYSTEMPATH\Database\BaseConnection.php(734): CodeIgniter\Database\MySQLi\Connection->execute('SELECT SUM(`noAsientos`) AS `noAsientos`
FROM `Venta`
WHERE `idFuncion` = \'5\'
 LIMIT 1')
 2 SYSTEMPATH\Database\BaseConnection.php(648): CodeIgniter\Database\BaseConnection->simpleQuery('SELECT SUM(`noAsientos`) AS `noAsientos`
FROM `Venta`
WHERE `idFuncion` = \'5\'
 LIMIT 1')
 3 SYSTEMPATH\Database\BaseBuilder.php(1644): CodeIgniter\Database\BaseConnection->query('SELECT SUM(`noAsientos`) AS `noAsientos`
FROM `Venta`
WHERE `idFuncion` = :idFuncion:
 LIMIT 1', [...], false)
 4 SYSTEMPATH\Model.php(330): CodeIgniter\Database\BaseBuilder->get()
 5 SYSTEMPATH\BaseModel.php(714): CodeIgniter\Model->doFirst()
 6 APPPATH\Controllers\Funciones.php(45): CodeIgniter\BaseModel->first()
 7 SYSTEMPATH\CodeIgniter.php(933): App\Controllers\Funciones->index()
 8 SYSTEMPATH\CodeIgniter.php(509): CodeIgniter\CodeIgniter->runController(Object(App\Controllers\Funciones))
 9 SYSTEMPATH\CodeIgniter.php(355): CodeIgniter\CodeIgniter->handleRequest(null, Object(Config\Cache), false)
10 SYSTEMPATH\Boot.php(325): CodeIgniter\CodeIgniter->run()
11 SYSTEMPATH\Boot.php(67): CodeIgniter\Boot::runCodeIgniter(Object(CodeIgniter\CodeIgniter))
12 FCPATH\index.php(56): CodeIgniter\Boot::bootWeb(Object(Config\Paths))
13 SYSTEMPATH\rewrite.php(44): require_once('C:\\xampp\\htdocs\\TrabajoCine 3.0\\public\\index.php')
CRITICAL - 2024-10-17 17:19:04 --> [Caused by] mysqli_sql_exception: Unknown column 'noAsientos' in 'field list'
in SYSTEMPATH\Database\MySQLi\Connection.php on line 312.
 1 SYSTEMPATH\Database\MySQLi\Connection.php(312): mysqli->query('SELECT SUM(`noAsientos`) AS `noAsientos`
FROM `Venta`
WHERE `idFuncion` = \'5\'
 LIMIT 1', 0)
 2 SYSTEMPATH\Database\BaseConnection.php(734): CodeIgniter\Database\MySQLi\Connection->execute('SELECT SUM(`noAsientos`) AS `noAsientos`
FROM `Venta`
WHERE `idFuncion` = \'5\'
 LIMIT 1')
 3 SYSTEMPATH\Database\BaseConnection.php(648): CodeIgniter\Database\BaseConnection->simpleQuery('SELECT SUM(`noAsientos`) AS `noAsientos`
FROM `Venta`
WHERE `idFuncion` = \'5\'
 LIMIT 1')
 4 SYSTEMPATH\Database\BaseBuilder.php(1644): CodeIgniter\Database\BaseConnection->query('SELECT SUM(`noAsientos`) AS `noAsientos`
FROM `Venta`
WHERE `idFuncion` = :idFuncion:
 LIMIT 1', [...], false)
 5 SYSTEMPATH\Model.php(330): CodeIgniter\Database\BaseBuilder->get()
 6 SYSTEMPATH\BaseModel.php(714): CodeIgniter\Model->doFirst()
 7 APPPATH\Controllers\Funciones.php(45): CodeIgniter\BaseModel->first()
 8 SYSTEMPATH\CodeIgniter.php(933): App\Controllers\Funciones->index()
 9 SYSTEMPATH\CodeIgniter.php(509): CodeIgniter\CodeIgniter->runController(Object(App\Controllers\Funciones))
10 SYSTEMPATH\CodeIgniter.php(355): CodeIgniter\CodeIgniter->handleRequest(null, Object(Config\Cache), false)
11 SYSTEMPATH\Boot.php(325): CodeIgniter\CodeIgniter->run()
12 SYSTEMPATH\Boot.php(67): CodeIgniter\Boot::runCodeIgniter(Object(CodeIgniter\CodeIgniter))
13 FCPATH\index.php(56): CodeIgniter\Boot::bootWeb(Object(Config\Paths))
14 SYSTEMPATH\rewrite.php(44): require_once('C:\\xampp\\htdocs\\TrabajoCine 3.0\\public\\index.php')
ERROR - 2024-10-17 17:19:51 --> mysqli_sql_exception: Unknown column 'noAsientos' in 'field list' in C:\xampp\htdocs\TrabajoCine 3.0\system\Database\MySQLi\Connection.php:312
Stack trace:
#0 C:\xampp\htdocs\TrabajoCine 3.0\system\Database\MySQLi\Connection.php(312): mysqli->query('SELECT SUM(`noA...', 0)
#1 C:\xampp\htdocs\TrabajoCine 3.0\system\Database\BaseConnection.php(734): CodeIgniter\Database\MySQLi\Connection->execute('SELECT SUM(`noA...')
#2 C:\xampp\htdocs\TrabajoCine 3.0\system\Database\BaseConnection.php(648): CodeIgniter\Database\BaseConnection->simpleQuery('SELECT SUM(`noA...')
#3 C:\xampp\htdocs\TrabajoCine 3.0\system\Database\BaseBuilder.php(1644): CodeIgniter\Database\BaseConnection->query('SELECT SUM(`noA...', Array, false)
#4 C:\xampp\htdocs\TrabajoCine 3.0\system\Model.php(330): CodeIgniter\Database\BaseBuilder->get()
#5 C:\xampp\htdocs\TrabajoCine 3.0\system\BaseModel.php(714): CodeIgniter\Model->doFirst()
#6 C:\xampp\htdocs\TrabajoCine 3.0\app\Controllers\Funciones.php(45): CodeIgniter\BaseModel->first()
#7 C:\xampp\htdocs\TrabajoCine 3.0\system\CodeIgniter.php(933): App\Controllers\Funciones->index()
#8 C:\xampp\htdocs\TrabajoCine 3.0\system\CodeIgniter.php(509): CodeIgniter\CodeIgniter->runController(Object(App\Controllers\Funciones))
#9 C:\xampp\htdocs\TrabajoCine 3.0\system\CodeIgniter.php(355): CodeIgniter\CodeIgniter->handleRequest(NULL, Object(Config\Cache), false)
#10 C:\xampp\htdocs\TrabajoCine 3.0\system\Boot.php(325): CodeIgniter\CodeIgniter->run()
#11 C:\xampp\htdocs\TrabajoCine 3.0\system\Boot.php(67): CodeIgniter\Boot::runCodeIgniter(Object(CodeIgniter\CodeIgniter))
#12 C:\xampp\htdocs\TrabajoCine 3.0\public\index.php(56): CodeIgniter\Boot::bootWeb(Object(Config\Paths))
#13 C:\xampp\htdocs\TrabajoCine 3.0\system\rewrite.php(44): require_once('C:\\xampp\\htdocs...')
#14 {main}
CRITICAL - 2024-10-17 17:19:51 --> CodeIgniter\Database\Exceptions\DatabaseException: Unknown column 'noAsientos' in 'field list'
[Method: GET, Route: funciones]
in SYSTEMPATH\Database\BaseConnection.php on line 688.
 1 SYSTEMPATH\Database\BaseBuilder.php(1644): CodeIgniter\Database\BaseConnection->query('SELECT SUM(`noAsientos`) AS `noAsientos`
FROM `Venta`
WHERE `idFuncion` = :idFuncion:
 LIMIT 1', [...], false)
 2 SYSTEMPATH\Model.php(330): CodeIgniter\Database\BaseBuilder->get()
 3 SYSTEMPATH\BaseModel.php(714): CodeIgniter\Model->doFirst()
 4 APPPATH\Controllers\Funciones.php(45): CodeIgniter\BaseModel->first()
 5 SYSTEMPATH\CodeIgniter.php(933): App\Controllers\Funciones->index()
 6 SYSTEMPATH\CodeIgniter.php(509): CodeIgniter\CodeIgniter->runController(Object(App\Controllers\Funciones))
 7 SYSTEMPATH\CodeIgniter.php(355): CodeIgniter\CodeIgniter->handleRequest(null, Object(Config\Cache), false)
 8 SYSTEMPATH\Boot.php(325): CodeIgniter\CodeIgniter->run()
 9 SYSTEMPATH\Boot.php(67): CodeIgniter\Boot::runCodeIgniter(Object(CodeIgniter\CodeIgniter))
10 FCPATH\index.php(56): CodeIgniter\Boot::bootWeb(Object(Config\Paths))
11 SYSTEMPATH\rewrite.php(44): require_once('C:\\xampp\\htdocs\\TrabajoCine 3.0\\public\\index.php')
CRITICAL - 2024-10-17 17:19:51 --> [Caused by] CodeIgniter\Database\Exceptions\DatabaseException: Unknown column 'noAsientos' in 'field list'
in SYSTEMPATH\Database\MySQLi\Connection.php on line 317.
 1 SYSTEMPATH\Database\BaseConnection.php(734): CodeIgniter\Database\MySQLi\Connection->execute('SELECT SUM(`noAsientos`) AS `noAsientos`
FROM `Venta`
WHERE `idFuncion` = \'5\'
 LIMIT 1')
 2 SYSTEMPATH\Database\BaseConnection.php(648): CodeIgniter\Database\BaseConnection->simpleQuery('SELECT SUM(`noAsientos`) AS `noAsientos`
FROM `Venta`
WHERE `idFuncion` = \'5\'
 LIMIT 1')
 3 SYSTEMPATH\Database\BaseBuilder.php(1644): CodeIgniter\Database\BaseConnection->query('SELECT SUM(`noAsientos`) AS `noAsientos`
FROM `Venta`
WHERE `idFuncion` = :idFuncion:
 LIMIT 1', [...], false)
 4 SYSTEMPATH\Model.php(330): CodeIgniter\Database\BaseBuilder->get()
 5 SYSTEMPATH\BaseModel.php(714): CodeIgniter\Model->doFirst()
 6 APPPATH\Controllers\Funciones.php(45): CodeIgniter\BaseModel->first()
 7 SYSTEMPATH\CodeIgniter.php(933): App\Controllers\Funciones->index()
 8 SYSTEMPATH\CodeIgniter.php(509): CodeIgniter\CodeIgniter->runController(Object(App\Controllers\Funciones))
 9 SYSTEMPATH\CodeIgniter.php(355): CodeIgniter\CodeIgniter->handleRequest(null, Object(Config\Cache), false)
10 SYSTEMPATH\Boot.php(325): CodeIgniter\CodeIgniter->run()
11 SYSTEMPATH\Boot.php(67): CodeIgniter\Boot::runCodeIgniter(Object(CodeIgniter\CodeIgniter))
12 FCPATH\index.php(56): CodeIgniter\Boot::bootWeb(Object(Config\Paths))
13 SYSTEMPATH\rewrite.php(44): require_once('C:\\xampp\\htdocs\\TrabajoCine 3.0\\public\\index.php')
CRITICAL - 2024-10-17 17:19:51 --> [Caused by] mysqli_sql_exception: Unknown column 'noAsientos' in 'field list'
in SYSTEMPATH\Database\MySQLi\Connection.php on line 312.
 1 SYSTEMPATH\Database\MySQLi\Connection.php(312): mysqli->query('SELECT SUM(`noAsientos`) AS `noAsientos`
FROM `Venta`
WHERE `idFuncion` = \'5\'
 LIMIT 1', 0)
 2 SYSTEMPATH\Database\BaseConnection.php(734): CodeIgniter\Database\MySQLi\Connection->execute('SELECT SUM(`noAsientos`) AS `noAsientos`
FROM `Venta`
WHERE `idFuncion` = \'5\'
 LIMIT 1')
 3 SYSTEMPATH\Database\BaseConnection.php(648): CodeIgniter\Database\BaseConnection->simpleQuery('SELECT SUM(`noAsientos`) AS `noAsientos`
FROM `Venta`
WHERE `idFuncion` = \'5\'
 LIMIT 1')
 4 SYSTEMPATH\Database\BaseBuilder.php(1644): CodeIgniter\Database\BaseConnection->query('SELECT SUM(`noAsientos`) AS `noAsientos`
FROM `Venta`
WHERE `idFuncion` = :idFuncion:
 LIMIT 1', [...], false)
 5 SYSTEMPATH\Model.php(330): CodeIgniter\Database\BaseBuilder->get()
 6 SYSTEMPATH\BaseModel.php(714): CodeIgniter\Model->doFirst()
 7 APPPATH\Controllers\Funciones.php(45): CodeIgniter\BaseModel->first()
 8 SYSTEMPATH\CodeIgniter.php(933): App\Controllers\Funciones->index()
 9 SYSTEMPATH\CodeIgniter.php(509): CodeIgniter\CodeIgniter->runController(Object(App\Controllers\Funciones))
10 SYSTEMPATH\CodeIgniter.php(355): CodeIgniter\CodeIgniter->handleRequest(null, Object(Config\Cache), false)
11 SYSTEMPATH\Boot.php(325): CodeIgniter\CodeIgniter->run()
12 SYSTEMPATH\Boot.php(67): CodeIgniter\Boot::runCodeIgniter(Object(CodeIgniter\CodeIgniter))
13 FCPATH\index.php(56): CodeIgniter\Boot::bootWeb(Object(Config\Paths))
14 SYSTEMPATH\rewrite.php(44): require_once('C:\\xampp\\htdocs\\TrabajoCine 3.0\\public\\index.php')
ERROR - 2024-10-17 17:21:38 --> mysqli_sql_exception: Unknown column 'noAsientos' in 'field list' in C:\xampp\htdocs\TrabajoCine 3.0\system\Database\MySQLi\Connection.php:312
Stack trace:
#0 C:\xampp\htdocs\TrabajoCine 3.0\system\Database\MySQLi\Connection.php(312): mysqli->query('SELECT SUM(`noA...', 0)
#1 C:\xampp\htdocs\TrabajoCine 3.0\system\Database\BaseConnection.php(734): CodeIgniter\Database\MySQLi\Connection->execute('SELECT SUM(`noA...')
#2 C:\xampp\htdocs\TrabajoCine 3.0\system\Database\BaseConnection.php(648): CodeIgniter\Database\BaseConnection->simpleQuery('SELECT SUM(`noA...')
#3 C:\xampp\htdocs\TrabajoCine 3.0\system\Database\BaseBuilder.php(1644): CodeIgniter\Database\BaseConnection->query('SELECT SUM(`noA...', Array, false)
#4 C:\xampp\htdocs\TrabajoCine 3.0\system\Model.php(330): CodeIgniter\Database\BaseBuilder->get()
#5 C:\xampp\htdocs\TrabajoCine 3.0\system\BaseModel.php(714): CodeIgniter\Model->doFirst()
#6 C:\xampp\htdocs\TrabajoCine 3.0\app\Controllers\Funciones.php(45): CodeIgniter\BaseModel->first()
#7 C:\xampp\htdocs\TrabajoCine 3.0\system\CodeIgniter.php(933): App\Controllers\Funciones->index()
#8 C:\xampp\htdocs\TrabajoCine 3.0\system\CodeIgniter.php(509): CodeIgniter\CodeIgniter->runController(Object(App\Controllers\Funciones))
#9 C:\xampp\htdocs\TrabajoCine 3.0\system\CodeIgniter.php(355): CodeIgniter\CodeIgniter->handleRequest(NULL, Object(Config\Cache), false)
#10 C:\xampp\htdocs\TrabajoCine 3.0\system\Boot.php(325): CodeIgniter\CodeIgniter->run()
#11 C:\xampp\htdocs\TrabajoCine 3.0\system\Boot.php(67): CodeIgniter\Boot::runCodeIgniter(Object(CodeIgniter\CodeIgniter))
#12 C:\xampp\htdocs\TrabajoCine 3.0\public\index.php(56): CodeIgniter\Boot::bootWeb(Object(Config\Paths))
#13 C:\xampp\htdocs\TrabajoCine 3.0\system\rewrite.php(44): require_once('C:\\xampp\\htdocs...')
#14 {main}
CRITICAL - 2024-10-17 17:21:38 --> CodeIgniter\Database\Exceptions\DatabaseException: Unknown column 'noAsientos' in 'field list'
[Method: GET, Route: funciones]
in SYSTEMPATH\Database\BaseConnection.php on line 688.
 1 SYSTEMPATH\Database\BaseBuilder.php(1644): CodeIgniter\Database\BaseConnection->query('SELECT SUM(`noAsientos`) AS `noAsientos`
FROM `Venta`
WHERE `idFuncion` = :idFuncion:
 LIMIT 1', [...], false)
 2 SYSTEMPATH\Model.php(330): CodeIgniter\Database\BaseBuilder->get()
 3 SYSTEMPATH\BaseModel.php(714): CodeIgniter\Model->doFirst()
 4 APPPATH\Controllers\Funciones.php(45): CodeIgniter\BaseModel->first()
 5 SYSTEMPATH\CodeIgniter.php(933): App\Controllers\Funciones->index()
 6 SYSTEMPATH\CodeIgniter.php(509): CodeIgniter\CodeIgniter->runController(Object(App\Controllers\Funciones))
 7 SYSTEMPATH\CodeIgniter.php(355): CodeIgniter\CodeIgniter->handleRequest(null, Object(Config\Cache), false)
 8 SYSTEMPATH\Boot.php(325): CodeIgniter\CodeIgniter->run()
 9 SYSTEMPATH\Boot.php(67): CodeIgniter\Boot::runCodeIgniter(Object(CodeIgniter\CodeIgniter))
10 FCPATH\index.php(56): CodeIgniter\Boot::bootWeb(Object(Config\Paths))
11 SYSTEMPATH\rewrite.php(44): require_once('C:\\xampp\\htdocs\\TrabajoCine 3.0\\public\\index.php')
CRITICAL - 2024-10-17 17:21:38 --> [Caused by] CodeIgniter\Database\Exceptions\DatabaseException: Unknown column 'noAsientos' in 'field list'
in SYSTEMPATH\Database\MySQLi\Connection.php on line 317.
 1 SYSTEMPATH\Database\BaseConnection.php(734): CodeIgniter\Database\MySQLi\Connection->execute('SELECT SUM(`noAsientos`) AS `noAsientos`
FROM `Venta`
WHERE `idFuncion` = \'5\'
 LIMIT 1')
 2 SYSTEMPATH\Database\BaseConnection.php(648): CodeIgniter\Database\BaseConnection->simpleQuery('SELECT SUM(`noAsientos`) AS `noAsientos`
FROM `Venta`
WHERE `idFuncion` = \'5\'
 LIMIT 1')
 3 SYSTEMPATH\Database\BaseBuilder.php(1644): CodeIgniter\Database\BaseConnection->query('SELECT SUM(`noAsientos`) AS `noAsientos`
FROM `Venta`
WHERE `idFuncion` = :idFuncion:
 LIMIT 1', [...], false)
 4 SYSTEMPATH\Model.php(330): CodeIgniter\Database\BaseBuilder->get()
 5 SYSTEMPATH\BaseModel.php(714): CodeIgniter\Model->doFirst()
 6 APPPATH\Controllers\Funciones.php(45): CodeIgniter\BaseModel->first()
 7 SYSTEMPATH\CodeIgniter.php(933): App\Controllers\Funciones->index()
 8 SYSTEMPATH\CodeIgniter.php(509): CodeIgniter\CodeIgniter->runController(Object(App\Controllers\Funciones))
 9 SYSTEMPATH\CodeIgniter.php(355): CodeIgniter\CodeIgniter->handleRequest(null, Object(Config\Cache), false)
10 SYSTEMPATH\Boot.php(325): CodeIgniter\CodeIgniter->run()
11 SYSTEMPATH\Boot.php(67): CodeIgniter\Boot::runCodeIgniter(Object(CodeIgniter\CodeIgniter))
12 FCPATH\index.php(56): CodeIgniter\Boot::bootWeb(Object(Config\Paths))
13 SYSTEMPATH\rewrite.php(44): require_once('C:\\xampp\\htdocs\\TrabajoCine 3.0\\public\\index.php')
CRITICAL - 2024-10-17 17:21:38 --> [Caused by] mysqli_sql_exception: Unknown column 'noAsientos' in 'field list'
in SYSTEMPATH\Database\MySQLi\Connection.php on line 312.
 1 SYSTEMPATH\Database\MySQLi\Connection.php(312): mysqli->query('SELECT SUM(`noAsientos`) AS `noAsientos`
FROM `Venta`
WHERE `idFuncion` = \'5\'
 LIMIT 1', 0)
 2 SYSTEMPATH\Database\BaseConnection.php(734): CodeIgniter\Database\MySQLi\Connection->execute('SELECT SUM(`noAsientos`) AS `noAsientos`
FROM `Venta`
WHERE `idFuncion` = \'5\'
 LIMIT 1')
 3 SYSTEMPATH\Database\BaseConnection.php(648): CodeIgniter\Database\BaseConnection->simpleQuery('SELECT SUM(`noAsientos`) AS `noAsientos`
FROM `Venta`
WHERE `idFuncion` = \'5\'
 LIMIT 1')
 4 SYSTEMPATH\Database\BaseBuilder.php(1644): CodeIgniter\Database\BaseConnection->query('SELECT SUM(`noAsientos`) AS `noAsientos`
FROM `Venta`
WHERE `idFuncion` = :idFuncion:
 LIMIT 1', [...], false)
 5 SYSTEMPATH\Model.php(330): CodeIgniter\Database\BaseBuilder->get()
 6 SYSTEMPATH\BaseModel.php(714): CodeIgniter\Model->doFirst()
 7 APPPATH\Controllers\Funciones.php(45): CodeIgniter\BaseModel->first()
 8 SYSTEMPATH\CodeIgniter.php(933): App\Controllers\Funciones->index()
 9 SYSTEMPATH\CodeIgniter.php(509): CodeIgniter\CodeIgniter->runController(Object(App\Controllers\Funciones))
10 SYSTEMPATH\CodeIgniter.php(355): CodeIgniter\CodeIgniter->handleRequest(null, Object(Config\Cache), false)
11 SYSTEMPATH\Boot.php(325): CodeIgniter\CodeIgniter->run()
12 SYSTEMPATH\Boot.php(67): CodeIgniter\Boot::runCodeIgniter(Object(CodeIgniter\CodeIgniter))
13 FCPATH\index.php(56): CodeIgniter\Boot::bootWeb(Object(Config\Paths))
14 SYSTEMPATH\rewrite.php(44): require_once('C:\\xampp\\htdocs\\TrabajoCine 3.0\\public\\index.php')
ERROR - 2024-10-17 17:21:39 --> mysqli_sql_exception: Unknown column 'noAsientos' in 'field list' in C:\xampp\htdocs\TrabajoCine 3.0\system\Database\MySQLi\Connection.php:312
Stack trace:
#0 C:\xampp\htdocs\TrabajoCine 3.0\system\Database\MySQLi\Connection.php(312): mysqli->query('SELECT SUM(`noA...', 0)
#1 C:\xampp\htdocs\TrabajoCine 3.0\system\Database\BaseConnection.php(734): CodeIgniter\Database\MySQLi\Connection->execute('SELECT SUM(`noA...')
#2 C:\xampp\htdocs\TrabajoCine 3.0\system\Database\BaseConnection.php(648): CodeIgniter\Database\BaseConnection->simpleQuery('SELECT SUM(`noA...')
#3 C:\xampp\htdocs\TrabajoCine 3.0\system\Database\BaseBuilder.php(1644): CodeIgniter\Database\BaseConnection->query('SELECT SUM(`noA...', Array, false)
#4 C:\xampp\htdocs\TrabajoCine 3.0\system\Model.php(330): CodeIgniter\Database\BaseBuilder->get()
#5 C:\xampp\htdocs\TrabajoCine 3.0\system\BaseModel.php(714): CodeIgniter\Model->doFirst()
#6 C:\xampp\htdocs\TrabajoCine 3.0\app\Controllers\Funciones.php(45): CodeIgniter\BaseModel->first()
#7 C:\xampp\htdocs\TrabajoCine 3.0\system\CodeIgniter.php(933): App\Controllers\Funciones->index()
#8 C:\xampp\htdocs\TrabajoCine 3.0\system\CodeIgniter.php(509): CodeIgniter\CodeIgniter->runController(Object(App\Controllers\Funciones))
#9 C:\xampp\htdocs\TrabajoCine 3.0\system\CodeIgniter.php(355): CodeIgniter\CodeIgniter->handleRequest(NULL, Object(Config\Cache), false)
#10 C:\xampp\htdocs\TrabajoCine 3.0\system\Boot.php(325): CodeIgniter\CodeIgniter->run()
#11 C:\xampp\htdocs\TrabajoCine 3.0\system\Boot.php(67): CodeIgniter\Boot::runCodeIgniter(Object(CodeIgniter\CodeIgniter))
#12 C:\xampp\htdocs\TrabajoCine 3.0\public\index.php(56): CodeIgniter\Boot::bootWeb(Object(Config\Paths))
#13 C:\xampp\htdocs\TrabajoCine 3.0\system\rewrite.php(44): require_once('C:\\xampp\\htdocs...')
#14 {main}
CRITICAL - 2024-10-17 17:21:39 --> CodeIgniter\Database\Exceptions\DatabaseException: Unknown column 'noAsientos' in 'field list'
[Method: GET, Route: funciones]
in SYSTEMPATH\Database\BaseConnection.php on line 688.
 1 SYSTEMPATH\Database\BaseBuilder.php(1644): CodeIgniter\Database\BaseConnection->query('SELECT SUM(`noAsientos`) AS `noAsientos`
FROM `Venta`
WHERE `idFuncion` = :idFuncion:
 LIMIT 1', [...], false)
 2 SYSTEMPATH\Model.php(330): CodeIgniter\Database\BaseBuilder->get()
 3 SYSTEMPATH\BaseModel.php(714): CodeIgniter\Model->doFirst()
 4 APPPATH\Controllers\Funciones.php(45): CodeIgniter\BaseModel->first()
 5 SYSTEMPATH\CodeIgniter.php(933): App\Controllers\Funciones->index()
 6 SYSTEMPATH\CodeIgniter.php(509): CodeIgniter\CodeIgniter->runController(Object(App\Controllers\Funciones))
 7 SYSTEMPATH\CodeIgniter.php(355): CodeIgniter\CodeIgniter->handleRequest(null, Object(Config\Cache), false)
 8 SYSTEMPATH\Boot.php(325): CodeIgniter\CodeIgniter->run()
 9 SYSTEMPATH\Boot.php(67): CodeIgniter\Boot::runCodeIgniter(Object(CodeIgniter\CodeIgniter))
10 FCPATH\index.php(56): CodeIgniter\Boot::bootWeb(Object(Config\Paths))
11 SYSTEMPATH\rewrite.php(44): require_once('C:\\xampp\\htdocs\\TrabajoCine 3.0\\public\\index.php')
CRITICAL - 2024-10-17 17:21:39 --> [Caused by] CodeIgniter\Database\Exceptions\DatabaseException: Unknown column 'noAsientos' in 'field list'
in SYSTEMPATH\Database\MySQLi\Connection.php on line 317.
 1 SYSTEMPATH\Database\BaseConnection.php(734): CodeIgniter\Database\MySQLi\Connection->execute('SELECT SUM(`noAsientos`) AS `noAsientos`
FROM `Venta`
WHERE `idFuncion` = \'5\'
 LIMIT 1')
 2 SYSTEMPATH\Database\BaseConnection.php(648): CodeIgniter\Database\BaseConnection->simpleQuery('SELECT SUM(`noAsientos`) AS `noAsientos`
FROM `Venta`
WHERE `idFuncion` = \'5\'
 LIMIT 1')
 3 SYSTEMPATH\Database\BaseBuilder.php(1644): CodeIgniter\Database\BaseConnection->query('SELECT SUM(`noAsientos`) AS `noAsientos`
FROM `Venta`
WHERE `idFuncion` = :idFuncion:
 LIMIT 1', [...], false)
 4 SYSTEMPATH\Model.php(330): CodeIgniter\Database\BaseBuilder->get()
 5 SYSTEMPATH\BaseModel.php(714): CodeIgniter\Model->doFirst()
 6 APPPATH\Controllers\Funciones.php(45): CodeIgniter\BaseModel->first()
 7 SYSTEMPATH\CodeIgniter.php(933): App\Controllers\Funciones->index()
 8 SYSTEMPATH\CodeIgniter.php(509): CodeIgniter\CodeIgniter->runController(Object(App\Controllers\Funciones))
 9 SYSTEMPATH\CodeIgniter.php(355): CodeIgniter\CodeIgniter->handleRequest(null, Object(Config\Cache), false)
10 SYSTEMPATH\Boot.php(325): CodeIgniter\CodeIgniter->run()
11 SYSTEMPATH\Boot.php(67): CodeIgniter\Boot::runCodeIgniter(Object(CodeIgniter\CodeIgniter))
12 FCPATH\index.php(56): CodeIgniter\Boot::bootWeb(Object(Config\Paths))
13 SYSTEMPATH\rewrite.php(44): require_once('C:\\xampp\\htdocs\\TrabajoCine 3.0\\public\\index.php')
CRITICAL - 2024-10-17 17:21:39 --> [Caused by] mysqli_sql_exception: Unknown column 'noAsientos' in 'field list'
in SYSTEMPATH\Database\MySQLi\Connection.php on line 312.
 1 SYSTEMPATH\Database\MySQLi\Connection.php(312): mysqli->query('SELECT SUM(`noAsientos`) AS `noAsientos`
FROM `Venta`
WHERE `idFuncion` = \'5\'
 LIMIT 1', 0)
 2 SYSTEMPATH\Database\BaseConnection.php(734): CodeIgniter\Database\MySQLi\Connection->execute('SELECT SUM(`noAsientos`) AS `noAsientos`
FROM `Venta`
WHERE `idFuncion` = \'5\'
 LIMIT 1')
 3 SYSTEMPATH\Database\BaseConnection.php(648): CodeIgniter\Database\BaseConnection->simpleQuery('SELECT SUM(`noAsientos`) AS `noAsientos`
FROM `Venta`
WHERE `idFuncion` = \'5\'
 LIMIT 1')
 4 SYSTEMPATH\Database\BaseBuilder.php(1644): CodeIgniter\Database\BaseConnection->query('SELECT SUM(`noAsientos`) AS `noAsientos`
FROM `Venta`
WHERE `idFuncion` = :idFuncion:
 LIMIT 1', [...], false)
 5 SYSTEMPATH\Model.php(330): CodeIgniter\Database\BaseBuilder->get()
 6 SYSTEMPATH\BaseModel.php(714): CodeIgniter\Model->doFirst()
 7 APPPATH\Controllers\Funciones.php(45): CodeIgniter\BaseModel->first()
 8 SYSTEMPATH\CodeIgniter.php(933): App\Controllers\Funciones->index()
 9 SYSTEMPATH\CodeIgniter.php(509): CodeIgniter\CodeIgniter->runController(Object(App\Controllers\Funciones))
10 SYSTEMPATH\CodeIgniter.php(355): CodeIgniter\CodeIgniter->handleRequest(null, Object(Config\Cache), false)
11 SYSTEMPATH\Boot.php(325): CodeIgniter\CodeIgniter->run()
12 SYSTEMPATH\Boot.php(67): CodeIgniter\Boot::runCodeIgniter(Object(CodeIgniter\CodeIgniter))
13 FCPATH\index.php(56): CodeIgniter\Boot::bootWeb(Object(Config\Paths))
14 SYSTEMPATH\rewrite.php(44): require_once('C:\\xampp\\htdocs\\TrabajoCine 3.0\\public\\index.php')
ERROR - 2024-10-17 17:21:39 --> mysqli_sql_exception: Unknown column 'noAsientos' in 'field list' in C:\xampp\htdocs\TrabajoCine 3.0\system\Database\MySQLi\Connection.php:312
Stack trace:
#0 C:\xampp\htdocs\TrabajoCine 3.0\system\Database\MySQLi\Connection.php(312): mysqli->query('SELECT SUM(`noA...', 0)
#1 C:\xampp\htdocs\TrabajoCine 3.0\system\Database\BaseConnection.php(734): CodeIgniter\Database\MySQLi\Connection->execute('SELECT SUM(`noA...')
#2 C:\xampp\htdocs\TrabajoCine 3.0\system\Database\BaseConnection.php(648): CodeIgniter\Database\BaseConnection->simpleQuery('SELECT SUM(`noA...')
#3 C:\xampp\htdocs\TrabajoCine 3.0\system\Database\BaseBuilder.php(1644): CodeIgniter\Database\BaseConnection->query('SELECT SUM(`noA...', Array, false)
#4 C:\xampp\htdocs\TrabajoCine 3.0\system\Model.php(330): CodeIgniter\Database\BaseBuilder->get()
#5 C:\xampp\htdocs\TrabajoCine 3.0\system\BaseModel.php(714): CodeIgniter\Model->doFirst()
#6 C:\xampp\htdocs\TrabajoCine 3.0\app\Controllers\Funciones.php(45): CodeIgniter\BaseModel->first()
#7 C:\xampp\htdocs\TrabajoCine 3.0\system\CodeIgniter.php(933): App\Controllers\Funciones->index()
#8 C:\xampp\htdocs\TrabajoCine 3.0\system\CodeIgniter.php(509): CodeIgniter\CodeIgniter->runController(Object(App\Controllers\Funciones))
#9 C:\xampp\htdocs\TrabajoCine 3.0\system\CodeIgniter.php(355): CodeIgniter\CodeIgniter->handleRequest(NULL, Object(Config\Cache), false)
#10 C:\xampp\htdocs\TrabajoCine 3.0\system\Boot.php(325): CodeIgniter\CodeIgniter->run()
#11 C:\xampp\htdocs\TrabajoCine 3.0\system\Boot.php(67): CodeIgniter\Boot::runCodeIgniter(Object(CodeIgniter\CodeIgniter))
#12 C:\xampp\htdocs\TrabajoCine 3.0\public\index.php(56): CodeIgniter\Boot::bootWeb(Object(Config\Paths))
#13 C:\xampp\htdocs\TrabajoCine 3.0\system\rewrite.php(44): require_once('C:\\xampp\\htdocs...')
#14 {main}
CRITICAL - 2024-10-17 17:21:39 --> CodeIgniter\Database\Exceptions\DatabaseException: Unknown column 'noAsientos' in 'field list'
[Method: GET, Route: funciones]
in SYSTEMPATH\Database\BaseConnection.php on line 688.
 1 SYSTEMPATH\Database\BaseBuilder.php(1644): CodeIgniter\Database\BaseConnection->query('SELECT SUM(`noAsientos`) AS `noAsientos`
FROM `Venta`
WHERE `idFuncion` = :idFuncion:
 LIMIT 1', [...], false)
 2 SYSTEMPATH\Model.php(330): CodeIgniter\Database\BaseBuilder->get()
 3 SYSTEMPATH\BaseModel.php(714): CodeIgniter\Model->doFirst()
 4 APPPATH\Controllers\Funciones.php(45): CodeIgniter\BaseModel->first()
 5 SYSTEMPATH\CodeIgniter.php(933): App\Controllers\Funciones->index()
 6 SYSTEMPATH\CodeIgniter.php(509): CodeIgniter\CodeIgniter->runController(Object(App\Controllers\Funciones))
 7 SYSTEMPATH\CodeIgniter.php(355): CodeIgniter\CodeIgniter->handleRequest(null, Object(Config\Cache), false)
 8 SYSTEMPATH\Boot.php(325): CodeIgniter\CodeIgniter->run()
 9 SYSTEMPATH\Boot.php(67): CodeIgniter\Boot::runCodeIgniter(Object(CodeIgniter\CodeIgniter))
10 FCPATH\index.php(56): CodeIgniter\Boot::bootWeb(Object(Config\Paths))
11 SYSTEMPATH\rewrite.php(44): require_once('C:\\xampp\\htdocs\\TrabajoCine 3.0\\public\\index.php')
CRITICAL - 2024-10-17 17:21:39 --> [Caused by] CodeIgniter\Database\Exceptions\DatabaseException: Unknown column 'noAsientos' in 'field list'
in SYSTEMPATH\Database\MySQLi\Connection.php on line 317.
 1 SYSTEMPATH\Database\BaseConnection.php(734): CodeIgniter\Database\MySQLi\Connection->execute('SELECT SUM(`noAsientos`) AS `noAsientos`
FROM `Venta`
WHERE `idFuncion` = \'5\'
 LIMIT 1')
 2 SYSTEMPATH\Database\BaseConnection.php(648): CodeIgniter\Database\BaseConnection->simpleQuery('SELECT SUM(`noAsientos`) AS `noAsientos`
FROM `Venta`
WHERE `idFuncion` = \'5\'
 LIMIT 1')
 3 SYSTEMPATH\Database\BaseBuilder.php(1644): CodeIgniter\Database\BaseConnection->query('SELECT SUM(`noAsientos`) AS `noAsientos`
FROM `Venta`
WHERE `idFuncion` = :idFuncion:
 LIMIT 1', [...], false)
 4 SYSTEMPATH\Model.php(330): CodeIgniter\Database\BaseBuilder->get()
 5 SYSTEMPATH\BaseModel.php(714): CodeIgniter\Model->doFirst()
 6 APPPATH\Controllers\Funciones.php(45): CodeIgniter\BaseModel->first()
 7 SYSTEMPATH\CodeIgniter.php(933): App\Controllers\Funciones->index()
 8 SYSTEMPATH\CodeIgniter.php(509): CodeIgniter\CodeIgniter->runController(Object(App\Controllers\Funciones))
 9 SYSTEMPATH\CodeIgniter.php(355): CodeIgniter\CodeIgniter->handleRequest(null, Object(Config\Cache), false)
10 SYSTEMPATH\Boot.php(325): CodeIgniter\CodeIgniter->run()
11 SYSTEMPATH\Boot.php(67): CodeIgniter\Boot::runCodeIgniter(Object(CodeIgniter\CodeIgniter))
12 FCPATH\index.php(56): CodeIgniter\Boot::bootWeb(Object(Config\Paths))
13 SYSTEMPATH\rewrite.php(44): require_once('C:\\xampp\\htdocs\\TrabajoCine 3.0\\public\\index.php')
CRITICAL - 2024-10-17 17:21:39 --> [Caused by] mysqli_sql_exception: Unknown column 'noAsientos' in 'field list'
in SYSTEMPATH\Database\MySQLi\Connection.php on line 312.
 1 SYSTEMPATH\Database\MySQLi\Connection.php(312): mysqli->query('SELECT SUM(`noAsientos`) AS `noAsientos`
FROM `Venta`
WHERE `idFuncion` = \'5\'
 LIMIT 1', 0)
 2 SYSTEMPATH\Database\BaseConnection.php(734): CodeIgniter\Database\MySQLi\Connection->execute('SELECT SUM(`noAsientos`) AS `noAsientos`
FROM `Venta`
WHERE `idFuncion` = \'5\'
 LIMIT 1')
 3 SYSTEMPATH\Database\BaseConnection.php(648): CodeIgniter\Database\BaseConnection->simpleQuery('SELECT SUM(`noAsientos`) AS `noAsientos`
FROM `Venta`
WHERE `idFuncion` = \'5\'
 LIMIT 1')
 4 SYSTEMPATH\Database\BaseBuilder.php(1644): CodeIgniter\Database\BaseConnection->query('SELECT SUM(`noAsientos`) AS `noAsientos`
FROM `Venta`
WHERE `idFuncion` = :idFuncion:
 LIMIT 1', [...], false)
 5 SYSTEMPATH\Model.php(330): CodeIgniter\Database\BaseBuilder->get()
 6 SYSTEMPATH\BaseModel.php(714): CodeIgniter\Model->doFirst()
 7 APPPATH\Controllers\Funciones.php(45): CodeIgniter\BaseModel->first()
 8 SYSTEMPATH\CodeIgniter.php(933): App\Controllers\Funciones->index()
 9 SYSTEMPATH\CodeIgniter.php(509): CodeIgniter\CodeIgniter->runController(Object(App\Controllers\Funciones))
10 SYSTEMPATH\CodeIgniter.php(355): CodeIgniter\CodeIgniter->handleRequest(null, Object(Config\Cache), false)
11 SYSTEMPATH\Boot.php(325): CodeIgniter\CodeIgniter->run()
12 SYSTEMPATH\Boot.php(67): CodeIgniter\Boot::runCodeIgniter(Object(CodeIgniter\CodeIgniter))
13 FCPATH\index.php(56): CodeIgniter\Boot::bootWeb(Object(Config\Paths))
14 SYSTEMPATH\rewrite.php(44): require_once('C:\\xampp\\htdocs\\TrabajoCine 3.0\\public\\index.php')
INFO - 2024-10-17 17:21:53 --> Session: Class initialized using 'CodeIgniter\Session\Handlers\FileHandler' driver.
ERROR - 2024-10-17 17:21:55 --> mysqli_sql_exception: Unknown column 'noAsientos' in 'field list' in C:\xampp\htdocs\TrabajoCine 3.0\system\Database\MySQLi\Connection.php:312
Stack trace:
#0 C:\xampp\htdocs\TrabajoCine 3.0\system\Database\MySQLi\Connection.php(312): mysqli->query('SELECT SUM(`noA...', 0)
#1 C:\xampp\htdocs\TrabajoCine 3.0\system\Database\BaseConnection.php(734): CodeIgniter\Database\MySQLi\Connection->execute('SELECT SUM(`noA...')
#2 C:\xampp\htdocs\TrabajoCine 3.0\system\Database\BaseConnection.php(648): CodeIgniter\Database\BaseConnection->simpleQuery('SELECT SUM(`noA...')
#3 C:\xampp\htdocs\TrabajoCine 3.0\system\Database\BaseBuilder.php(1644): CodeIgniter\Database\BaseConnection->query('SELECT SUM(`noA...', Array, false)
#4 C:\xampp\htdocs\TrabajoCine 3.0\system\Model.php(330): CodeIgniter\Database\BaseBuilder->get()
#5 C:\xampp\htdocs\TrabajoCine 3.0\system\BaseModel.php(714): CodeIgniter\Model->doFirst()
#6 C:\xampp\htdocs\TrabajoCine 3.0\app\Controllers\Funciones.php(45): CodeIgniter\BaseModel->first()
#7 C:\xampp\htdocs\TrabajoCine 3.0\system\CodeIgniter.php(933): App\Controllers\Funciones->index()
#8 C:\xampp\htdocs\TrabajoCine 3.0\system\CodeIgniter.php(509): CodeIgniter\CodeIgniter->runController(Object(App\Controllers\Funciones))
#9 C:\xampp\htdocs\TrabajoCine 3.0\system\CodeIgniter.php(355): CodeIgniter\CodeIgniter->handleRequest(NULL, Object(Config\Cache), false)
#10 C:\xampp\htdocs\TrabajoCine 3.0\system\Boot.php(325): CodeIgniter\CodeIgniter->run()
#11 C:\xampp\htdocs\TrabajoCine 3.0\system\Boot.php(67): CodeIgniter\Boot::runCodeIgniter(Object(CodeIgniter\CodeIgniter))
#12 C:\xampp\htdocs\TrabajoCine 3.0\public\index.php(56): CodeIgniter\Boot::bootWeb(Object(Config\Paths))
#13 C:\xampp\htdocs\TrabajoCine 3.0\system\rewrite.php(44): require_once('C:\\xampp\\htdocs...')
#14 {main}
CRITICAL - 2024-10-17 17:21:55 --> CodeIgniter\Database\Exceptions\DatabaseException: Unknown column 'noAsientos' in 'field list'
[Method: GET, Route: funciones]
in SYSTEMPATH\Database\BaseConnection.php on line 688.
 1 SYSTEMPATH\Database\BaseBuilder.php(1644): CodeIgniter\Database\BaseConnection->query('SELECT SUM(`noAsientos`) AS `noAsientos`
FROM `Venta`
WHERE `idFuncion` = :idFuncion:
 LIMIT 1', [...], false)
 2 SYSTEMPATH\Model.php(330): CodeIgniter\Database\BaseBuilder->get()
 3 SYSTEMPATH\BaseModel.php(714): CodeIgniter\Model->doFirst()
 4 APPPATH\Controllers\Funciones.php(45): CodeIgniter\BaseModel->first()
 5 SYSTEMPATH\CodeIgniter.php(933): App\Controllers\Funciones->index()
 6 SYSTEMPATH\CodeIgniter.php(509): CodeIgniter\CodeIgniter->runController(Object(App\Controllers\Funciones))
 7 SYSTEMPATH\CodeIgniter.php(355): CodeIgniter\CodeIgniter->handleRequest(null, Object(Config\Cache), false)
 8 SYSTEMPATH\Boot.php(325): CodeIgniter\CodeIgniter->run()
 9 SYSTEMPATH\Boot.php(67): CodeIgniter\Boot::runCodeIgniter(Object(CodeIgniter\CodeIgniter))
10 FCPATH\index.php(56): CodeIgniter\Boot::bootWeb(Object(Config\Paths))
11 SYSTEMPATH\rewrite.php(44): require_once('C:\\xampp\\htdocs\\TrabajoCine 3.0\\public\\index.php')
CRITICAL - 2024-10-17 17:21:55 --> [Caused by] CodeIgniter\Database\Exceptions\DatabaseException: Unknown column 'noAsientos' in 'field list'
in SYSTEMPATH\Database\MySQLi\Connection.php on line 317.
 1 SYSTEMPATH\Database\BaseConnection.php(734): CodeIgniter\Database\MySQLi\Connection->execute('SELECT SUM(`noAsientos`) AS `noAsientos`
FROM `Venta`
WHERE `idFuncion` = \'5\'
 LIMIT 1')
 2 SYSTEMPATH\Database\BaseConnection.php(648): CodeIgniter\Database\BaseConnection->simpleQuery('SELECT SUM(`noAsientos`) AS `noAsientos`
FROM `Venta`
WHERE `idFuncion` = \'5\'
 LIMIT 1')
 3 SYSTEMPATH\Database\BaseBuilder.php(1644): CodeIgniter\Database\BaseConnection->query('SELECT SUM(`noAsientos`) AS `noAsientos`
FROM `Venta`
WHERE `idFuncion` = :idFuncion:
 LIMIT 1', [...], false)
 4 SYSTEMPATH\Model.php(330): CodeIgniter\Database\BaseBuilder->get()
 5 SYSTEMPATH\BaseModel.php(714): CodeIgniter\Model->doFirst()
 6 APPPATH\Controllers\Funciones.php(45): CodeIgniter\BaseModel->first()
 7 SYSTEMPATH\CodeIgniter.php(933): App\Controllers\Funciones->index()
 8 SYSTEMPATH\CodeIgniter.php(509): CodeIgniter\CodeIgniter->runController(Object(App\Controllers\Funciones))
 9 SYSTEMPATH\CodeIgniter.php(355): CodeIgniter\CodeIgniter->handleRequest(null, Object(Config\Cache), false)
10 SYSTEMPATH\Boot.php(325): CodeIgniter\CodeIgniter->run()
11 SYSTEMPATH\Boot.php(67): CodeIgniter\Boot::runCodeIgniter(Object(CodeIgniter\CodeIgniter))
12 FCPATH\index.php(56): CodeIgniter\Boot::bootWeb(Object(Config\Paths))
13 SYSTEMPATH\rewrite.php(44): require_once('C:\\xampp\\htdocs\\TrabajoCine 3.0\\public\\index.php')
CRITICAL - 2024-10-17 17:21:55 --> [Caused by] mysqli_sql_exception: Unknown column 'noAsientos' in 'field list'
in SYSTEMPATH\Database\MySQLi\Connection.php on line 312.
 1 SYSTEMPATH\Database\MySQLi\Connection.php(312): mysqli->query('SELECT SUM(`noAsientos`) AS `noAsientos`
FROM `Venta`
WHERE `idFuncion` = \'5\'
 LIMIT 1', 0)
 2 SYSTEMPATH\Database\BaseConnection.php(734): CodeIgniter\Database\MySQLi\Connection->execute('SELECT SUM(`noAsientos`) AS `noAsientos`
FROM `Venta`
WHERE `idFuncion` = \'5\'
 LIMIT 1')
 3 SYSTEMPATH\Database\BaseConnection.php(648): CodeIgniter\Database\BaseConnection->simpleQuery('SELECT SUM(`noAsientos`) AS `noAsientos`
FROM `Venta`
WHERE `idFuncion` = \'5\'
 LIMIT 1')
 4 SYSTEMPATH\Database\BaseBuilder.php(1644): CodeIgniter\Database\BaseConnection->query('SELECT SUM(`noAsientos`) AS `noAsientos`
FROM `Venta`
WHERE `idFuncion` = :idFuncion:
 LIMIT 1', [...], false)
 5 SYSTEMPATH\Model.php(330): CodeIgniter\Database\BaseBuilder->get()
 6 SYSTEMPATH\BaseModel.php(714): CodeIgniter\Model->doFirst()
 7 APPPATH\Controllers\Funciones.php(45): CodeIgniter\BaseModel->first()
 8 SYSTEMPATH\CodeIgniter.php(933): App\Controllers\Funciones->index()
 9 SYSTEMPATH\CodeIgniter.php(509): CodeIgniter\CodeIgniter->runController(Object(App\Controllers\Funciones))
10 SYSTEMPATH\CodeIgniter.php(355): CodeIgniter\CodeIgniter->handleRequest(null, Object(Config\Cache), false)
11 SYSTEMPATH\Boot.php(325): CodeIgniter\CodeIgniter->run()
12 SYSTEMPATH\Boot.php(67): CodeIgniter\Boot::runCodeIgniter(Object(CodeIgniter\CodeIgniter))
13 FCPATH\index.php(56): CodeIgniter\Boot::bootWeb(Object(Config\Paths))
14 SYSTEMPATH\rewrite.php(44): require_once('C:\\xampp\\htdocs\\TrabajoCine 3.0\\public\\index.php')
INFO - 2024-10-17 17:23:47 --> Session: Class initialized using 'CodeIgniter\Session\Handlers\FileHandler' driver.
ERROR - 2024-10-17 17:23:53 --> mysqli_sql_exception: Unknown column 'noAsientos' in 'field list' in C:\xampp\htdocs\TrabajoCine 3.0\system\Database\MySQLi\Connection.php:312
Stack trace:
#0 C:\xampp\htdocs\TrabajoCine 3.0\system\Database\MySQLi\Connection.php(312): mysqli->query('SELECT SUM(`noA...', 0)
#1 C:\xampp\htdocs\TrabajoCine 3.0\system\Database\BaseConnection.php(734): CodeIgniter\Database\MySQLi\Connection->execute('SELECT SUM(`noA...')
#2 C:\xampp\htdocs\TrabajoCine 3.0\system\Database\BaseConnection.php(648): CodeIgniter\Database\BaseConnection->simpleQuery('SELECT SUM(`noA...')
#3 C:\xampp\htdocs\TrabajoCine 3.0\system\Database\BaseBuilder.php(1644): CodeIgniter\Database\BaseConnection->query('SELECT SUM(`noA...', Array, false)
#4 C:\xampp\htdocs\TrabajoCine 3.0\system\Model.php(330): CodeIgniter\Database\BaseBuilder->get()
#5 C:\xampp\htdocs\TrabajoCine 3.0\system\BaseModel.php(714): CodeIgniter\Model->doFirst()
#6 C:\xampp\htdocs\TrabajoCine 3.0\app\Controllers\Funciones.php(45): CodeIgniter\BaseModel->first()
#7 C:\xampp\htdocs\TrabajoCine 3.0\system\CodeIgniter.php(933): App\Controllers\Funciones->index()
#8 C:\xampp\htdocs\TrabajoCine 3.0\system\CodeIgniter.php(509): CodeIgniter\CodeIgniter->runController(Object(App\Controllers\Funciones))
#9 C:\xampp\htdocs\TrabajoCine 3.0\system\CodeIgniter.php(355): CodeIgniter\CodeIgniter->handleRequest(NULL, Object(Config\Cache), false)
#10 C:\xampp\htdocs\TrabajoCine 3.0\system\Boot.php(325): CodeIgniter\CodeIgniter->run()
#11 C:\xampp\htdocs\TrabajoCine 3.0\system\Boot.php(67): CodeIgniter\Boot::runCodeIgniter(Object(CodeIgniter\CodeIgniter))
#12 C:\xampp\htdocs\TrabajoCine 3.0\public\index.php(56): CodeIgniter\Boot::bootWeb(Object(Config\Paths))
#13 C:\xampp\htdocs\TrabajoCine 3.0\system\rewrite.php(44): require_once('C:\\xampp\\htdocs...')
#14 {main}
CRITICAL - 2024-10-17 17:23:53 --> CodeIgniter\Database\Exceptions\DatabaseException: Unknown column 'noAsientos' in 'field list'
[Method: GET, Route: funciones]
in SYSTEMPATH\Database\BaseConnection.php on line 688.
 1 SYSTEMPATH\Database\BaseBuilder.php(1644): CodeIgniter\Database\BaseConnection->query('SELECT SUM(`noAsientos`) AS `noAsientos`
FROM `Venta`
WHERE `idFuncion` = :idFuncion:
 LIMIT 1', [...], false)
 2 SYSTEMPATH\Model.php(330): CodeIgniter\Database\BaseBuilder->get()
 3 SYSTEMPATH\BaseModel.php(714): CodeIgniter\Model->doFirst()
 4 APPPATH\Controllers\Funciones.php(45): CodeIgniter\BaseModel->first()
 5 SYSTEMPATH\CodeIgniter.php(933): App\Controllers\Funciones->index()
 6 SYSTEMPATH\CodeIgniter.php(509): CodeIgniter\CodeIgniter->runController(Object(App\Controllers\Funciones))
 7 SYSTEMPATH\CodeIgniter.php(355): CodeIgniter\CodeIgniter->handleRequest(null, Object(Config\Cache), false)
 8 SYSTEMPATH\Boot.php(325): CodeIgniter\CodeIgniter->run()
 9 SYSTEMPATH\Boot.php(67): CodeIgniter\Boot::runCodeIgniter(Object(CodeIgniter\CodeIgniter))
10 FCPATH\index.php(56): CodeIgniter\Boot::bootWeb(Object(Config\Paths))
11 SYSTEMPATH\rewrite.php(44): require_once('C:\\xampp\\htdocs\\TrabajoCine 3.0\\public\\index.php')
CRITICAL - 2024-10-17 17:23:53 --> [Caused by] CodeIgniter\Database\Exceptions\DatabaseException: Unknown column 'noAsientos' in 'field list'
in SYSTEMPATH\Database\MySQLi\Connection.php on line 317.
 1 SYSTEMPATH\Database\BaseConnection.php(734): CodeIgniter\Database\MySQLi\Connection->execute('SELECT SUM(`noAsientos`) AS `noAsientos`
FROM `Venta`
WHERE `idFuncion` = \'5\'
 LIMIT 1')
 2 SYSTEMPATH\Database\BaseConnection.php(648): CodeIgniter\Database\BaseConnection->simpleQuery('SELECT SUM(`noAsientos`) AS `noAsientos`
FROM `Venta`
WHERE `idFuncion` = \'5\'
 LIMIT 1')
 3 SYSTEMPATH\Database\BaseBuilder.php(1644): CodeIgniter\Database\BaseConnection->query('SELECT SUM(`noAsientos`) AS `noAsientos`
FROM `Venta`
WHERE `idFuncion` = :idFuncion:
 LIMIT 1', [...], false)
 4 SYSTEMPATH\Model.php(330): CodeIgniter\Database\BaseBuilder->get()
 5 SYSTEMPATH\BaseModel.php(714): CodeIgniter\Model->doFirst()
 6 APPPATH\Controllers\Funciones.php(45): CodeIgniter\BaseModel->first()
 7 SYSTEMPATH\CodeIgniter.php(933): App\Controllers\Funciones->index()
 8 SYSTEMPATH\CodeIgniter.php(509): CodeIgniter\CodeIgniter->runController(Object(App\Controllers\Funciones))
 9 SYSTEMPATH\CodeIgniter.php(355): CodeIgniter\CodeIgniter->handleRequest(null, Object(Config\Cache), false)
10 SYSTEMPATH\Boot.php(325): CodeIgniter\CodeIgniter->run()
11 SYSTEMPATH\Boot.php(67): CodeIgniter\Boot::runCodeIgniter(Object(CodeIgniter\CodeIgniter))
12 FCPATH\index.php(56): CodeIgniter\Boot::bootWeb(Object(Config\Paths))
13 SYSTEMPATH\rewrite.php(44): require_once('C:\\xampp\\htdocs\\TrabajoCine 3.0\\public\\index.php')
CRITICAL - 2024-10-17 17:23:53 --> [Caused by] mysqli_sql_exception: Unknown column 'noAsientos' in 'field list'
in SYSTEMPATH\Database\MySQLi\Connection.php on line 312.
 1 SYSTEMPATH\Database\MySQLi\Connection.php(312): mysqli->query('SELECT SUM(`noAsientos`) AS `noAsientos`
FROM `Venta`
WHERE `idFuncion` = \'5\'
 LIMIT 1', 0)
 2 SYSTEMPATH\Database\BaseConnection.php(734): CodeIgniter\Database\MySQLi\Connection->execute('SELECT SUM(`noAsientos`) AS `noAsientos`
FROM `Venta`
WHERE `idFuncion` = \'5\'
 LIMIT 1')
 3 SYSTEMPATH\Database\BaseConnection.php(648): CodeIgniter\Database\BaseConnection->simpleQuery('SELECT SUM(`noAsientos`) AS `noAsientos`
FROM `Venta`
WHERE `idFuncion` = \'5\'
 LIMIT 1')
 4 SYSTEMPATH\Database\BaseBuilder.php(1644): CodeIgniter\Database\BaseConnection->query('SELECT SUM(`noAsientos`) AS `noAsientos`
FROM `Venta`
WHERE `idFuncion` = :idFuncion:
 LIMIT 1', [...], false)
 5 SYSTEMPATH\Model.php(330): CodeIgniter\Database\BaseBuilder->get()
 6 SYSTEMPATH\BaseModel.php(714): CodeIgniter\Model->doFirst()
 7 APPPATH\Controllers\Funciones.php(45): CodeIgniter\BaseModel->first()
 8 SYSTEMPATH\CodeIgniter.php(933): App\Controllers\Funciones->index()
 9 SYSTEMPATH\CodeIgniter.php(509): CodeIgniter\CodeIgniter->runController(Object(App\Controllers\Funciones))
10 SYSTEMPATH\CodeIgniter.php(355): CodeIgniter\CodeIgniter->handleRequest(null, Object(Config\Cache), false)
11 SYSTEMPATH\Boot.php(325): CodeIgniter\CodeIgniter->run()
12 SYSTEMPATH\Boot.php(67): CodeIgniter\Boot::runCodeIgniter(Object(CodeIgniter\CodeIgniter))
13 FCPATH\index.php(56): CodeIgniter\Boot::bootWeb(Object(Config\Paths))
14 SYSTEMPATH\rewrite.php(44): require_once('C:\\xampp\\htdocs\\TrabajoCine 3.0\\public\\index.php')
ERROR - 2024-10-17 17:25:27 --> mysqli_sql_exception: Unknown column 'noAsientos' in 'field list' in C:\xampp\htdocs\TrabajoCine 3.0\system\Database\MySQLi\Connection.php:312
Stack trace:
#0 C:\xampp\htdocs\TrabajoCine 3.0\system\Database\MySQLi\Connection.php(312): mysqli->query('SELECT SUM(`noA...', 0)
#1 C:\xampp\htdocs\TrabajoCine 3.0\system\Database\BaseConnection.php(734): CodeIgniter\Database\MySQLi\Connection->execute('SELECT SUM(`noA...')
#2 C:\xampp\htdocs\TrabajoCine 3.0\system\Database\BaseConnection.php(648): CodeIgniter\Database\BaseConnection->simpleQuery('SELECT SUM(`noA...')
#3 C:\xampp\htdocs\TrabajoCine 3.0\system\Database\BaseBuilder.php(1644): CodeIgniter\Database\BaseConnection->query('SELECT SUM(`noA...', Array, false)
#4 C:\xampp\htdocs\TrabajoCine 3.0\system\Model.php(330): CodeIgniter\Database\BaseBuilder->get()
#5 C:\xampp\htdocs\TrabajoCine 3.0\system\BaseModel.php(714): CodeIgniter\Model->doFirst()
#6 C:\xampp\htdocs\TrabajoCine 3.0\app\Controllers\Funciones.php(45): CodeIgniter\BaseModel->first()
#7 C:\xampp\htdocs\TrabajoCine 3.0\system\CodeIgniter.php(933): App\Controllers\Funciones->index()
#8 C:\xampp\htdocs\TrabajoCine 3.0\system\CodeIgniter.php(509): CodeIgniter\CodeIgniter->runController(Object(App\Controllers\Funciones))
#9 C:\xampp\htdocs\TrabajoCine 3.0\system\CodeIgniter.php(355): CodeIgniter\CodeIgniter->handleRequest(NULL, Object(Config\Cache), false)
#10 C:\xampp\htdocs\TrabajoCine 3.0\system\Boot.php(325): CodeIgniter\CodeIgniter->run()
#11 C:\xampp\htdocs\TrabajoCine 3.0\system\Boot.php(67): CodeIgniter\Boot::runCodeIgniter(Object(CodeIgniter\CodeIgniter))
#12 C:\xampp\htdocs\TrabajoCine 3.0\public\index.php(56): CodeIgniter\Boot::bootWeb(Object(Config\Paths))
#13 C:\xampp\htdocs\TrabajoCine 3.0\system\rewrite.php(44): require_once('C:\\xampp\\htdocs...')
#14 {main}
CRITICAL - 2024-10-17 17:25:27 --> CodeIgniter\Database\Exceptions\DatabaseException: Unknown column 'noAsientos' in 'field list'
[Method: GET, Route: funciones]
in SYSTEMPATH\Database\BaseConnection.php on line 688.
 1 SYSTEMPATH\Database\BaseBuilder.php(1644): CodeIgniter\Database\BaseConnection->query('SELECT SUM(`noAsientos`) AS `noAsientos`
FROM `Venta`
WHERE `idFuncion` = :idFuncion:
 LIMIT 1', [...], false)
 2 SYSTEMPATH\Model.php(330): CodeIgniter\Database\BaseBuilder->get()
 3 SYSTEMPATH\BaseModel.php(714): CodeIgniter\Model->doFirst()
 4 APPPATH\Controllers\Funciones.php(45): CodeIgniter\BaseModel->first()
 5 SYSTEMPATH\CodeIgniter.php(933): App\Controllers\Funciones->index()
 6 SYSTEMPATH\CodeIgniter.php(509): CodeIgniter\CodeIgniter->runController(Object(App\Controllers\Funciones))
 7 SYSTEMPATH\CodeIgniter.php(355): CodeIgniter\CodeIgniter->handleRequest(null, Object(Config\Cache), false)
 8 SYSTEMPATH\Boot.php(325): CodeIgniter\CodeIgniter->run()
 9 SYSTEMPATH\Boot.php(67): CodeIgniter\Boot::runCodeIgniter(Object(CodeIgniter\CodeIgniter))
10 FCPATH\index.php(56): CodeIgniter\Boot::bootWeb(Object(Config\Paths))
11 SYSTEMPATH\rewrite.php(44): require_once('C:\\xampp\\htdocs\\TrabajoCine 3.0\\public\\index.php')
CRITICAL - 2024-10-17 17:25:27 --> [Caused by] CodeIgniter\Database\Exceptions\DatabaseException: Unknown column 'noAsientos' in 'field list'
in SYSTEMPATH\Database\MySQLi\Connection.php on line 317.
 1 SYSTEMPATH\Database\BaseConnection.php(734): CodeIgniter\Database\MySQLi\Connection->execute('SELECT SUM(`noAsientos`) AS `noAsientos`
FROM `Venta`
WHERE `idFuncion` = \'5\'
 LIMIT 1')
 2 SYSTEMPATH\Database\BaseConnection.php(648): CodeIgniter\Database\BaseConnection->simpleQuery('SELECT SUM(`noAsientos`) AS `noAsientos`
FROM `Venta`
WHERE `idFuncion` = \'5\'
 LIMIT 1')
 3 SYSTEMPATH\Database\BaseBuilder.php(1644): CodeIgniter\Database\BaseConnection->query('SELECT SUM(`noAsientos`) AS `noAsientos`
FROM `Venta`
WHERE `idFuncion` = :idFuncion:
 LIMIT 1', [...], false)
 4 SYSTEMPATH\Model.php(330): CodeIgniter\Database\BaseBuilder->get()
 5 SYSTEMPATH\BaseModel.php(714): CodeIgniter\Model->doFirst()
 6 APPPATH\Controllers\Funciones.php(45): CodeIgniter\BaseModel->first()
 7 SYSTEMPATH\CodeIgniter.php(933): App\Controllers\Funciones->index()
 8 SYSTEMPATH\CodeIgniter.php(509): CodeIgniter\CodeIgniter->runController(Object(App\Controllers\Funciones))
 9 SYSTEMPATH\CodeIgniter.php(355): CodeIgniter\CodeIgniter->handleRequest(null, Object(Config\Cache), false)
10 SYSTEMPATH\Boot.php(325): CodeIgniter\CodeIgniter->run()
11 SYSTEMPATH\Boot.php(67): CodeIgniter\Boot::runCodeIgniter(Object(CodeIgniter\CodeIgniter))
12 FCPATH\index.php(56): CodeIgniter\Boot::bootWeb(Object(Config\Paths))
13 SYSTEMPATH\rewrite.php(44): require_once('C:\\xampp\\htdocs\\TrabajoCine 3.0\\public\\index.php')
CRITICAL - 2024-10-17 17:25:27 --> [Caused by] mysqli_sql_exception: Unknown column 'noAsientos' in 'field list'
in SYSTEMPATH\Database\MySQLi\Connection.php on line 312.
 1 SYSTEMPATH\Database\MySQLi\Connection.php(312): mysqli->query('SELECT SUM(`noAsientos`) AS `noAsientos`
FROM `Venta`
WHERE `idFuncion` = \'5\'
 LIMIT 1', 0)
 2 SYSTEMPATH\Database\BaseConnection.php(734): CodeIgniter\Database\MySQLi\Connection->execute('SELECT SUM(`noAsientos`) AS `noAsientos`
FROM `Venta`
WHERE `idFuncion` = \'5\'
 LIMIT 1')
 3 SYSTEMPATH\Database\BaseConnection.php(648): CodeIgniter\Database\BaseConnection->simpleQuery('SELECT SUM(`noAsientos`) AS `noAsientos`
FROM `Venta`
WHERE `idFuncion` = \'5\'
 LIMIT 1')
 4 SYSTEMPATH\Database\BaseBuilder.php(1644): CodeIgniter\Database\BaseConnection->query('SELECT SUM(`noAsientos`) AS `noAsientos`
FROM `Venta`
WHERE `idFuncion` = :idFuncion:
 LIMIT 1', [...], false)
 5 SYSTEMPATH\Model.php(330): CodeIgniter\Database\BaseBuilder->get()
 6 SYSTEMPATH\BaseModel.php(714): CodeIgniter\Model->doFirst()
 7 APPPATH\Controllers\Funciones.php(45): CodeIgniter\BaseModel->first()
 8 SYSTEMPATH\CodeIgniter.php(933): App\Controllers\Funciones->index()
 9 SYSTEMPATH\CodeIgniter.php(509): CodeIgniter\CodeIgniter->runController(Object(App\Controllers\Funciones))
10 SYSTEMPATH\CodeIgniter.php(355): CodeIgniter\CodeIgniter->handleRequest(null, Object(Config\Cache), false)
11 SYSTEMPATH\Boot.php(325): CodeIgniter\CodeIgniter->run()
12 SYSTEMPATH\Boot.php(67): CodeIgniter\Boot::runCodeIgniter(Object(CodeIgniter\CodeIgniter))
13 FCPATH\index.php(56): CodeIgniter\Boot::bootWeb(Object(Config\Paths))
14 SYSTEMPATH\rewrite.php(44): require_once('C:\\xampp\\htdocs\\TrabajoCine 3.0\\public\\index.php')
ERROR - 2024-10-17 17:27:12 --> mysqli_sql_exception: Unknown column 'noAsientos' in 'field list' in C:\xampp\htdocs\TrabajoCine 3.0\system\Database\MySQLi\Connection.php:312
Stack trace:
#0 C:\xampp\htdocs\TrabajoCine 3.0\system\Database\MySQLi\Connection.php(312): mysqli->query('SELECT SUM(`noA...', 0)
#1 C:\xampp\htdocs\TrabajoCine 3.0\system\Database\BaseConnection.php(734): CodeIgniter\Database\MySQLi\Connection->execute('SELECT SUM(`noA...')
#2 C:\xampp\htdocs\TrabajoCine 3.0\system\Database\BaseConnection.php(648): CodeIgniter\Database\BaseConnection->simpleQuery('SELECT SUM(`noA...')
#3 C:\xampp\htdocs\TrabajoCine 3.0\system\Database\BaseBuilder.php(1644): CodeIgniter\Database\BaseConnection->query('SELECT SUM(`noA...', Array, false)
#4 C:\xampp\htdocs\TrabajoCine 3.0\system\Model.php(330): CodeIgniter\Database\BaseBuilder->get()
#5 C:\xampp\htdocs\TrabajoCine 3.0\system\BaseModel.php(714): CodeIgniter\Model->doFirst()
#6 C:\xampp\htdocs\TrabajoCine 3.0\app\Controllers\Funciones.php(45): CodeIgniter\BaseModel->first()
#7 C:\xampp\htdocs\TrabajoCine 3.0\system\CodeIgniter.php(933): App\Controllers\Funciones->index()
#8 C:\xampp\htdocs\TrabajoCine 3.0\system\CodeIgniter.php(509): CodeIgniter\CodeIgniter->runController(Object(App\Controllers\Funciones))
#9 C:\xampp\htdocs\TrabajoCine 3.0\system\CodeIgniter.php(355): CodeIgniter\CodeIgniter->handleRequest(NULL, Object(Config\Cache), false)
#10 C:\xampp\htdocs\TrabajoCine 3.0\system\Boot.php(325): CodeIgniter\CodeIgniter->run()
#11 C:\xampp\htdocs\TrabajoCine 3.0\system\Boot.php(67): CodeIgniter\Boot::runCodeIgniter(Object(CodeIgniter\CodeIgniter))
#12 C:\xampp\htdocs\TrabajoCine 3.0\public\index.php(56): CodeIgniter\Boot::bootWeb(Object(Config\Paths))
#13 C:\xampp\htdocs\TrabajoCine 3.0\system\rewrite.php(44): require_once('C:\\xampp\\htdocs...')
#14 {main}
CRITICAL - 2024-10-17 17:27:12 --> CodeIgniter\Database\Exceptions\DatabaseException: Unknown column 'noAsientos' in 'field list'
[Method: GET, Route: funciones]
in SYSTEMPATH\Database\BaseConnection.php on line 688.
 1 SYSTEMPATH\Database\BaseBuilder.php(1644): CodeIgniter\Database\BaseConnection->query('SELECT SUM(`noAsientos`) AS `noAsientos`
FROM `Venta`
WHERE `idFuncion` = :idFuncion:
 LIMIT 1', [...], false)
 2 SYSTEMPATH\Model.php(330): CodeIgniter\Database\BaseBuilder->get()
 3 SYSTEMPATH\BaseModel.php(714): CodeIgniter\Model->doFirst()
 4 APPPATH\Controllers\Funciones.php(45): CodeIgniter\BaseModel->first()
 5 SYSTEMPATH\CodeIgniter.php(933): App\Controllers\Funciones->index()
 6 SYSTEMPATH\CodeIgniter.php(509): CodeIgniter\CodeIgniter->runController(Object(App\Controllers\Funciones))
 7 SYSTEMPATH\CodeIgniter.php(355): CodeIgniter\CodeIgniter->handleRequest(null, Object(Config\Cache), false)
 8 SYSTEMPATH\Boot.php(325): CodeIgniter\CodeIgniter->run()
 9 SYSTEMPATH\Boot.php(67): CodeIgniter\Boot::runCodeIgniter(Object(CodeIgniter\CodeIgniter))
10 FCPATH\index.php(56): CodeIgniter\Boot::bootWeb(Object(Config\Paths))
11 SYSTEMPATH\rewrite.php(44): require_once('C:\\xampp\\htdocs\\TrabajoCine 3.0\\public\\index.php')
CRITICAL - 2024-10-17 17:27:12 --> [Caused by] CodeIgniter\Database\Exceptions\DatabaseException: Unknown column 'noAsientos' in 'field list'
in SYSTEMPATH\Database\MySQLi\Connection.php on line 317.
 1 SYSTEMPATH\Database\BaseConnection.php(734): CodeIgniter\Database\MySQLi\Connection->execute('SELECT SUM(`noAsientos`) AS `noAsientos`
FROM `Venta`
WHERE `idFuncion` = \'5\'
 LIMIT 1')
 2 SYSTEMPATH\Database\BaseConnection.php(648): CodeIgniter\Database\BaseConnection->simpleQuery('SELECT SUM(`noAsientos`) AS `noAsientos`
FROM `Venta`
WHERE `idFuncion` = \'5\'
 LIMIT 1')
 3 SYSTEMPATH\Database\BaseBuilder.php(1644): CodeIgniter\Database\BaseConnection->query('SELECT SUM(`noAsientos`) AS `noAsientos`
FROM `Venta`
WHERE `idFuncion` = :idFuncion:
 LIMIT 1', [...], false)
 4 SYSTEMPATH\Model.php(330): CodeIgniter\Database\BaseBuilder->get()
 5 SYSTEMPATH\BaseModel.php(714): CodeIgniter\Model->doFirst()
 6 APPPATH\Controllers\Funciones.php(45): CodeIgniter\BaseModel->first()
 7 SYSTEMPATH\CodeIgniter.php(933): App\Controllers\Funciones->index()
 8 SYSTEMPATH\CodeIgniter.php(509): CodeIgniter\CodeIgniter->runController(Object(App\Controllers\Funciones))
 9 SYSTEMPATH\CodeIgniter.php(355): CodeIgniter\CodeIgniter->handleRequest(null, Object(Config\Cache), false)
10 SYSTEMPATH\Boot.php(325): CodeIgniter\CodeIgniter->run()
11 SYSTEMPATH\Boot.php(67): CodeIgniter\Boot::runCodeIgniter(Object(CodeIgniter\CodeIgniter))
12 FCPATH\index.php(56): CodeIgniter\Boot::bootWeb(Object(Config\Paths))
13 SYSTEMPATH\rewrite.php(44): require_once('C:\\xampp\\htdocs\\TrabajoCine 3.0\\public\\index.php')
CRITICAL - 2024-10-17 17:27:12 --> [Caused by] mysqli_sql_exception: Unknown column 'noAsientos' in 'field list'
in SYSTEMPATH\Database\MySQLi\Connection.php on line 312.
 1 SYSTEMPATH\Database\MySQLi\Connection.php(312): mysqli->query('SELECT SUM(`noAsientos`) AS `noAsientos`
FROM `Venta`
WHERE `idFuncion` = \'5\'
 LIMIT 1', 0)
 2 SYSTEMPATH\Database\BaseConnection.php(734): CodeIgniter\Database\MySQLi\Connection->execute('SELECT SUM(`noAsientos`) AS `noAsientos`
FROM `Venta`
WHERE `idFuncion` = \'5\'
 LIMIT 1')
 3 SYSTEMPATH\Database\BaseConnection.php(648): CodeIgniter\Database\BaseConnection->simpleQuery('SELECT SUM(`noAsientos`) AS `noAsientos`
FROM `Venta`
WHERE `idFuncion` = \'5\'
 LIMIT 1')
 4 SYSTEMPATH\Database\BaseBuilder.php(1644): CodeIgniter\Database\BaseConnection->query('SELECT SUM(`noAsientos`) AS `noAsientos`
FROM `Venta`
WHERE `idFuncion` = :idFuncion:
 LIMIT 1', [...], false)
 5 SYSTEMPATH\Model.php(330): CodeIgniter\Database\BaseBuilder->get()
 6 SYSTEMPATH\BaseModel.php(714): CodeIgniter\Model->doFirst()
 7 APPPATH\Controllers\Funciones.php(45): CodeIgniter\BaseModel->first()
 8 SYSTEMPATH\CodeIgniter.php(933): App\Controllers\Funciones->index()
 9 SYSTEMPATH\CodeIgniter.php(509): CodeIgniter\CodeIgniter->runController(Object(App\Controllers\Funciones))
10 SYSTEMPATH\CodeIgniter.php(355): CodeIgniter\CodeIgniter->handleRequest(null, Object(Config\Cache), false)
11 SYSTEMPATH\Boot.php(325): CodeIgniter\CodeIgniter->run()
12 SYSTEMPATH\Boot.php(67): CodeIgniter\Boot::runCodeIgniter(Object(CodeIgniter\CodeIgniter))
13 FCPATH\index.php(56): CodeIgniter\Boot::bootWeb(Object(Config\Paths))
14 SYSTEMPATH\rewrite.php(44): require_once('C:\\xampp\\htdocs\\TrabajoCine 3.0\\public\\index.php')
INFO - 2024-10-17 17:27:29 --> Session: Class initialized using 'CodeIgniter\Session\Handlers\FileHandler' driver.
INFO - 2024-10-17 17:27:36 --> Session: Class initialized using 'CodeIgniter\Session\Handlers\FileHandler' driver.
INFO - 2024-10-17 17:29:16 --> Session: Class initialized using 'CodeIgniter\Session\Handlers\FileHandler' driver.
INFO - 2024-10-17 17:29:34 --> Session: Class initialized using 'CodeIgniter\Session\Handlers\FileHandler' driver.
CRITICAL - 2024-10-17 17:36:18 --> ErrorException: Undefined variable $cantidadAsientos
[Method: GET, Route: ventas/add/]
in APPPATH\Views\ventas\add.php on line 43.
 1 APPPATH\Views\ventas\add.php(43): CodeIgniter\Debug\Exceptions->errorHandler(2, 'Undefined variable $cantidadAsientos', 'C:\\xampp\\htdocs\\TrabajoCine 3.0\\app\\Views\\ventas\\add.php', 43)
 2 SYSTEMPATH\View\View.php(234): include('C:\\xampp\\htdocs\\TrabajoCine 3.0\\app\\Views\\ventas\\add.php')
 3 SYSTEMPATH\View\View.php(237): CodeIgniter\View\View->CodeIgniter\View\{closure}()
 4 SYSTEMPATH\Common.php(1171): CodeIgniter\View\View->render('ventas/add', [], true)
 5 APPPATH\Controllers\Ventas.php(68): view('ventas/add', [...])
 6 SYSTEMPATH\CodeIgniter.php(933): App\Controllers\Ventas->add()
 7 SYSTEMPATH\CodeIgniter.php(509): CodeIgniter\CodeIgniter->runController(Object(App\Controllers\Ventas))
 8 SYSTEMPATH\CodeIgniter.php(355): CodeIgniter\CodeIgniter->handleRequest(null, Object(Config\Cache), false)
 9 SYSTEMPATH\Boot.php(325): CodeIgniter\CodeIgniter->run()
10 SYSTEMPATH\Boot.php(67): CodeIgniter\Boot::runCodeIgniter(Object(CodeIgniter\CodeIgniter))
11 FCPATH\index.php(56): CodeIgniter\Boot::bootWeb(Object(Config\Paths))
12 SYSTEMPATH\rewrite.php(44): require_once('C:\\xampp\\htdocs\\TrabajoCine 3.0\\public\\index.php')
CRITICAL - 2024-10-17 17:37:11 --> ErrorException: Undefined variable $cantidadAsientos
[Method: GET, Route: ventas/add/]
in APPPATH\Views\ventas\add.php on line 43.
 1 APPPATH\Views\ventas\add.php(43): CodeIgniter\Debug\Exceptions->errorHandler(2, 'Undefined variable $cantidadAsientos', 'C:\\xampp\\htdocs\\TrabajoCine 3.0\\app\\Views\\ventas\\add.php', 43)
 2 SYSTEMPATH\View\View.php(234): include('C:\\xampp\\htdocs\\TrabajoCine 3.0\\app\\Views\\ventas\\add.php')
 3 SYSTEMPATH\View\View.php(237): CodeIgniter\View\View->CodeIgniter\View\{closure}()
 4 SYSTEMPATH\Common.php(1171): CodeIgniter\View\View->render('ventas/add', [], true)
 5 APPPATH\Controllers\Ventas.php(68): view('ventas/add', [...])
 6 SYSTEMPATH\CodeIgniter.php(933): App\Controllers\Ventas->add()
 7 SYSTEMPATH\CodeIgniter.php(509): CodeIgniter\CodeIgniter->runController(Object(App\Controllers\Ventas))
 8 SYSTEMPATH\CodeIgniter.php(355): CodeIgniter\CodeIgniter->handleRequest(null, Object(Config\Cache), false)
 9 SYSTEMPATH\Boot.php(325): CodeIgniter\CodeIgniter->run()
10 SYSTEMPATH\Boot.php(67): CodeIgniter\Boot::runCodeIgniter(Object(CodeIgniter\CodeIgniter))
11 FCPATH\index.php(56): CodeIgniter\Boot::bootWeb(Object(Config\Paths))
12 SYSTEMPATH\rewrite.php(44): require_once('C:\\xampp\\htdocs\\TrabajoCine 3.0\\public\\index.php')
CRITICAL - 2024-10-17 17:37:12 --> ErrorException: Undefined variable $cantidadAsientos
[Method: GET, Route: ventas/add/]
in APPPATH\Views\ventas\add.php on line 43.
 1 APPPATH\Views\ventas\add.php(43): CodeIgniter\Debug\Exceptions->errorHandler(2, 'Undefined variable $cantidadAsientos', 'C:\\xampp\\htdocs\\TrabajoCine 3.0\\app\\Views\\ventas\\add.php', 43)
 2 SYSTEMPATH\View\View.php(234): include('C:\\xampp\\htdocs\\TrabajoCine 3.0\\app\\Views\\ventas\\add.php')
 3 SYSTEMPATH\View\View.php(237): CodeIgniter\View\View->CodeIgniter\View\{closure}()
 4 SYSTEMPATH\Common.php(1171): CodeIgniter\View\View->render('ventas/add', [], true)
 5 APPPATH\Controllers\Ventas.php(68): view('ventas/add', [...])
 6 SYSTEMPATH\CodeIgniter.php(933): App\Controllers\Ventas->add()
 7 SYSTEMPATH\CodeIgniter.php(509): CodeIgniter\CodeIgniter->runController(Object(App\Controllers\Ventas))
 8 SYSTEMPATH\CodeIgniter.php(355): CodeIgniter\CodeIgniter->handleRequest(null, Object(Config\Cache), false)
 9 SYSTEMPATH\Boot.php(325): CodeIgniter\CodeIgniter->run()
10 SYSTEMPATH\Boot.php(67): CodeIgniter\Boot::runCodeIgniter(Object(CodeIgniter\CodeIgniter))
11 FCPATH\index.php(56): CodeIgniter\Boot::bootWeb(Object(Config\Paths))
12 SYSTEMPATH\rewrite.php(44): require_once('C:\\xampp\\htdocs\\TrabajoCine 3.0\\public\\index.php')
CRITICAL - 2024-10-17 18:12:46 --> ErrorException: Undefined variable $asientos
[Method: GET, Route: ventas/asi/]
in APPPATH\Views\ventas\asi.php on line 8.
 1 APPPATH\Views\ventas\asi.php(8): CodeIgniter\Debug\Exceptions->errorHandler(2, 'Undefined variable $asientos', 'C:\\xampp\\htdocs\\TrabajoCine 3.0\\app\\Views\\ventas\\asi.php', 8)
 2 SYSTEMPATH\View\View.php(234): include('C:\\xampp\\htdocs\\TrabajoCine 3.0\\app\\Views\\ventas\\asi.php')
 3 SYSTEMPATH\View\View.php(237): CodeIgniter\View\View->CodeIgniter\View\{closure}()
 4 SYSTEMPATH\Common.php(1171): CodeIgniter\View\View->render('ventas/asi', [], true)
 5 APPPATH\Controllers\Ventas.php(55): view('ventas/asi')
 6 SYSTEMPATH\CodeIgniter.php(933): App\Controllers\Ventas->asi()
 7 SYSTEMPATH\CodeIgniter.php(509): CodeIgniter\CodeIgniter->runController(Object(App\Controllers\Ventas))
 8 SYSTEMPATH\CodeIgniter.php(355): CodeIgniter\CodeIgniter->handleRequest(null, Object(Config\Cache), false)
 9 SYSTEMPATH\Boot.php(325): CodeIgniter\CodeIgniter->run()
10 SYSTEMPATH\Boot.php(67): CodeIgniter\Boot::runCodeIgniter(Object(CodeIgniter\CodeIgniter))
11 FCPATH\index.php(56): CodeIgniter\Boot::bootWeb(Object(Config\Paths))
12 SYSTEMPATH\rewrite.php(44): require_once('C:\\xampp\\htdocs\\TrabajoCine 3.0\\public\\index.php')
