INFO - 2024-11-05 05:40:59 --> Session: Class initialized using 'CodeIgniter\Session\Handlers\FileHandler' driver.
INFO - 2024-11-05 05:41:58 --> Session: Class initialized using 'CodeIgniter\Session\Handlers\FileHandler' driver.
INFO - 2024-11-05 05:42:03 --> Session: Class initialized using 'CodeIgniter\Session\Handlers\FileHandler' driver.
INFO - 2024-11-05 05:42:03 --> Session: Class initialized using 'CodeIgniter\Session\Handlers\FileHandler' driver.
WARNING - 2024-11-05 05:42:06 --> [DEPRECATED] Creation of dynamic property App\Controllers\Ventas::$VentaM is deprecated in APPPATH\Controllers\Ventas.php on line 109.
 1 SYSTEMPATH\CodeIgniter.php(903): App\Controllers\Ventas->__construct()
 2 SYSTEMPATH\CodeIgniter.php(500): CodeIgniter\CodeIgniter->createController()
 3 SYSTEMPATH\CodeIgniter.php(355): CodeIgniter\CodeIgniter->handleRequest(null, Object(Config\Cache), false)
 4 SYSTEMPATH\Boot.php(325): CodeIgniter\CodeIgniter->run()
 5 SYSTEMPATH\Boot.php(67): CodeIgniter\Boot::runCodeIgniter(Object(CodeIgniter\CodeIgniter))
 6 FCPATH\index.php(56): CodeIgniter\Boot::bootWeb(Object(Config\Paths))
 7 SYSTEMPATH\rewrite.php(44): require_once('C:\\xampp\\htdocs\\TrabajoCine_4_0\\public\\index.php')
WARNING - 2024-11-05 05:42:06 --> [DEPRECATED] Creation of dynamic property App\Controllers\Ventas::$db is deprecated in APPPATH\Controllers\Ventas.php on line 112.
 1 SYSTEMPATH\CodeIgniter.php(903): App\Controllers\Ventas->__construct()
 2 SYSTEMPATH\CodeIgniter.php(500): CodeIgniter\CodeIgniter->createController()
 3 SYSTEMPATH\CodeIgniter.php(355): CodeIgniter\CodeIgniter->handleRequest(null, Object(Config\Cache), false)
 4 SYSTEMPATH\Boot.php(325): CodeIgniter\CodeIgniter->run()
 5 SYSTEMPATH\Boot.php(67): CodeIgniter\Boot::runCodeIgniter(Object(CodeIgniter\CodeIgniter))
 6 FCPATH\index.php(56): CodeIgniter\Boot::bootWeb(Object(Config\Paths))
 7 SYSTEMPATH\rewrite.php(44): require_once('C:\\xampp\\htdocs\\TrabajoCine_4_0\\public\\index.php')
WARNING - 2024-11-05 05:42:08 --> [DEPRECATED] Creation of dynamic property App\Controllers\Ventas::$VentaM is deprecated in APPPATH\Controllers\Ventas.php on line 109.
 1 SYSTEMPATH\CodeIgniter.php(903): App\Controllers\Ventas->__construct()
 2 SYSTEMPATH\CodeIgniter.php(500): CodeIgniter\CodeIgniter->createController()
 3 SYSTEMPATH\CodeIgniter.php(355): CodeIgniter\CodeIgniter->handleRequest(null, Object(Config\Cache), false)
 4 SYSTEMPATH\Boot.php(325): CodeIgniter\CodeIgniter->run()
 5 SYSTEMPATH\Boot.php(67): CodeIgniter\Boot::runCodeIgniter(Object(CodeIgniter\CodeIgniter))
 6 FCPATH\index.php(56): CodeIgniter\Boot::bootWeb(Object(Config\Paths))
 7 SYSTEMPATH\rewrite.php(44): require_once('C:\\xampp\\htdocs\\TrabajoCine_4_0\\public\\index.php')
WARNING - 2024-11-05 05:42:08 --> [DEPRECATED] Creation of dynamic property App\Controllers\Ventas::$db is deprecated in APPPATH\Controllers\Ventas.php on line 112.
 1 SYSTEMPATH\CodeIgniter.php(903): App\Controllers\Ventas->__construct()
 2 SYSTEMPATH\CodeIgniter.php(500): CodeIgniter\CodeIgniter->createController()
 3 SYSTEMPATH\CodeIgniter.php(355): CodeIgniter\CodeIgniter->handleRequest(null, Object(Config\Cache), false)
 4 SYSTEMPATH\Boot.php(325): CodeIgniter\CodeIgniter->run()
 5 SYSTEMPATH\Boot.php(67): CodeIgniter\Boot::runCodeIgniter(Object(CodeIgniter\CodeIgniter))
 6 FCPATH\index.php(56): CodeIgniter\Boot::bootWeb(Object(Config\Paths))
 7 SYSTEMPATH\rewrite.php(44): require_once('C:\\xampp\\htdocs\\TrabajoCine_4_0\\public\\index.php')
WARNING - 2024-11-05 05:44:39 --> [DEPRECATED] Creation of dynamic property App\Controllers\Ventas::$VentaM is deprecated in APPPATH\Controllers\Ventas.php on line 109.
 1 SYSTEMPATH\CodeIgniter.php(903): App\Controllers\Ventas->__construct()
 2 SYSTEMPATH\CodeIgniter.php(500): CodeIgniter\CodeIgniter->createController()
 3 SYSTEMPATH\CodeIgniter.php(355): CodeIgniter\CodeIgniter->handleRequest(null, Object(Config\Cache), false)
 4 SYSTEMPATH\Boot.php(325): CodeIgniter\CodeIgniter->run()
 5 SYSTEMPATH\Boot.php(67): CodeIgniter\Boot::runCodeIgniter(Object(CodeIgniter\CodeIgniter))
 6 FCPATH\index.php(56): CodeIgniter\Boot::bootWeb(Object(Config\Paths))
 7 SYSTEMPATH\rewrite.php(44): require_once('C:\\xampp\\htdocs\\TrabajoCine_4_0\\public\\index.php')
WARNING - 2024-11-05 05:44:39 --> [DEPRECATED] Creation of dynamic property App\Controllers\Ventas::$db is deprecated in APPPATH\Controllers\Ventas.php on line 112.
 1 SYSTEMPATH\CodeIgniter.php(903): App\Controllers\Ventas->__construct()
 2 SYSTEMPATH\CodeIgniter.php(500): CodeIgniter\CodeIgniter->createController()
 3 SYSTEMPATH\CodeIgniter.php(355): CodeIgniter\CodeIgniter->handleRequest(null, Object(Config\Cache), false)
 4 SYSTEMPATH\Boot.php(325): CodeIgniter\CodeIgniter->run()
 5 SYSTEMPATH\Boot.php(67): CodeIgniter\Boot::runCodeIgniter(Object(CodeIgniter\CodeIgniter))
 6 FCPATH\index.php(56): CodeIgniter\Boot::bootWeb(Object(Config\Paths))
 7 SYSTEMPATH\rewrite.php(44): require_once('C:\\xampp\\htdocs\\TrabajoCine_4_0\\public\\index.php')
WARNING - 2024-11-05 05:44:41 --> [DEPRECATED] Creation of dynamic property App\Controllers\Ventas::$VentaM is deprecated in APPPATH\Controllers\Ventas.php on line 109.
 1 SYSTEMPATH\CodeIgniter.php(903): App\Controllers\Ventas->__construct()
 2 SYSTEMPATH\CodeIgniter.php(500): CodeIgniter\CodeIgniter->createController()
 3 SYSTEMPATH\CodeIgniter.php(355): CodeIgniter\CodeIgniter->handleRequest(null, Object(Config\Cache), false)
 4 SYSTEMPATH\Boot.php(325): CodeIgniter\CodeIgniter->run()
 5 SYSTEMPATH\Boot.php(67): CodeIgniter\Boot::runCodeIgniter(Object(CodeIgniter\CodeIgniter))
 6 FCPATH\index.php(56): CodeIgniter\Boot::bootWeb(Object(Config\Paths))
 7 SYSTEMPATH\rewrite.php(44): require_once('C:\\xampp\\htdocs\\TrabajoCine_4_0\\public\\index.php')
WARNING - 2024-11-05 05:44:41 --> [DEPRECATED] Creation of dynamic property App\Controllers\Ventas::$db is deprecated in APPPATH\Controllers\Ventas.php on line 112.
 1 SYSTEMPATH\CodeIgniter.php(903): App\Controllers\Ventas->__construct()
 2 SYSTEMPATH\CodeIgniter.php(500): CodeIgniter\CodeIgniter->createController()
 3 SYSTEMPATH\CodeIgniter.php(355): CodeIgniter\CodeIgniter->handleRequest(null, Object(Config\Cache), false)
 4 SYSTEMPATH\Boot.php(325): CodeIgniter\CodeIgniter->run()
 5 SYSTEMPATH\Boot.php(67): CodeIgniter\Boot::runCodeIgniter(Object(CodeIgniter\CodeIgniter))
 6 FCPATH\index.php(56): CodeIgniter\Boot::bootWeb(Object(Config\Paths))
 7 SYSTEMPATH\rewrite.php(44): require_once('C:\\xampp\\htdocs\\TrabajoCine_4_0\\public\\index.php')
WARNING - 2024-11-05 06:15:55 --> [DEPRECATED] Creation of dynamic property App\Controllers\Ventas::$VentaM is deprecated in APPPATH\Controllers\Ventas.php on line 114.
 1 SYSTEMPATH\CodeIgniter.php(903): App\Controllers\Ventas->__construct()
 2 SYSTEMPATH\CodeIgniter.php(500): CodeIgniter\CodeIgniter->createController()
 3 SYSTEMPATH\CodeIgniter.php(355): CodeIgniter\CodeIgniter->handleRequest(null, Object(Config\Cache), false)
 4 SYSTEMPATH\Boot.php(325): CodeIgniter\CodeIgniter->run()
 5 SYSTEMPATH\Boot.php(67): CodeIgniter\Boot::runCodeIgniter(Object(CodeIgniter\CodeIgniter))
 6 FCPATH\index.php(56): CodeIgniter\Boot::bootWeb(Object(Config\Paths))
 7 SYSTEMPATH\rewrite.php(44): require_once('C:\\xampp\\htdocs\\TrabajoCine_4_0\\public\\index.php')
WARNING - 2024-11-05 06:15:55 --> [DEPRECATED] Creation of dynamic property App\Controllers\Ventas::$db is deprecated in APPPATH\Controllers\Ventas.php on line 117.
 1 SYSTEMPATH\CodeIgniter.php(903): App\Controllers\Ventas->__construct()
 2 SYSTEMPATH\CodeIgniter.php(500): CodeIgniter\CodeIgniter->createController()
 3 SYSTEMPATH\CodeIgniter.php(355): CodeIgniter\CodeIgniter->handleRequest(null, Object(Config\Cache), false)
 4 SYSTEMPATH\Boot.php(325): CodeIgniter\CodeIgniter->run()
 5 SYSTEMPATH\Boot.php(67): CodeIgniter\Boot::runCodeIgniter(Object(CodeIgniter\CodeIgniter))
 6 FCPATH\index.php(56): CodeIgniter\Boot::bootWeb(Object(Config\Paths))
 7 SYSTEMPATH\rewrite.php(44): require_once('C:\\xampp\\htdocs\\TrabajoCine_4_0\\public\\index.php')
WARNING - 2024-11-05 06:15:57 --> [DEPRECATED] Creation of dynamic property App\Controllers\Ventas::$VentaM is deprecated in APPPATH\Controllers\Ventas.php on line 114.
 1 SYSTEMPATH\CodeIgniter.php(903): App\Controllers\Ventas->__construct()
 2 SYSTEMPATH\CodeIgniter.php(500): CodeIgniter\CodeIgniter->createController()
 3 SYSTEMPATH\CodeIgniter.php(355): CodeIgniter\CodeIgniter->handleRequest(null, Object(Config\Cache), false)
 4 SYSTEMPATH\Boot.php(325): CodeIgniter\CodeIgniter->run()
 5 SYSTEMPATH\Boot.php(67): CodeIgniter\Boot::runCodeIgniter(Object(CodeIgniter\CodeIgniter))
 6 FCPATH\index.php(56): CodeIgniter\Boot::bootWeb(Object(Config\Paths))
 7 SYSTEMPATH\rewrite.php(44): require_once('C:\\xampp\\htdocs\\TrabajoCine_4_0\\public\\index.php')
WARNING - 2024-11-05 06:15:57 --> [DEPRECATED] Creation of dynamic property App\Controllers\Ventas::$db is deprecated in APPPATH\Controllers\Ventas.php on line 117.
 1 SYSTEMPATH\CodeIgniter.php(903): App\Controllers\Ventas->__construct()
 2 SYSTEMPATH\CodeIgniter.php(500): CodeIgniter\CodeIgniter->createController()
 3 SYSTEMPATH\CodeIgniter.php(355): CodeIgniter\CodeIgniter->handleRequest(null, Object(Config\Cache), false)
 4 SYSTEMPATH\Boot.php(325): CodeIgniter\CodeIgniter->run()
 5 SYSTEMPATH\Boot.php(67): CodeIgniter\Boot::runCodeIgniter(Object(CodeIgniter\CodeIgniter))
 6 FCPATH\index.php(56): CodeIgniter\Boot::bootWeb(Object(Config\Paths))
 7 SYSTEMPATH\rewrite.php(44): require_once('C:\\xampp\\htdocs\\TrabajoCine_4_0\\public\\index.php')
WARNING - 2024-11-05 06:18:28 --> [DEPRECATED] Creation of dynamic property App\Controllers\Ventas::$VentaM is deprecated in APPPATH\Controllers\Ventas.php on line 114.
 1 SYSTEMPATH\CodeIgniter.php(903): App\Controllers\Ventas->__construct()
 2 SYSTEMPATH\CodeIgniter.php(500): CodeIgniter\CodeIgniter->createController()
 3 SYSTEMPATH\CodeIgniter.php(355): CodeIgniter\CodeIgniter->handleRequest(null, Object(Config\Cache), false)
 4 SYSTEMPATH\Boot.php(325): CodeIgniter\CodeIgniter->run()
 5 SYSTEMPATH\Boot.php(67): CodeIgniter\Boot::runCodeIgniter(Object(CodeIgniter\CodeIgniter))
 6 FCPATH\index.php(56): CodeIgniter\Boot::bootWeb(Object(Config\Paths))
 7 SYSTEMPATH\rewrite.php(44): require_once('C:\\xampp\\htdocs\\TrabajoCine_4_0\\public\\index.php')
WARNING - 2024-11-05 06:18:28 --> [DEPRECATED] Creation of dynamic property App\Controllers\Ventas::$db is deprecated in APPPATH\Controllers\Ventas.php on line 117.
 1 SYSTEMPATH\CodeIgniter.php(903): App\Controllers\Ventas->__construct()
 2 SYSTEMPATH\CodeIgniter.php(500): CodeIgniter\CodeIgniter->createController()
 3 SYSTEMPATH\CodeIgniter.php(355): CodeIgniter\CodeIgniter->handleRequest(null, Object(Config\Cache), false)
 4 SYSTEMPATH\Boot.php(325): CodeIgniter\CodeIgniter->run()
 5 SYSTEMPATH\Boot.php(67): CodeIgniter\Boot::runCodeIgniter(Object(CodeIgniter\CodeIgniter))
 6 FCPATH\index.php(56): CodeIgniter\Boot::bootWeb(Object(Config\Paths))
 7 SYSTEMPATH\rewrite.php(44): require_once('C:\\xampp\\htdocs\\TrabajoCine_4_0\\public\\index.php')
CRITICAL - 2024-11-05 06:18:28 --> ErrorException: Undefined property: stdClass::$estado
[Method: GET, Route: ventas/add/]
in APPPATH\Views\ventas\add.php on line 94.
 1 APPPATH\Views\ventas\add.php(94): CodeIgniter\Debug\Exceptions->errorHandler(2, 'Undefined property: stdClass::$estado', 'C:\\xampp\\htdocs\\TrabajoCine_4_0\\app\\Views\\ventas\\add.php', 94)
 2 SYSTEMPATH\View\View.php(234): include('C:\\xampp\\htdocs\\TrabajoCine_4_0\\app\\Views\\ventas\\add.php')
 3 SYSTEMPATH\View\View.php(237): CodeIgniter\View\View->CodeIgniter\View\{closure}()
 4 SYSTEMPATH\Common.php(1171): CodeIgniter\View\View->render('ventas/add', [], true)
 5 APPPATH\Controllers\Ventas.php(99): view('ventas/add', [...])
 6 SYSTEMPATH\CodeIgniter.php(933): App\Controllers\Ventas->add()
 7 SYSTEMPATH\CodeIgniter.php(509): CodeIgniter\CodeIgniter->runController(Object(App\Controllers\Ventas))
 8 SYSTEMPATH\CodeIgniter.php(355): CodeIgniter\CodeIgniter->handleRequest(null, Object(Config\Cache), false)
 9 SYSTEMPATH\Boot.php(325): CodeIgniter\CodeIgniter->run()
10 SYSTEMPATH\Boot.php(67): CodeIgniter\Boot::runCodeIgniter(Object(CodeIgniter\CodeIgniter))
11 FCPATH\index.php(56): CodeIgniter\Boot::bootWeb(Object(Config\Paths))
12 SYSTEMPATH\rewrite.php(44): require_once('C:\\xampp\\htdocs\\TrabajoCine_4_0\\public\\index.php')
WARNING - 2024-11-05 07:00:42 --> [DEPRECATED] Creation of dynamic property App\Controllers\Ventas::$VentaM is deprecated in APPPATH\Controllers\Ventas.php on line 114.
 1 SYSTEMPATH\CodeIgniter.php(903): App\Controllers\Ventas->__construct()
 2 SYSTEMPATH\CodeIgniter.php(500): CodeIgniter\CodeIgniter->createController()
 3 SYSTEMPATH\CodeIgniter.php(355): CodeIgniter\CodeIgniter->handleRequest(null, Object(Config\Cache), false)
 4 SYSTEMPATH\Boot.php(325): CodeIgniter\CodeIgniter->run()
 5 SYSTEMPATH\Boot.php(67): CodeIgniter\Boot::runCodeIgniter(Object(CodeIgniter\CodeIgniter))
 6 FCPATH\index.php(56): CodeIgniter\Boot::bootWeb(Object(Config\Paths))
 7 SYSTEMPATH\rewrite.php(44): require_once('C:\\xampp\\htdocs\\TrabajoCine_4_0\\public\\index.php')
WARNING - 2024-11-05 07:00:42 --> [DEPRECATED] Creation of dynamic property App\Controllers\Ventas::$db is deprecated in APPPATH\Controllers\Ventas.php on line 117.
 1 SYSTEMPATH\CodeIgniter.php(903): App\Controllers\Ventas->__construct()
 2 SYSTEMPATH\CodeIgniter.php(500): CodeIgniter\CodeIgniter->createController()
 3 SYSTEMPATH\CodeIgniter.php(355): CodeIgniter\CodeIgniter->handleRequest(null, Object(Config\Cache), false)
 4 SYSTEMPATH\Boot.php(325): CodeIgniter\CodeIgniter->run()
 5 SYSTEMPATH\Boot.php(67): CodeIgniter\Boot::runCodeIgniter(Object(CodeIgniter\CodeIgniter))
 6 FCPATH\index.php(56): CodeIgniter\Boot::bootWeb(Object(Config\Paths))
 7 SYSTEMPATH\rewrite.php(44): require_once('C:\\xampp\\htdocs\\TrabajoCine_4_0\\public\\index.php')
CRITICAL - 2024-11-05 07:00:42 --> ErrorException: Undefined property: stdClass::$idAsiento
[Method: GET, Route: ventas/add/]
in APPPATH\Views\ventas\add.php on line 97.
 1 APPPATH\Views\ventas\add.php(97): CodeIgniter\Debug\Exceptions->errorHandler(2, 'Undefined property: stdClass::$idAsiento', 'C:\\xampp\\htdocs\\TrabajoCine_4_0\\app\\Views\\ventas\\add.php', 97)
 2 SYSTEMPATH\View\View.php(234): include('C:\\xampp\\htdocs\\TrabajoCine_4_0\\app\\Views\\ventas\\add.php')
 3 SYSTEMPATH\View\View.php(237): CodeIgniter\View\View->CodeIgniter\View\{closure}()
 4 SYSTEMPATH\Common.php(1171): CodeIgniter\View\View->render('ventas/add', [], true)
 5 APPPATH\Controllers\Ventas.php(99): view('ventas/add', [...])
 6 SYSTEMPATH\CodeIgniter.php(933): App\Controllers\Ventas->add()
 7 SYSTEMPATH\CodeIgniter.php(509): CodeIgniter\CodeIgniter->runController(Object(App\Controllers\Ventas))
 8 SYSTEMPATH\CodeIgniter.php(355): CodeIgniter\CodeIgniter->handleRequest(null, Object(Config\Cache), false)
 9 SYSTEMPATH\Boot.php(325): CodeIgniter\CodeIgniter->run()
10 SYSTEMPATH\Boot.php(67): CodeIgniter\Boot::runCodeIgniter(Object(CodeIgniter\CodeIgniter))
11 FCPATH\index.php(56): CodeIgniter\Boot::bootWeb(Object(Config\Paths))
12 SYSTEMPATH\rewrite.php(44): require_once('C:\\xampp\\htdocs\\TrabajoCine_4_0\\public\\index.php')
WARNING - 2024-11-05 07:00:51 --> [DEPRECATED] Creation of dynamic property App\Controllers\Ventas::$VentaM is deprecated in APPPATH\Controllers\Ventas.php on line 114.
 1 SYSTEMPATH\CodeIgniter.php(903): App\Controllers\Ventas->__construct()
 2 SYSTEMPATH\CodeIgniter.php(500): CodeIgniter\CodeIgniter->createController()
 3 SYSTEMPATH\CodeIgniter.php(355): CodeIgniter\CodeIgniter->handleRequest(null, Object(Config\Cache), false)
 4 SYSTEMPATH\Boot.php(325): CodeIgniter\CodeIgniter->run()
 5 SYSTEMPATH\Boot.php(67): CodeIgniter\Boot::runCodeIgniter(Object(CodeIgniter\CodeIgniter))
 6 FCPATH\index.php(56): CodeIgniter\Boot::bootWeb(Object(Config\Paths))
 7 SYSTEMPATH\rewrite.php(44): require_once('C:\\xampp\\htdocs\\TrabajoCine_4_0\\public\\index.php')
WARNING - 2024-11-05 07:00:51 --> [DEPRECATED] Creation of dynamic property App\Controllers\Ventas::$db is deprecated in APPPATH\Controllers\Ventas.php on line 117.
 1 SYSTEMPATH\CodeIgniter.php(903): App\Controllers\Ventas->__construct()
 2 SYSTEMPATH\CodeIgniter.php(500): CodeIgniter\CodeIgniter->createController()
 3 SYSTEMPATH\CodeIgniter.php(355): CodeIgniter\CodeIgniter->handleRequest(null, Object(Config\Cache), false)
 4 SYSTEMPATH\Boot.php(325): CodeIgniter\CodeIgniter->run()
 5 SYSTEMPATH\Boot.php(67): CodeIgniter\Boot::runCodeIgniter(Object(CodeIgniter\CodeIgniter))
 6 FCPATH\index.php(56): CodeIgniter\Boot::bootWeb(Object(Config\Paths))
 7 SYSTEMPATH\rewrite.php(44): require_once('C:\\xampp\\htdocs\\TrabajoCine_4_0\\public\\index.php')
WARNING - 2024-11-05 07:00:53 --> [DEPRECATED] Creation of dynamic property App\Controllers\Ventas::$VentaM is deprecated in APPPATH\Controllers\Ventas.php on line 114.
 1 SYSTEMPATH\CodeIgniter.php(903): App\Controllers\Ventas->__construct()
 2 SYSTEMPATH\CodeIgniter.php(500): CodeIgniter\CodeIgniter->createController()
 3 SYSTEMPATH\CodeIgniter.php(355): CodeIgniter\CodeIgniter->handleRequest(null, Object(Config\Cache), false)
 4 SYSTEMPATH\Boot.php(325): CodeIgniter\CodeIgniter->run()
 5 SYSTEMPATH\Boot.php(67): CodeIgniter\Boot::runCodeIgniter(Object(CodeIgniter\CodeIgniter))
 6 FCPATH\index.php(56): CodeIgniter\Boot::bootWeb(Object(Config\Paths))
 7 SYSTEMPATH\rewrite.php(44): require_once('C:\\xampp\\htdocs\\TrabajoCine_4_0\\public\\index.php')
WARNING - 2024-11-05 07:00:53 --> [DEPRECATED] Creation of dynamic property App\Controllers\Ventas::$db is deprecated in APPPATH\Controllers\Ventas.php on line 117.
 1 SYSTEMPATH\CodeIgniter.php(903): App\Controllers\Ventas->__construct()
 2 SYSTEMPATH\CodeIgniter.php(500): CodeIgniter\CodeIgniter->createController()
 3 SYSTEMPATH\CodeIgniter.php(355): CodeIgniter\CodeIgniter->handleRequest(null, Object(Config\Cache), false)
 4 SYSTEMPATH\Boot.php(325): CodeIgniter\CodeIgniter->run()
 5 SYSTEMPATH\Boot.php(67): CodeIgniter\Boot::runCodeIgniter(Object(CodeIgniter\CodeIgniter))
 6 FCPATH\index.php(56): CodeIgniter\Boot::bootWeb(Object(Config\Paths))
 7 SYSTEMPATH\rewrite.php(44): require_once('C:\\xampp\\htdocs\\TrabajoCine_4_0\\public\\index.php')
CRITICAL - 2024-11-05 07:00:53 --> ErrorException: Undefined property: stdClass::$idAsiento
[Method: GET, Route: ventas/add/]
in APPPATH\Views\ventas\add.php on line 97.
 1 APPPATH\Views\ventas\add.php(97): CodeIgniter\Debug\Exceptions->errorHandler(2, 'Undefined property: stdClass::$idAsiento', 'C:\\xampp\\htdocs\\TrabajoCine_4_0\\app\\Views\\ventas\\add.php', 97)
 2 SYSTEMPATH\View\View.php(234): include('C:\\xampp\\htdocs\\TrabajoCine_4_0\\app\\Views\\ventas\\add.php')
 3 SYSTEMPATH\View\View.php(237): CodeIgniter\View\View->CodeIgniter\View\{closure}()
 4 SYSTEMPATH\Common.php(1171): CodeIgniter\View\View->render('ventas/add', [], true)
 5 APPPATH\Controllers\Ventas.php(99): view('ventas/add', [...])
 6 SYSTEMPATH\CodeIgniter.php(933): App\Controllers\Ventas->add()
 7 SYSTEMPATH\CodeIgniter.php(509): CodeIgniter\CodeIgniter->runController(Object(App\Controllers\Ventas))
 8 SYSTEMPATH\CodeIgniter.php(355): CodeIgniter\CodeIgniter->handleRequest(null, Object(Config\Cache), false)
 9 SYSTEMPATH\Boot.php(325): CodeIgniter\CodeIgniter->run()
10 SYSTEMPATH\Boot.php(67): CodeIgniter\Boot::runCodeIgniter(Object(CodeIgniter\CodeIgniter))
11 FCPATH\index.php(56): CodeIgniter\Boot::bootWeb(Object(Config\Paths))
12 SYSTEMPATH\rewrite.php(44): require_once('C:\\xampp\\htdocs\\TrabajoCine_4_0\\public\\index.php')
WARNING - 2024-11-05 07:01:47 --> [DEPRECATED] Creation of dynamic property App\Controllers\Ventas::$VentaM is deprecated in APPPATH\Controllers\Ventas.php on line 114.
 1 SYSTEMPATH\CodeIgniter.php(903): App\Controllers\Ventas->__construct()
 2 SYSTEMPATH\CodeIgniter.php(500): CodeIgniter\CodeIgniter->createController()
 3 SYSTEMPATH\CodeIgniter.php(355): CodeIgniter\CodeIgniter->handleRequest(null, Object(Config\Cache), false)
 4 SYSTEMPATH\Boot.php(325): CodeIgniter\CodeIgniter->run()
 5 SYSTEMPATH\Boot.php(67): CodeIgniter\Boot::runCodeIgniter(Object(CodeIgniter\CodeIgniter))
 6 FCPATH\index.php(56): CodeIgniter\Boot::bootWeb(Object(Config\Paths))
 7 SYSTEMPATH\rewrite.php(44): require_once('C:\\xampp\\htdocs\\TrabajoCine_4_0\\public\\index.php')
WARNING - 2024-11-05 07:01:47 --> [DEPRECATED] Creation of dynamic property App\Controllers\Ventas::$db is deprecated in APPPATH\Controllers\Ventas.php on line 117.
 1 SYSTEMPATH\CodeIgniter.php(903): App\Controllers\Ventas->__construct()
 2 SYSTEMPATH\CodeIgniter.php(500): CodeIgniter\CodeIgniter->createController()
 3 SYSTEMPATH\CodeIgniter.php(355): CodeIgniter\CodeIgniter->handleRequest(null, Object(Config\Cache), false)
 4 SYSTEMPATH\Boot.php(325): CodeIgniter\CodeIgniter->run()
 5 SYSTEMPATH\Boot.php(67): CodeIgniter\Boot::runCodeIgniter(Object(CodeIgniter\CodeIgniter))
 6 FCPATH\index.php(56): CodeIgniter\Boot::bootWeb(Object(Config\Paths))
 7 SYSTEMPATH\rewrite.php(44): require_once('C:\\xampp\\htdocs\\TrabajoCine_4_0\\public\\index.php')
CRITICAL - 2024-11-05 07:01:47 --> ErrorException: Undefined property: stdClass::$idAsiento
[Method: GET, Route: ventas/add/]
in APPPATH\Views\ventas\add.php on line 97.
 1 APPPATH\Views\ventas\add.php(97): CodeIgniter\Debug\Exceptions->errorHandler(2, 'Undefined property: stdClass::$idAsiento', 'C:\\xampp\\htdocs\\TrabajoCine_4_0\\app\\Views\\ventas\\add.php', 97)
 2 SYSTEMPATH\View\View.php(234): include('C:\\xampp\\htdocs\\TrabajoCine_4_0\\app\\Views\\ventas\\add.php')
 3 SYSTEMPATH\View\View.php(237): CodeIgniter\View\View->CodeIgniter\View\{closure}()
 4 SYSTEMPATH\Common.php(1171): CodeIgniter\View\View->render('ventas/add', [], true)
 5 APPPATH\Controllers\Ventas.php(99): view('ventas/add', [...])
 6 SYSTEMPATH\CodeIgniter.php(933): App\Controllers\Ventas->add()
 7 SYSTEMPATH\CodeIgniter.php(509): CodeIgniter\CodeIgniter->runController(Object(App\Controllers\Ventas))
 8 SYSTEMPATH\CodeIgniter.php(355): CodeIgniter\CodeIgniter->handleRequest(null, Object(Config\Cache), false)
 9 SYSTEMPATH\Boot.php(325): CodeIgniter\CodeIgniter->run()
10 SYSTEMPATH\Boot.php(67): CodeIgniter\Boot::runCodeIgniter(Object(CodeIgniter\CodeIgniter))
11 FCPATH\index.php(56): CodeIgniter\Boot::bootWeb(Object(Config\Paths))
12 SYSTEMPATH\rewrite.php(44): require_once('C:\\xampp\\htdocs\\TrabajoCine_4_0\\public\\index.php')
WARNING - 2024-11-05 07:02:25 --> [DEPRECATED] Creation of dynamic property App\Controllers\Ventas::$VentaM is deprecated in APPPATH\Controllers\Ventas.php on line 114.
 1 SYSTEMPATH\CodeIgniter.php(903): App\Controllers\Ventas->__construct()
 2 SYSTEMPATH\CodeIgniter.php(500): CodeIgniter\CodeIgniter->createController()
 3 SYSTEMPATH\CodeIgniter.php(355): CodeIgniter\CodeIgniter->handleRequest(null, Object(Config\Cache), false)
 4 SYSTEMPATH\Boot.php(325): CodeIgniter\CodeIgniter->run()
 5 SYSTEMPATH\Boot.php(67): CodeIgniter\Boot::runCodeIgniter(Object(CodeIgniter\CodeIgniter))
 6 FCPATH\index.php(56): CodeIgniter\Boot::bootWeb(Object(Config\Paths))
 7 SYSTEMPATH\rewrite.php(44): require_once('C:\\xampp\\htdocs\\TrabajoCine_4_0\\public\\index.php')
WARNING - 2024-11-05 07:02:25 --> [DEPRECATED] Creation of dynamic property App\Controllers\Ventas::$db is deprecated in APPPATH\Controllers\Ventas.php on line 117.
 1 SYSTEMPATH\CodeIgniter.php(903): App\Controllers\Ventas->__construct()
 2 SYSTEMPATH\CodeIgniter.php(500): CodeIgniter\CodeIgniter->createController()
 3 SYSTEMPATH\CodeIgniter.php(355): CodeIgniter\CodeIgniter->handleRequest(null, Object(Config\Cache), false)
 4 SYSTEMPATH\Boot.php(325): CodeIgniter\CodeIgniter->run()
 5 SYSTEMPATH\Boot.php(67): CodeIgniter\Boot::runCodeIgniter(Object(CodeIgniter\CodeIgniter))
 6 FCPATH\index.php(56): CodeIgniter\Boot::bootWeb(Object(Config\Paths))
 7 SYSTEMPATH\rewrite.php(44): require_once('C:\\xampp\\htdocs\\TrabajoCine_4_0\\public\\index.php')
CRITICAL - 2024-11-05 07:02:25 --> BadMethodCallException: Call to undefined method App\Models\FuncionM::getCOUNTAsientosDisponibles2
[Method: GET, Route: ventas/add/]
in SYSTEMPATH\Model.php on line 932.
 1 APPPATH\Controllers\Ventas.php(89): CodeIgniter\Model->__call('getCOUNTAsientosDisponibles2', [])
 2 SYSTEMPATH\CodeIgniter.php(933): App\Controllers\Ventas->add()
 3 SYSTEMPATH\CodeIgniter.php(509): CodeIgniter\CodeIgniter->runController(Object(App\Controllers\Ventas))
 4 SYSTEMPATH\CodeIgniter.php(355): CodeIgniter\CodeIgniter->handleRequest(null, Object(Config\Cache), false)
 5 SYSTEMPATH\Boot.php(325): CodeIgniter\CodeIgniter->run()
 6 SYSTEMPATH\Boot.php(67): CodeIgniter\Boot::runCodeIgniter(Object(CodeIgniter\CodeIgniter))
 7 FCPATH\index.php(56): CodeIgniter\Boot::bootWeb(Object(Config\Paths))
 8 SYSTEMPATH\rewrite.php(44): require_once('C:\\xampp\\htdocs\\TrabajoCine_4_0\\public\\index.php')
WARNING - 2024-11-05 07:02:42 --> [DEPRECATED] Creation of dynamic property App\Controllers\Ventas::$VentaM is deprecated in APPPATH\Controllers\Ventas.php on line 114.
 1 SYSTEMPATH\CodeIgniter.php(903): App\Controllers\Ventas->__construct()
 2 SYSTEMPATH\CodeIgniter.php(500): CodeIgniter\CodeIgniter->createController()
 3 SYSTEMPATH\CodeIgniter.php(355): CodeIgniter\CodeIgniter->handleRequest(null, Object(Config\Cache), false)
 4 SYSTEMPATH\Boot.php(325): CodeIgniter\CodeIgniter->run()
 5 SYSTEMPATH\Boot.php(67): CodeIgniter\Boot::runCodeIgniter(Object(CodeIgniter\CodeIgniter))
 6 FCPATH\index.php(56): CodeIgniter\Boot::bootWeb(Object(Config\Paths))
 7 SYSTEMPATH\rewrite.php(44): require_once('C:\\xampp\\htdocs\\TrabajoCine_4_0\\public\\index.php')
WARNING - 2024-11-05 07:02:42 --> [DEPRECATED] Creation of dynamic property App\Controllers\Ventas::$db is deprecated in APPPATH\Controllers\Ventas.php on line 117.
 1 SYSTEMPATH\CodeIgniter.php(903): App\Controllers\Ventas->__construct()
 2 SYSTEMPATH\CodeIgniter.php(500): CodeIgniter\CodeIgniter->createController()
 3 SYSTEMPATH\CodeIgniter.php(355): CodeIgniter\CodeIgniter->handleRequest(null, Object(Config\Cache), false)
 4 SYSTEMPATH\Boot.php(325): CodeIgniter\CodeIgniter->run()
 5 SYSTEMPATH\Boot.php(67): CodeIgniter\Boot::runCodeIgniter(Object(CodeIgniter\CodeIgniter))
 6 FCPATH\index.php(56): CodeIgniter\Boot::bootWeb(Object(Config\Paths))
 7 SYSTEMPATH\rewrite.php(44): require_once('C:\\xampp\\htdocs\\TrabajoCine_4_0\\public\\index.php')
CRITICAL - 2024-11-05 07:02:42 --> BadMethodCallException: Call to undefined method App\Models\FuncionM::getCOUNTAsientosDisponibles2
[Method: GET, Route: ventas/add/]
in SYSTEMPATH\Model.php on line 932.
 1 APPPATH\Controllers\Ventas.php(89): CodeIgniter\Model->__call('getCOUNTAsientosDisponibles2', [])
 2 SYSTEMPATH\CodeIgniter.php(933): App\Controllers\Ventas->add()
 3 SYSTEMPATH\CodeIgniter.php(509): CodeIgniter\CodeIgniter->runController(Object(App\Controllers\Ventas))
 4 SYSTEMPATH\CodeIgniter.php(355): CodeIgniter\CodeIgniter->handleRequest(null, Object(Config\Cache), false)
 5 SYSTEMPATH\Boot.php(325): CodeIgniter\CodeIgniter->run()
 6 SYSTEMPATH\Boot.php(67): CodeIgniter\Boot::runCodeIgniter(Object(CodeIgniter\CodeIgniter))
 7 FCPATH\index.php(56): CodeIgniter\Boot::bootWeb(Object(Config\Paths))
 8 SYSTEMPATH\rewrite.php(44): require_once('C:\\xampp\\htdocs\\TrabajoCine_4_0\\public\\index.php')
WARNING - 2024-11-05 07:02:42 --> [DEPRECATED] Creation of dynamic property App\Controllers\Ventas::$VentaM is deprecated in APPPATH\Controllers\Ventas.php on line 114.
 1 SYSTEMPATH\CodeIgniter.php(903): App\Controllers\Ventas->__construct()
 2 SYSTEMPATH\CodeIgniter.php(500): CodeIgniter\CodeIgniter->createController()
 3 SYSTEMPATH\CodeIgniter.php(355): CodeIgniter\CodeIgniter->handleRequest(null, Object(Config\Cache), false)
 4 SYSTEMPATH\Boot.php(325): CodeIgniter\CodeIgniter->run()
 5 SYSTEMPATH\Boot.php(67): CodeIgniter\Boot::runCodeIgniter(Object(CodeIgniter\CodeIgniter))
 6 FCPATH\index.php(56): CodeIgniter\Boot::bootWeb(Object(Config\Paths))
 7 SYSTEMPATH\rewrite.php(44): require_once('C:\\xampp\\htdocs\\TrabajoCine_4_0\\public\\index.php')
WARNING - 2024-11-05 07:02:42 --> [DEPRECATED] Creation of dynamic property App\Controllers\Ventas::$db is deprecated in APPPATH\Controllers\Ventas.php on line 117.
 1 SYSTEMPATH\CodeIgniter.php(903): App\Controllers\Ventas->__construct()
 2 SYSTEMPATH\CodeIgniter.php(500): CodeIgniter\CodeIgniter->createController()
 3 SYSTEMPATH\CodeIgniter.php(355): CodeIgniter\CodeIgniter->handleRequest(null, Object(Config\Cache), false)
 4 SYSTEMPATH\Boot.php(325): CodeIgniter\CodeIgniter->run()
 5 SYSTEMPATH\Boot.php(67): CodeIgniter\Boot::runCodeIgniter(Object(CodeIgniter\CodeIgniter))
 6 FCPATH\index.php(56): CodeIgniter\Boot::bootWeb(Object(Config\Paths))
 7 SYSTEMPATH\rewrite.php(44): require_once('C:\\xampp\\htdocs\\TrabajoCine_4_0\\public\\index.php')
CRITICAL - 2024-11-05 07:02:42 --> BadMethodCallException: Call to undefined method App\Models\FuncionM::getCOUNTAsientosDisponibles2
[Method: GET, Route: ventas/add/]
in SYSTEMPATH\Model.php on line 932.
 1 APPPATH\Controllers\Ventas.php(89): CodeIgniter\Model->__call('getCOUNTAsientosDisponibles2', [])
 2 SYSTEMPATH\CodeIgniter.php(933): App\Controllers\Ventas->add()
 3 SYSTEMPATH\CodeIgniter.php(509): CodeIgniter\CodeIgniter->runController(Object(App\Controllers\Ventas))
 4 SYSTEMPATH\CodeIgniter.php(355): CodeIgniter\CodeIgniter->handleRequest(null, Object(Config\Cache), false)
 5 SYSTEMPATH\Boot.php(325): CodeIgniter\CodeIgniter->run()
 6 SYSTEMPATH\Boot.php(67): CodeIgniter\Boot::runCodeIgniter(Object(CodeIgniter\CodeIgniter))
 7 FCPATH\index.php(56): CodeIgniter\Boot::bootWeb(Object(Config\Paths))
 8 SYSTEMPATH\rewrite.php(44): require_once('C:\\xampp\\htdocs\\TrabajoCine_4_0\\public\\index.php')
WARNING - 2024-11-05 07:02:43 --> [DEPRECATED] Creation of dynamic property App\Controllers\Ventas::$VentaM is deprecated in APPPATH\Controllers\Ventas.php on line 114.
 1 SYSTEMPATH\CodeIgniter.php(903): App\Controllers\Ventas->__construct()
 2 SYSTEMPATH\CodeIgniter.php(500): CodeIgniter\CodeIgniter->createController()
 3 SYSTEMPATH\CodeIgniter.php(355): CodeIgniter\CodeIgniter->handleRequest(null, Object(Config\Cache), false)
 4 SYSTEMPATH\Boot.php(325): CodeIgniter\CodeIgniter->run()
 5 SYSTEMPATH\Boot.php(67): CodeIgniter\Boot::runCodeIgniter(Object(CodeIgniter\CodeIgniter))
 6 FCPATH\index.php(56): CodeIgniter\Boot::bootWeb(Object(Config\Paths))
 7 SYSTEMPATH\rewrite.php(44): require_once('C:\\xampp\\htdocs\\TrabajoCine_4_0\\public\\index.php')
WARNING - 2024-11-05 07:02:43 --> [DEPRECATED] Creation of dynamic property App\Controllers\Ventas::$db is deprecated in APPPATH\Controllers\Ventas.php on line 117.
 1 SYSTEMPATH\CodeIgniter.php(903): App\Controllers\Ventas->__construct()
 2 SYSTEMPATH\CodeIgniter.php(500): CodeIgniter\CodeIgniter->createController()
 3 SYSTEMPATH\CodeIgniter.php(355): CodeIgniter\CodeIgniter->handleRequest(null, Object(Config\Cache), false)
 4 SYSTEMPATH\Boot.php(325): CodeIgniter\CodeIgniter->run()
 5 SYSTEMPATH\Boot.php(67): CodeIgniter\Boot::runCodeIgniter(Object(CodeIgniter\CodeIgniter))
 6 FCPATH\index.php(56): CodeIgniter\Boot::bootWeb(Object(Config\Paths))
 7 SYSTEMPATH\rewrite.php(44): require_once('C:\\xampp\\htdocs\\TrabajoCine_4_0\\public\\index.php')
WARNING - 2024-11-05 07:02:47 --> [DEPRECATED] Creation of dynamic property App\Controllers\Ventas::$VentaM is deprecated in APPPATH\Controllers\Ventas.php on line 114.
 1 SYSTEMPATH\CodeIgniter.php(903): App\Controllers\Ventas->__construct()
 2 SYSTEMPATH\CodeIgniter.php(500): CodeIgniter\CodeIgniter->createController()
 3 SYSTEMPATH\CodeIgniter.php(355): CodeIgniter\CodeIgniter->handleRequest(null, Object(Config\Cache), false)
 4 SYSTEMPATH\Boot.php(325): CodeIgniter\CodeIgniter->run()
 5 SYSTEMPATH\Boot.php(67): CodeIgniter\Boot::runCodeIgniter(Object(CodeIgniter\CodeIgniter))
 6 FCPATH\index.php(56): CodeIgniter\Boot::bootWeb(Object(Config\Paths))
 7 SYSTEMPATH\rewrite.php(44): require_once('C:\\xampp\\htdocs\\TrabajoCine_4_0\\public\\index.php')
WARNING - 2024-11-05 07:02:47 --> [DEPRECATED] Creation of dynamic property App\Controllers\Ventas::$db is deprecated in APPPATH\Controllers\Ventas.php on line 117.
 1 SYSTEMPATH\CodeIgniter.php(903): App\Controllers\Ventas->__construct()
 2 SYSTEMPATH\CodeIgniter.php(500): CodeIgniter\CodeIgniter->createController()
 3 SYSTEMPATH\CodeIgniter.php(355): CodeIgniter\CodeIgniter->handleRequest(null, Object(Config\Cache), false)
 4 SYSTEMPATH\Boot.php(325): CodeIgniter\CodeIgniter->run()
 5 SYSTEMPATH\Boot.php(67): CodeIgniter\Boot::runCodeIgniter(Object(CodeIgniter\CodeIgniter))
 6 FCPATH\index.php(56): CodeIgniter\Boot::bootWeb(Object(Config\Paths))
 7 SYSTEMPATH\rewrite.php(44): require_once('C:\\xampp\\htdocs\\TrabajoCine_4_0\\public\\index.php')
CRITICAL - 2024-11-05 07:02:47 --> BadMethodCallException: Call to undefined method App\Models\FuncionM::getCOUNTAsientosDisponibles2
[Method: GET, Route: ventas/add/]
in SYSTEMPATH\Model.php on line 932.
 1 APPPATH\Controllers\Ventas.php(89): CodeIgniter\Model->__call('getCOUNTAsientosDisponibles2', [])
 2 SYSTEMPATH\CodeIgniter.php(933): App\Controllers\Ventas->add()
 3 SYSTEMPATH\CodeIgniter.php(509): CodeIgniter\CodeIgniter->runController(Object(App\Controllers\Ventas))
 4 SYSTEMPATH\CodeIgniter.php(355): CodeIgniter\CodeIgniter->handleRequest(null, Object(Config\Cache), false)
 5 SYSTEMPATH\Boot.php(325): CodeIgniter\CodeIgniter->run()
 6 SYSTEMPATH\Boot.php(67): CodeIgniter\Boot::runCodeIgniter(Object(CodeIgniter\CodeIgniter))
 7 FCPATH\index.php(56): CodeIgniter\Boot::bootWeb(Object(Config\Paths))
 8 SYSTEMPATH\rewrite.php(44): require_once('C:\\xampp\\htdocs\\TrabajoCine_4_0\\public\\index.php')
WARNING - 2024-11-05 07:03:39 --> [DEPRECATED] Creation of dynamic property App\Controllers\Ventas::$VentaM is deprecated in APPPATH\Controllers\Ventas.php on line 114.
 1 SYSTEMPATH\CodeIgniter.php(903): App\Controllers\Ventas->__construct()
 2 SYSTEMPATH\CodeIgniter.php(500): CodeIgniter\CodeIgniter->createController()
 3 SYSTEMPATH\CodeIgniter.php(355): CodeIgniter\CodeIgniter->handleRequest(null, Object(Config\Cache), false)
 4 SYSTEMPATH\Boot.php(325): CodeIgniter\CodeIgniter->run()
 5 SYSTEMPATH\Boot.php(67): CodeIgniter\Boot::runCodeIgniter(Object(CodeIgniter\CodeIgniter))
 6 FCPATH\index.php(56): CodeIgniter\Boot::bootWeb(Object(Config\Paths))
 7 SYSTEMPATH\rewrite.php(44): require_once('C:\\xampp\\htdocs\\TrabajoCine_4_0\\public\\index.php')
WARNING - 2024-11-05 07:03:39 --> [DEPRECATED] Creation of dynamic property App\Controllers\Ventas::$db is deprecated in APPPATH\Controllers\Ventas.php on line 117.
 1 SYSTEMPATH\CodeIgniter.php(903): App\Controllers\Ventas->__construct()
 2 SYSTEMPATH\CodeIgniter.php(500): CodeIgniter\CodeIgniter->createController()
 3 SYSTEMPATH\CodeIgniter.php(355): CodeIgniter\CodeIgniter->handleRequest(null, Object(Config\Cache), false)
 4 SYSTEMPATH\Boot.php(325): CodeIgniter\CodeIgniter->run()
 5 SYSTEMPATH\Boot.php(67): CodeIgniter\Boot::runCodeIgniter(Object(CodeIgniter\CodeIgniter))
 6 FCPATH\index.php(56): CodeIgniter\Boot::bootWeb(Object(Config\Paths))
 7 SYSTEMPATH\rewrite.php(44): require_once('C:\\xampp\\htdocs\\TrabajoCine_4_0\\public\\index.php')
CRITICAL - 2024-11-05 07:03:39 --> BadMethodCallException: Call to undefined method App\Models\FuncionM::getCOUNTAsientosDisponibles2
[Method: GET, Route: ventas/add/]
in SYSTEMPATH\Model.php on line 932.
 1 APPPATH\Controllers\Ventas.php(89): CodeIgniter\Model->__call('getCOUNTAsientosDisponibles2', [])
 2 SYSTEMPATH\CodeIgniter.php(933): App\Controllers\Ventas->add()
 3 SYSTEMPATH\CodeIgniter.php(509): CodeIgniter\CodeIgniter->runController(Object(App\Controllers\Ventas))
 4 SYSTEMPATH\CodeIgniter.php(355): CodeIgniter\CodeIgniter->handleRequest(null, Object(Config\Cache), false)
 5 SYSTEMPATH\Boot.php(325): CodeIgniter\CodeIgniter->run()
 6 SYSTEMPATH\Boot.php(67): CodeIgniter\Boot::runCodeIgniter(Object(CodeIgniter\CodeIgniter))
 7 FCPATH\index.php(56): CodeIgniter\Boot::bootWeb(Object(Config\Paths))
 8 SYSTEMPATH\rewrite.php(44): require_once('C:\\xampp\\htdocs\\TrabajoCine_4_0\\public\\index.php')
WARNING - 2024-11-05 07:04:11 --> [DEPRECATED] Creation of dynamic property App\Controllers\Ventas::$VentaM is deprecated in APPPATH\Controllers\Ventas.php on line 114.
 1 SYSTEMPATH\CodeIgniter.php(903): App\Controllers\Ventas->__construct()
 2 SYSTEMPATH\CodeIgniter.php(500): CodeIgniter\CodeIgniter->createController()
 3 SYSTEMPATH\CodeIgniter.php(355): CodeIgniter\CodeIgniter->handleRequest(null, Object(Config\Cache), false)
 4 SYSTEMPATH\Boot.php(325): CodeIgniter\CodeIgniter->run()
 5 SYSTEMPATH\Boot.php(67): CodeIgniter\Boot::runCodeIgniter(Object(CodeIgniter\CodeIgniter))
 6 FCPATH\index.php(56): CodeIgniter\Boot::bootWeb(Object(Config\Paths))
 7 SYSTEMPATH\rewrite.php(44): require_once('C:\\xampp\\htdocs\\TrabajoCine_4_0\\public\\index.php')
WARNING - 2024-11-05 07:04:11 --> [DEPRECATED] Creation of dynamic property App\Controllers\Ventas::$db is deprecated in APPPATH\Controllers\Ventas.php on line 117.
 1 SYSTEMPATH\CodeIgniter.php(903): App\Controllers\Ventas->__construct()
 2 SYSTEMPATH\CodeIgniter.php(500): CodeIgniter\CodeIgniter->createController()
 3 SYSTEMPATH\CodeIgniter.php(355): CodeIgniter\CodeIgniter->handleRequest(null, Object(Config\Cache), false)
 4 SYSTEMPATH\Boot.php(325): CodeIgniter\CodeIgniter->run()
 5 SYSTEMPATH\Boot.php(67): CodeIgniter\Boot::runCodeIgniter(Object(CodeIgniter\CodeIgniter))
 6 FCPATH\index.php(56): CodeIgniter\Boot::bootWeb(Object(Config\Paths))
 7 SYSTEMPATH\rewrite.php(44): require_once('C:\\xampp\\htdocs\\TrabajoCine_4_0\\public\\index.php')
CRITICAL - 2024-11-05 07:04:11 --> ErrorException: Undefined property: stdClass::$TotalDeAsientosDisponibles
[Method: GET, Route: ventas/add/]
in APPPATH\Controllers\Ventas.php on line 83.
 1 APPPATH\Controllers\Ventas.php(83): CodeIgniter\Debug\Exceptions->errorHandler(2, 'Undefined property: stdClass::$TotalDeAsientosDisponibles', 'C:\\xampp\\htdocs\\TrabajoCine_4_0\\app\\Controllers\\Ventas.php', 83)
 2 SYSTEMPATH\CodeIgniter.php(933): App\Controllers\Ventas->add()
 3 SYSTEMPATH\CodeIgniter.php(509): CodeIgniter\CodeIgniter->runController(Object(App\Controllers\Ventas))
 4 SYSTEMPATH\CodeIgniter.php(355): CodeIgniter\CodeIgniter->handleRequest(null, Object(Config\Cache), false)
 5 SYSTEMPATH\Boot.php(325): CodeIgniter\CodeIgniter->run()
 6 SYSTEMPATH\Boot.php(67): CodeIgniter\Boot::runCodeIgniter(Object(CodeIgniter\CodeIgniter))
 7 FCPATH\index.php(56): CodeIgniter\Boot::bootWeb(Object(Config\Paths))
 8 SYSTEMPATH\rewrite.php(44): require_once('C:\\xampp\\htdocs\\TrabajoCine_4_0\\public\\index.php')
WARNING - 2024-11-05 07:04:12 --> [DEPRECATED] Creation of dynamic property App\Controllers\Ventas::$VentaM is deprecated in APPPATH\Controllers\Ventas.php on line 114.
 1 SYSTEMPATH\CodeIgniter.php(903): App\Controllers\Ventas->__construct()
 2 SYSTEMPATH\CodeIgniter.php(500): CodeIgniter\CodeIgniter->createController()
 3 SYSTEMPATH\CodeIgniter.php(355): CodeIgniter\CodeIgniter->handleRequest(null, Object(Config\Cache), false)
 4 SYSTEMPATH\Boot.php(325): CodeIgniter\CodeIgniter->run()
 5 SYSTEMPATH\Boot.php(67): CodeIgniter\Boot::runCodeIgniter(Object(CodeIgniter\CodeIgniter))
 6 FCPATH\index.php(56): CodeIgniter\Boot::bootWeb(Object(Config\Paths))
 7 SYSTEMPATH\rewrite.php(44): require_once('C:\\xampp\\htdocs\\TrabajoCine_4_0\\public\\index.php')
WARNING - 2024-11-05 07:04:12 --> [DEPRECATED] Creation of dynamic property App\Controllers\Ventas::$db is deprecated in APPPATH\Controllers\Ventas.php on line 117.
 1 SYSTEMPATH\CodeIgniter.php(903): App\Controllers\Ventas->__construct()
 2 SYSTEMPATH\CodeIgniter.php(500): CodeIgniter\CodeIgniter->createController()
 3 SYSTEMPATH\CodeIgniter.php(355): CodeIgniter\CodeIgniter->handleRequest(null, Object(Config\Cache), false)
 4 SYSTEMPATH\Boot.php(325): CodeIgniter\CodeIgniter->run()
 5 SYSTEMPATH\Boot.php(67): CodeIgniter\Boot::runCodeIgniter(Object(CodeIgniter\CodeIgniter))
 6 FCPATH\index.php(56): CodeIgniter\Boot::bootWeb(Object(Config\Paths))
 7 SYSTEMPATH\rewrite.php(44): require_once('C:\\xampp\\htdocs\\TrabajoCine_4_0\\public\\index.php')
CRITICAL - 2024-11-05 07:04:12 --> ErrorException: Undefined property: stdClass::$TotalDeAsientosDisponibles
[Method: GET, Route: ventas/add/]
in APPPATH\Controllers\Ventas.php on line 83.
 1 APPPATH\Controllers\Ventas.php(83): CodeIgniter\Debug\Exceptions->errorHandler(2, 'Undefined property: stdClass::$TotalDeAsientosDisponibles', 'C:\\xampp\\htdocs\\TrabajoCine_4_0\\app\\Controllers\\Ventas.php', 83)
 2 SYSTEMPATH\CodeIgniter.php(933): App\Controllers\Ventas->add()
 3 SYSTEMPATH\CodeIgniter.php(509): CodeIgniter\CodeIgniter->runController(Object(App\Controllers\Ventas))
 4 SYSTEMPATH\CodeIgniter.php(355): CodeIgniter\CodeIgniter->handleRequest(null, Object(Config\Cache), false)
 5 SYSTEMPATH\Boot.php(325): CodeIgniter\CodeIgniter->run()
 6 SYSTEMPATH\Boot.php(67): CodeIgniter\Boot::runCodeIgniter(Object(CodeIgniter\CodeIgniter))
 7 FCPATH\index.php(56): CodeIgniter\Boot::bootWeb(Object(Config\Paths))
 8 SYSTEMPATH\rewrite.php(44): require_once('C:\\xampp\\htdocs\\TrabajoCine_4_0\\public\\index.php')
WARNING - 2024-11-05 07:04:56 --> [DEPRECATED] Creation of dynamic property App\Controllers\Ventas::$VentaM is deprecated in APPPATH\Controllers\Ventas.php on line 114.
 1 SYSTEMPATH\CodeIgniter.php(903): App\Controllers\Ventas->__construct()
 2 SYSTEMPATH\CodeIgniter.php(500): CodeIgniter\CodeIgniter->createController()
 3 SYSTEMPATH\CodeIgniter.php(355): CodeIgniter\CodeIgniter->handleRequest(null, Object(Config\Cache), false)
 4 SYSTEMPATH\Boot.php(325): CodeIgniter\CodeIgniter->run()
 5 SYSTEMPATH\Boot.php(67): CodeIgniter\Boot::runCodeIgniter(Object(CodeIgniter\CodeIgniter))
 6 FCPATH\index.php(56): CodeIgniter\Boot::bootWeb(Object(Config\Paths))
 7 SYSTEMPATH\rewrite.php(44): require_once('C:\\xampp\\htdocs\\TrabajoCine_4_0\\public\\index.php')
WARNING - 2024-11-05 07:04:56 --> [DEPRECATED] Creation of dynamic property App\Controllers\Ventas::$db is deprecated in APPPATH\Controllers\Ventas.php on line 117.
 1 SYSTEMPATH\CodeIgniter.php(903): App\Controllers\Ventas->__construct()
 2 SYSTEMPATH\CodeIgniter.php(500): CodeIgniter\CodeIgniter->createController()
 3 SYSTEMPATH\CodeIgniter.php(355): CodeIgniter\CodeIgniter->handleRequest(null, Object(Config\Cache), false)
 4 SYSTEMPATH\Boot.php(325): CodeIgniter\CodeIgniter->run()
 5 SYSTEMPATH\Boot.php(67): CodeIgniter\Boot::runCodeIgniter(Object(CodeIgniter\CodeIgniter))
 6 FCPATH\index.php(56): CodeIgniter\Boot::bootWeb(Object(Config\Paths))
 7 SYSTEMPATH\rewrite.php(44): require_once('C:\\xampp\\htdocs\\TrabajoCine_4_0\\public\\index.php')
CRITICAL - 2024-11-05 07:04:56 --> BadMethodCallException: Call to undefined method App\Models\FuncionM::getCOUNTAsientosDisponibles2
[Method: GET, Route: ventas/add/]
in SYSTEMPATH\Model.php on line 932.
 1 APPPATH\Controllers\Ventas.php(89): CodeIgniter\Model->__call('getCOUNTAsientosDisponibles2', [])
 2 SYSTEMPATH\CodeIgniter.php(933): App\Controllers\Ventas->add()
 3 SYSTEMPATH\CodeIgniter.php(509): CodeIgniter\CodeIgniter->runController(Object(App\Controllers\Ventas))
 4 SYSTEMPATH\CodeIgniter.php(355): CodeIgniter\CodeIgniter->handleRequest(null, Object(Config\Cache), false)
 5 SYSTEMPATH\Boot.php(325): CodeIgniter\CodeIgniter->run()
 6 SYSTEMPATH\Boot.php(67): CodeIgniter\Boot::runCodeIgniter(Object(CodeIgniter\CodeIgniter))
 7 FCPATH\index.php(56): CodeIgniter\Boot::bootWeb(Object(Config\Paths))
 8 SYSTEMPATH\rewrite.php(44): require_once('C:\\xampp\\htdocs\\TrabajoCine_4_0\\public\\index.php')
WARNING - 2024-11-05 07:06:18 --> [DEPRECATED] Creation of dynamic property App\Controllers\Ventas::$VentaM is deprecated in APPPATH\Controllers\Ventas.php on line 117.
 1 SYSTEMPATH\CodeIgniter.php(903): App\Controllers\Ventas->__construct()
 2 SYSTEMPATH\CodeIgniter.php(500): CodeIgniter\CodeIgniter->createController()
 3 SYSTEMPATH\CodeIgniter.php(355): CodeIgniter\CodeIgniter->handleRequest(null, Object(Config\Cache), false)
 4 SYSTEMPATH\Boot.php(325): CodeIgniter\CodeIgniter->run()
 5 SYSTEMPATH\Boot.php(67): CodeIgniter\Boot::runCodeIgniter(Object(CodeIgniter\CodeIgniter))
 6 FCPATH\index.php(56): CodeIgniter\Boot::bootWeb(Object(Config\Paths))
 7 SYSTEMPATH\rewrite.php(44): require_once('C:\\xampp\\htdocs\\TrabajoCine_4_0\\public\\index.php')
WARNING - 2024-11-05 07:06:18 --> [DEPRECATED] Creation of dynamic property App\Controllers\Ventas::$db is deprecated in APPPATH\Controllers\Ventas.php on line 120.
 1 SYSTEMPATH\CodeIgniter.php(903): App\Controllers\Ventas->__construct()
 2 SYSTEMPATH\CodeIgniter.php(500): CodeIgniter\CodeIgniter->createController()
 3 SYSTEMPATH\CodeIgniter.php(355): CodeIgniter\CodeIgniter->handleRequest(null, Object(Config\Cache), false)
 4 SYSTEMPATH\Boot.php(325): CodeIgniter\CodeIgniter->run()
 5 SYSTEMPATH\Boot.php(67): CodeIgniter\Boot::runCodeIgniter(Object(CodeIgniter\CodeIgniter))
 6 FCPATH\index.php(56): CodeIgniter\Boot::bootWeb(Object(Config\Paths))
 7 SYSTEMPATH\rewrite.php(44): require_once('C:\\xampp\\htdocs\\TrabajoCine_4_0\\public\\index.php')
