INFO - 2024-09-12 02:40:02 --> Session: Class initialized using 'CodeIgniter\Session\Handlers\FileHandler' driver.
CRITICAL - 2024-09-12 02:49:51 --> ErrorException: Undefined property: stdClass::$idmarca
[Method: GET, Route: empleados]
in APPPATH\Views\empleados\show.php on line 46.
 1 APPPATH\Views\empleados\show.php(46): CodeIgniter\Debug\Exceptions->errorHandler(2, 'Undefined property: stdClass::$idmarca', 'C:\\xampp\\htdocs\\TrabajoCine\\app\\Views\\empleados\\show.php', 46)
 2 SYSTEMPATH\View\View.php(234): include('C:\\xampp\\htdocs\\TrabajoCine\\app\\Views\\empleados\\show.php')
 3 SYSTEMPATH\View\View.php(237): CodeIgniter\View\View->CodeIgniter\View\{closure}()
 4 SYSTEMPATH\Common.php(1171): CodeIgniter\View\View->render('empleados/show', [], true)
 5 APPPATH\Controllers\Empleados.php(20): view('empleados/show', [...])
 6 SYSTEMPATH\CodeIgniter.php(933): App\Controllers\Empleados->index()
 7 SYSTEMPATH\CodeIgniter.php(509): CodeIgniter\CodeIgniter->runController(Object(App\Controllers\Empleados))
 8 SYSTEMPATH\CodeIgniter.php(355): CodeIgniter\CodeIgniter->handleRequest(null, Object(Config\Cache), false)
 9 SYSTEMPATH\Boot.php(325): CodeIgniter\CodeIgniter->run()
10 SYSTEMPATH\Boot.php(67): CodeIgniter\Boot::runCodeIgniter(Object(CodeIgniter\CodeIgniter))
11 FCPATH\index.php(56): CodeIgniter\Boot::bootWeb(Object(Config\Paths))
12 SYSTEMPATH\rewrite.php(44): require_once('C:\\xampp\\htdocs\\TrabajoCine\\public\\index.php')
CRITICAL - 2024-09-12 02:53:29 --> ErrorException: Undefined property: stdClass::$idmarca
[Method: GET, Route: empleados]
in APPPATH\Views\empleados\show.php on line 46.
 1 APPPATH\Views\empleados\show.php(46): CodeIgniter\Debug\Exceptions->errorHandler(2, 'Undefined property: stdClass::$idmarca', 'C:\\xampp\\htdocs\\TrabajoCine\\app\\Views\\empleados\\show.php', 46)
 2 SYSTEMPATH\View\View.php(234): include('C:\\xampp\\htdocs\\TrabajoCine\\app\\Views\\empleados\\show.php')
 3 SYSTEMPATH\View\View.php(237): CodeIgniter\View\View->CodeIgniter\View\{closure}()
 4 SYSTEMPATH\Common.php(1171): CodeIgniter\View\View->render('empleados/show', [], true)
 5 APPPATH\Controllers\Empleados.php(20): view('empleados/show', [...])
 6 SYSTEMPATH\CodeIgniter.php(933): App\Controllers\Empleados->index()
 7 SYSTEMPATH\CodeIgniter.php(509): CodeIgniter\CodeIgniter->runController(Object(App\Controllers\Empleados))
 8 SYSTEMPATH\CodeIgniter.php(355): CodeIgniter\CodeIgniter->handleRequest(null, Object(Config\Cache), false)
 9 SYSTEMPATH\Boot.php(325): CodeIgniter\CodeIgniter->run()
10 SYSTEMPATH\Boot.php(67): CodeIgniter\Boot::runCodeIgniter(Object(CodeIgniter\CodeIgniter))
11 FCPATH\index.php(56): CodeIgniter\Boot::bootWeb(Object(Config\Paths))
12 SYSTEMPATH\rewrite.php(44): require_once('C:\\xampp\\htdocs\\TrabajoCine\\public\\index.php')
CRITICAL - 2024-09-12 02:53:30 --> ErrorException: Undefined property: stdClass::$idmarca
[Method: GET, Route: empleados]
in APPPATH\Views\empleados\show.php on line 46.
 1 APPPATH\Views\empleados\show.php(46): CodeIgniter\Debug\Exceptions->errorHandler(2, 'Undefined property: stdClass::$idmarca', 'C:\\xampp\\htdocs\\TrabajoCine\\app\\Views\\empleados\\show.php', 46)
 2 SYSTEMPATH\View\View.php(234): include('C:\\xampp\\htdocs\\TrabajoCine\\app\\Views\\empleados\\show.php')
 3 SYSTEMPATH\View\View.php(237): CodeIgniter\View\View->CodeIgniter\View\{closure}()
 4 SYSTEMPATH\Common.php(1171): CodeIgniter\View\View->render('empleados/show', [], true)
 5 APPPATH\Controllers\Empleados.php(20): view('empleados/show', [...])
 6 SYSTEMPATH\CodeIgniter.php(933): App\Controllers\Empleados->index()
 7 SYSTEMPATH\CodeIgniter.php(509): CodeIgniter\CodeIgniter->runController(Object(App\Controllers\Empleados))
 8 SYSTEMPATH\CodeIgniter.php(355): CodeIgniter\CodeIgniter->handleRequest(null, Object(Config\Cache), false)
 9 SYSTEMPATH\Boot.php(325): CodeIgniter\CodeIgniter->run()
10 SYSTEMPATH\Boot.php(67): CodeIgniter\Boot::runCodeIgniter(Object(CodeIgniter\CodeIgniter))
11 FCPATH\index.php(56): CodeIgniter\Boot::bootWeb(Object(Config\Paths))
12 SYSTEMPATH\rewrite.php(44): require_once('C:\\xampp\\htdocs\\TrabajoCine\\public\\index.php')
INFO - 2024-09-12 02:54:17 --> Session: Class initialized using 'CodeIgniter\Session\Handlers\FileHandler' driver.
CRITICAL - 2024-09-12 03:09:37 --> ErrorException: Undefined property: stdClass::$idmarca
[Method: GET, Route: empleados]
in APPPATH\Views\empleados\show.php on line 47.
 1 APPPATH\Views\empleados\show.php(47): CodeIgniter\Debug\Exceptions->errorHandler(2, 'Undefined property: stdClass::$idmarca', 'C:\\xampp\\htdocs\\TrabajoCine\\app\\Views\\empleados\\show.php', 47)
 2 SYSTEMPATH\View\View.php(234): include('C:\\xampp\\htdocs\\TrabajoCine\\app\\Views\\empleados\\show.php')
 3 SYSTEMPATH\View\View.php(237): CodeIgniter\View\View->CodeIgniter\View\{closure}()
 4 SYSTEMPATH\Common.php(1171): CodeIgniter\View\View->render('empleados/show', [], true)
 5 APPPATH\Controllers\Empleados.php(20): view('empleados/show', [...])
 6 SYSTEMPATH\CodeIgniter.php(933): App\Controllers\Empleados->index()
 7 SYSTEMPATH\CodeIgniter.php(509): CodeIgniter\CodeIgniter->runController(Object(App\Controllers\Empleados))
 8 SYSTEMPATH\CodeIgniter.php(355): CodeIgniter\CodeIgniter->handleRequest(null, Object(Config\Cache), false)
 9 SYSTEMPATH\Boot.php(325): CodeIgniter\CodeIgniter->run()
10 SYSTEMPATH\Boot.php(67): CodeIgniter\Boot::runCodeIgniter(Object(CodeIgniter\CodeIgniter))
11 FCPATH\index.php(56): CodeIgniter\Boot::bootWeb(Object(Config\Paths))
12 SYSTEMPATH\rewrite.php(44): require_once('C:\\xampp\\htdocs\\TrabajoCine\\public\\index.php')
INFO - 2024-09-12 03:10:10 --> Session: Class initialized using 'CodeIgniter\Session\Handlers\FileHandler' driver.
INFO - 2024-09-12 03:13:37 --> Session: Class initialized using 'CodeIgniter\Session\Handlers\FileHandler' driver.
CRITICAL - 2024-09-12 03:28:26 --> ErrorException: Undefined variable $marcas
[Method: GET, Route: clientes]
in APPPATH\Views\clientes\show.php on line 17.
 1 APPPATH\Views\clientes\show.php(17): CodeIgniter\Debug\Exceptions->errorHandler(2, 'Undefined variable $marcas', 'C:\\xampp\\htdocs\\TrabajoCine\\app\\Views\\clientes\\show.php', 17)
 2 SYSTEMPATH\View\View.php(234): include('C:\\xampp\\htdocs\\TrabajoCine\\app\\Views\\clientes\\show.php')
 3 SYSTEMPATH\View\View.php(237): CodeIgniter\View\View->CodeIgniter\View\{closure}()
 4 SYSTEMPATH\Common.php(1171): CodeIgniter\View\View->render('clientes/show', [], true)
 5 APPPATH\Controllers\Clientes.php(18): view('clientes/show', [...])
 6 SYSTEMPATH\CodeIgniter.php(933): App\Controllers\Clientes->index()
 7 SYSTEMPATH\CodeIgniter.php(509): CodeIgniter\CodeIgniter->runController(Object(App\Controllers\Clientes))
 8 SYSTEMPATH\CodeIgniter.php(355): CodeIgniter\CodeIgniter->handleRequest(null, Object(Config\Cache), false)
 9 SYSTEMPATH\Boot.php(325): CodeIgniter\CodeIgniter->run()
10 SYSTEMPATH\Boot.php(67): CodeIgniter\Boot::runCodeIgniter(Object(CodeIgniter\CodeIgniter))
11 FCPATH\index.php(56): CodeIgniter\Boot::bootWeb(Object(Config\Paths))
12 SYSTEMPATH\rewrite.php(44): require_once('C:\\xampp\\htdocs\\TrabajoCine\\public\\index.php')
CRITICAL - 2024-09-12 03:34:27 --> ErrorException: Undefined variable $clientesD
[Method: GET, Route: clientes]
in APPPATH\Views\clientes\show.php on line 21.
 1 APPPATH\Views\clientes\show.php(21): CodeIgniter\Debug\Exceptions->errorHandler(2, 'Undefined variable $clientesD', 'C:\\xampp\\htdocs\\TrabajoCine\\app\\Views\\clientes\\show.php', 21)
 2 SYSTEMPATH\View\View.php(234): include('C:\\xampp\\htdocs\\TrabajoCine\\app\\Views\\clientes\\show.php')
 3 SYSTEMPATH\View\View.php(237): CodeIgniter\View\View->CodeIgniter\View\{closure}()
 4 SYSTEMPATH\Common.php(1171): CodeIgniter\View\View->render('clientes/show', [], true)
 5 APPPATH\Controllers\Clientes.php(18): view('clientes/show', [...])
 6 SYSTEMPATH\CodeIgniter.php(933): App\Controllers\Clientes->index()
 7 SYSTEMPATH\CodeIgniter.php(509): CodeIgniter\CodeIgniter->runController(Object(App\Controllers\Clientes))
 8 SYSTEMPATH\CodeIgniter.php(355): CodeIgniter\CodeIgniter->handleRequest(null, Object(Config\Cache), false)
 9 SYSTEMPATH\Boot.php(325): CodeIgniter\CodeIgniter->run()
10 SYSTEMPATH\Boot.php(67): CodeIgniter\Boot::runCodeIgniter(Object(CodeIgniter\CodeIgniter))
11 FCPATH\index.php(56): CodeIgniter\Boot::bootWeb(Object(Config\Paths))
12 SYSTEMPATH\rewrite.php(44): require_once('C:\\xampp\\htdocs\\TrabajoCine\\public\\index.php')
INFO - 2024-09-12 03:38:15 --> Session: Class initialized using 'CodeIgniter\Session\Handlers\FileHandler' driver.
INFO - 2024-09-12 03:38:42 --> Session: Class initialized using 'CodeIgniter\Session\Handlers\FileHandler' driver.
INFO - 2024-09-12 03:42:00 --> Session: Class initialized using 'CodeIgniter\Session\Handlers\FileHandler' driver.
INFO - 2024-09-12 03:42:03 --> Session: Class initialized using 'CodeIgniter\Session\Handlers\FileHandler' driver.
INFO - 2024-09-12 03:42:53 --> Session: Class initialized using 'CodeIgniter\Session\Handlers\FileHandler' driver.
INFO - 2024-09-12 03:52:59 --> Session: Class initialized using 'CodeIgniter\Session\Handlers\FileHandler' driver.
INFO - 2024-09-12 03:54:18 --> Session: Class initialized using 'CodeIgniter\Session\Handlers\FileHandler' driver.
CRITICAL - 2024-09-12 04:02:41 --> ErrorException: A non-numeric value encountered
[Method: GET, Route: clientes]
in APPPATH\Views\clientes\show.php on line 27.
 1 APPPATH\Views\clientes\show.php(27): CodeIgniter\Debug\Exceptions->errorHandler(2, 'A non-numeric value encountered', 'C:\\xampp\\htdocs\\TrabajoCine\\app\\Views\\clientes\\show.php', 27)
 2 SYSTEMPATH\View\View.php(234): include('C:\\xampp\\htdocs\\TrabajoCine\\app\\Views\\clientes\\show.php')
 3 SYSTEMPATH\View\View.php(237): CodeIgniter\View\View->CodeIgniter\View\{closure}()
 4 SYSTEMPATH\Common.php(1171): CodeIgniter\View\View->render('clientes/show', [], true)
 5 APPPATH\Controllers\Clientes.php(18): view('clientes/show', [...])
 6 SYSTEMPATH\CodeIgniter.php(933): App\Controllers\Clientes->index()
 7 SYSTEMPATH\CodeIgniter.php(509): CodeIgniter\CodeIgniter->runController(Object(App\Controllers\Clientes))
 8 SYSTEMPATH\CodeIgniter.php(355): CodeIgniter\CodeIgniter->handleRequest(null, Object(Config\Cache), false)
 9 SYSTEMPATH\Boot.php(325): CodeIgniter\CodeIgniter->run()
10 SYSTEMPATH\Boot.php(67): CodeIgniter\Boot::runCodeIgniter(Object(CodeIgniter\CodeIgniter))
11 FCPATH\index.php(56): CodeIgniter\Boot::bootWeb(Object(Config\Paths))
12 SYSTEMPATH\rewrite.php(44): require_once('C:\\xampp\\htdocs\\TrabajoCine\\public\\index.php')
INFO - 2024-09-12 04:40:43 --> Session: Class initialized using 'CodeIgniter\Session\Handlers\FileHandler' driver.
INFO - 2024-09-12 04:44:50 --> Session: Class initialized using 'CodeIgniter\Session\Handlers\FileHandler' driver.
INFO - 2024-09-12 05:16:18 --> Session: Class initialized using 'CodeIgniter\Session\Handlers\FileHandler' driver.
INFO - 2024-09-12 05:33:27 --> Session: Class initialized using 'CodeIgniter\Session\Handlers\FileHandler' driver.
INFO - 2024-09-12 05:33:32 --> Session: Class initialized using 'CodeIgniter\Session\Handlers\FileHandler' driver.
INFO - 2024-09-12 05:38:37 --> Session: Class initialized using 'CodeIgniter\Session\Handlers\FileHandler' driver.
INFO - 2024-09-12 05:38:50 --> Session: Class initialized using 'CodeIgniter\Session\Handlers\FileHandler' driver.
INFO - 2024-09-12 05:38:53 --> Session: Class initialized using 'CodeIgniter\Session\Handlers\FileHandler' driver.
INFO - 2024-09-12 05:39:39 --> Session: Class initialized using 'CodeIgniter\Session\Handlers\FileHandler' driver.
INFO - 2024-09-12 05:39:55 --> Session: Class initialized using 'CodeIgniter\Session\Handlers\FileHandler' driver.
INFO - 2024-09-12 19:56:33 --> Session: Class initialized using 'CodeIgniter\Session\Handlers\FileHandler' driver.
CRITICAL - 2024-09-12 19:57:57 --> ErrorException: Undefined variable $empleadoM
[Method: GET, Route: salas/edit/1]
in APPPATH\Controllers\Salas.php on line 81.
 1 APPPATH\Controllers\Salas.php(81): CodeIgniter\Debug\Exceptions->errorHandler(2, 'Undefined variable $empleadoM', 'C:\\xampp\\htdocs\\TrabajoCine\\app\\Controllers\\Salas.php', 81)
 2 SYSTEMPATH\CodeIgniter.php(933): App\Controllers\Salas->edit('1')
 3 SYSTEMPATH\CodeIgniter.php(509): CodeIgniter\CodeIgniter->runController(Object(App\Controllers\Salas))
 4 SYSTEMPATH\CodeIgniter.php(355): CodeIgniter\CodeIgniter->handleRequest(null, Object(Config\Cache), false)
 5 SYSTEMPATH\Boot.php(325): CodeIgniter\CodeIgniter->run()
 6 SYSTEMPATH\Boot.php(67): CodeIgniter\Boot::runCodeIgniter(Object(CodeIgniter\CodeIgniter))
 7 FCPATH\index.php(56): CodeIgniter\Boot::bootWeb(Object(Config\Paths))
 8 SYSTEMPATH\rewrite.php(44): require_once('C:\\xampp\\htdocs\\TrabajoCine\\public\\index.php')
CRITICAL - 2024-09-12 19:58:33 --> ErrorException: Undefined array key "idSala"
[Method: POST, Route: salas/update]
in APPPATH\Controllers\Salas.php on line 91.
 1 APPPATH\Controllers\Salas.php(91): CodeIgniter\Debug\Exceptions->errorHandler(2, 'Undefined array key "idSala"', 'C:\\xampp\\htdocs\\TrabajoCine\\app\\Controllers\\Salas.php', 91)
 2 SYSTEMPATH\CodeIgniter.php(933): App\Controllers\Salas->update()
 3 SYSTEMPATH\CodeIgniter.php(509): CodeIgniter\CodeIgniter->runController(Object(App\Controllers\Salas))
 4 SYSTEMPATH\CodeIgniter.php(355): CodeIgniter\CodeIgniter->handleRequest(null, Object(Config\Cache), false)
 5 SYSTEMPATH\Boot.php(325): CodeIgniter\CodeIgniter->run()
 6 SYSTEMPATH\Boot.php(67): CodeIgniter\Boot::runCodeIgniter(Object(CodeIgniter\CodeIgniter))
 7 FCPATH\index.php(56): CodeIgniter\Boot::bootWeb(Object(Config\Paths))
 8 SYSTEMPATH\rewrite.php(44): require_once('C:\\xampp\\htdocs\\TrabajoCine\\public\\index.php')
CRITICAL - 2024-09-12 20:00:59 --> ErrorException: Undefined array key "idSala"
[Method: POST, Route: salas/update]
in APPPATH\Controllers\Salas.php on line 91.
 1 APPPATH\Controllers\Salas.php(91): CodeIgniter\Debug\Exceptions->errorHandler(2, 'Undefined array key "idSala"', 'C:\\xampp\\htdocs\\TrabajoCine\\app\\Controllers\\Salas.php', 91)
 2 SYSTEMPATH\CodeIgniter.php(933): App\Controllers\Salas->update()
 3 SYSTEMPATH\CodeIgniter.php(509): CodeIgniter\CodeIgniter->runController(Object(App\Controllers\Salas))
 4 SYSTEMPATH\CodeIgniter.php(355): CodeIgniter\CodeIgniter->handleRequest(null, Object(Config\Cache), false)
 5 SYSTEMPATH\Boot.php(325): CodeIgniter\CodeIgniter->run()
 6 SYSTEMPATH\Boot.php(67): CodeIgniter\Boot::runCodeIgniter(Object(CodeIgniter\CodeIgniter))
 7 FCPATH\index.php(56): CodeIgniter\Boot::bootWeb(Object(Config\Paths))
 8 SYSTEMPATH\rewrite.php(44): require_once('C:\\xampp\\htdocs\\TrabajoCine\\public\\index.php')
INFO - 2024-09-12 20:04:35 --> Session: Class initialized using 'CodeIgniter\Session\Handlers\FileHandler' driver.
CRITICAL - 2024-09-12 20:04:46 --> ErrorException: Undefined array key "idSala"
[Method: POST, Route: salas/update]
in APPPATH\Controllers\Salas.php on line 91.
 1 APPPATH\Controllers\Salas.php(91): CodeIgniter\Debug\Exceptions->errorHandler(2, 'Undefined array key "idSala"', 'C:\\xampp\\htdocs\\TrabajoCine\\app\\Controllers\\Salas.php', 91)
 2 SYSTEMPATH\CodeIgniter.php(933): App\Controllers\Salas->update()
 3 SYSTEMPATH\CodeIgniter.php(509): CodeIgniter\CodeIgniter->runController(Object(App\Controllers\Salas))
 4 SYSTEMPATH\CodeIgniter.php(355): CodeIgniter\CodeIgniter->handleRequest(null, Object(Config\Cache), false)
 5 SYSTEMPATH\Boot.php(325): CodeIgniter\CodeIgniter->run()
 6 SYSTEMPATH\Boot.php(67): CodeIgniter\Boot::runCodeIgniter(Object(CodeIgniter\CodeIgniter))
 7 FCPATH\index.php(56): CodeIgniter\Boot::bootWeb(Object(Config\Paths))
 8 SYSTEMPATH\rewrite.php(44): require_once('C:\\xampp\\htdocs\\TrabajoCine\\public\\index.php')
CRITICAL - 2024-09-12 20:07:47 --> ErrorException: Undefined array key "idSala"
[Method: POST, Route: salas/update]
in APPPATH\Controllers\Salas.php on line 91.
 1 APPPATH\Controllers\Salas.php(91): CodeIgniter\Debug\Exceptions->errorHandler(2, 'Undefined array key "idSala"', 'C:\\xampp\\htdocs\\TrabajoCine\\app\\Controllers\\Salas.php', 91)
 2 SYSTEMPATH\CodeIgniter.php(933): App\Controllers\Salas->update()
 3 SYSTEMPATH\CodeIgniter.php(509): CodeIgniter\CodeIgniter->runController(Object(App\Controllers\Salas))
 4 SYSTEMPATH\CodeIgniter.php(355): CodeIgniter\CodeIgniter->handleRequest(null, Object(Config\Cache), false)
 5 SYSTEMPATH\Boot.php(325): CodeIgniter\CodeIgniter->run()
 6 SYSTEMPATH\Boot.php(67): CodeIgniter\Boot::runCodeIgniter(Object(CodeIgniter\CodeIgniter))
 7 FCPATH\index.php(56): CodeIgniter\Boot::bootWeb(Object(Config\Paths))
 8 SYSTEMPATH\rewrite.php(44): require_once('C:\\xampp\\htdocs\\TrabajoCine\\public\\index.php')
INFO - 2024-09-12 20:11:35 --> Session: Class initialized using 'CodeIgniter\Session\Handlers\FileHandler' driver.
INFO - 2024-09-12 20:13:49 --> Session: Class initialized using 'CodeIgniter\Session\Handlers\FileHandler' driver.
INFO - 2024-09-12 20:17:50 --> Session: Class initialized using 'CodeIgniter\Session\Handlers\FileHandler' driver.
INFO - 2024-09-12 20:18:59 --> Session: Class initialized using 'CodeIgniter\Session\Handlers\FileHandler' driver.
INFO - 2024-09-12 20:34:10 --> Session: Class initialized using 'CodeIgniter\Session\Handlers\FileHandler' driver.
INFO - 2024-09-12 20:35:30 --> Session: Class initialized using 'CodeIgniter\Session\Handlers\FileHandler' driver.
INFO - 2024-09-12 20:39:01 --> Session: Class initialized using 'CodeIgniter\Session\Handlers\FileHandler' driver.
INFO - 2024-09-12 20:41:50 --> Session: Class initialized using 'CodeIgniter\Session\Handlers\FileHandler' driver.
